#
# There is insufficient memory for the Java Runtime Environment to continue.
# Native memory allocation (mmap) failed to map 1048576 bytes. Error detail: G1 virtual space
# Possible reasons:
#   The system is out of physical RAM or swap space
#   This process is running with CompressedOops enabled, and the Java Heap may be blocking the growth of the native heap
# Possible solutions:
#   Reduce memory load on the system
#   Increase physical memory or swap space
#   Check if swap backing store is full
#   Decrease Java heap size (-Xmx/-Xms)
#   Decrease number of Java threads
#   Decrease Java thread stack sizes (-Xss)
#   Set larger code cache with -XX:ReservedCodeCacheSize=
#   JVM is running with Unscaled Compressed Oops mode in which the Java heap is
#     placed in the first 4GB address space. The Java Heap base address is the
#     maximum limit for the native heap growth. Please use -XX:HeapBaseMinAddress
#     to set the Java Heap base and to place the Java Heap above 4GB virtual address.
# This output file may be truncated or incomplete.
#
#  Out of Memory Error (os_windows.cpp:3554), pid=13036, tid=7852
#
# JRE version: OpenJDK Runtime Environment Temurin-25.0.1+8 (25.0.1+8) (build 25.0.1+8-LTS)
# Java VM: OpenJDK 64-Bit Server VM Temurin-25.0.1+8 (25.0.1+8-LTS, mixed mode, sharing, tiered, compressed oops, compressed class ptrs, g1 gc, windows-amd64)
# No core dump will be written. Minidumps are not enabled by default on client versions of Windows
#

---------------  S U M M A R Y ------------

Command Line: --add-opens=java.base/java.lang=ALL-UNNAMED --add-opens=java.base/java.lang.invoke=ALL-UNNAMED --add-opens=java.base/java.util=ALL-UNNAMED --add-opens=java.prefs/java.util.prefs=ALL-UNNAMED --add-exports=jdk.compiler/com.sun.tools.javac.api=ALL-UNNAMED --add-exports=jdk.compiler/com.sun.tools.javac.util=ALL-UNNAMED --add-opens=java.base/java.util=ALL-UNNAMED --add-opens=java.prefs/java.util.prefs=ALL-UNNAMED --add-opens=java.base/java.nio.charset=ALL-UNNAMED --add-opens=java.base/java.net=ALL-UNNAMED --add-opens=java.base/java.util.concurrent=ALL-UNNAMED --add-opens=java.base/java.util.concurrent.atomic=ALL-UNNAMED --add-opens=java.xml/javax.xml.namespace=ALL-UNNAMED --add-opens=java.base/java.time=ALL-UNNAMED --enable-native-access=ALL-UNNAMED -Xmx2048m -Dfile.encoding=UTF-8 -Duser.country=FR -Duser.language=fr -Duser.variant -javaagent:C:\Users\ACER\.gradle\wrapper\dists\gradle-9.3.1-bin\23ovyewtku6u96viwx3xl3oks\gradle-9.3.1\lib\agents\gradle-instrumentation-agent-9.3.1.jar org.gradle.launcher.daemon.bootstrap.GradleDaemon 9.3.1

Host: Intel(R) Core(TM) i5-6200U CPU @ 2.30GHz, 4 cores, 7G,  Windows 11 , 64 bit Build 22621 (10.0.22621.3958)
Time: Thu Jun 18 17:16:31 2026 Săo Tomé (heure standard) elapsed time: 36.579129 seconds (0d 0h 0m 36s)

---------------  T H R E A D  ---------------

Current thread (0x000001c9194c3bf0):  WorkerThread "GC Thread#1"    [id=7852, stack(0x000000a75a000000,0x000000a75a100000) (1024K)]

Stack: [0x000000a75a000000,0x000000a75a100000]
Native frames: (J=compiled Java code, j=interpreted, Vv=VM code, C=native code)
V  [jvm.dll+0x7a8379]  (no source info available)
V  [jvm.dll+0x7729fd]  (no source info available)
V  [jvm.dll+0x9f57b3]  (no source info available)
V  [jvm.dll+0x9f7da1]  (no source info available)
V  [jvm.dll+0x9f84a3]  (no source info available)
V  [jvm.dll+0x2fcd26]  (no source info available)
V  [jvm.dll+0x7a45a5]  (no source info available)
V  [jvm.dll+0x797a07]  (no source info available)
V  [jvm.dll+0x3f4cb8]  (no source info available)
V  [jvm.dll+0x3fcbf6]  (no source info available)
V  [jvm.dll+0x3e9065]  (no source info available)
V  [jvm.dll+0x3e9734]  (no source info available)
V  [jvm.dll+0x3e97ff]  (no source info available)
V  [jvm.dll+0x3c21cc]  (no source info available)
V  [jvm.dll+0x3c1f1d]  (no source info available)
V  [jvm.dll+0x3af3f5]  (no source info available)
V  [jvm.dll+0x3af7d6]  (no source info available)
V  [jvm.dll+0x3b047b]  (no source info available)
V  [jvm.dll+0x3b0965]  (no source info available)
V  [jvm.dll+0x3b0355]  (no source info available)
V  [jvm.dll+0x3f6be2]  (no source info available)
V  [jvm.dll+0x3f6ff5]  (no source info available)
V  [jvm.dll+0x3f52c8]  (no source info available)
V  [jvm.dll+0x3f83b8]  (no source info available)
V  [jvm.dll+0x3f80a7]  (no source info available)
V  [jvm.dll+0x40cbf9]  (no source info available)
V  [jvm.dll+0x40d03a]  (no source info available)
V  [jvm.dll+0x40d127]  (no source info available)
V  [jvm.dll+0x40e227]  (no source info available)
V  [jvm.dll+0xa28ff1]  (no source info available)
V  [jvm.dll+0x99630d]  (no source info available)
V  [jvm.dll+0x7a6955]  (no source info available)
C  [ucrtbase.dll+0x29333]  (no source info available)
C  [KERNEL32.DLL+0x1257d]  (no source info available)
C  [ntdll.dll+0x5af08]  (no source info available)


---------------  P R O C E S S  ---------------

Threads class SMR info:
_java_thread_list=0x000001c936852690, length=36, elements={
0x000001c975bd47b0, 0x000001c914580010, 0x000001c914580e70, 0x000001c9145893b0,
0x000001c914583b50, 0x000001c914589f70, 0x000001c91458b000, 0x000001c9145906a0,
0x000001c914594ec0, 0x000001c914712f40, 0x000001c914810e10, 0x000001c91a905420,
0x000001c91ac4ecd0, 0x000001c919d28c90, 0x000001c9197822e0, 0x000001c919783a50,
0x000001c919784220, 0x000001c9197851c0, 0x000001c919786160, 0x000001c914590f00,
0x000001c919abeb30, 0x000001c919abe360, 0x000001c91aacad00, 0x000001c91aacd410,
0x000001c91aace3b0, 0x000001c91aacbca0, 0x000001c91aacb4d0, 0x000001c91aacc470,
0x000001c91aac7e20, 0x000001c919abd3c0, 0x000001c91af67ff0, 0x000001c91af6a700,
0x000001c91af69760, 0x000001c91ae1e7d0, 0x000001c91ae1d830, 0x000001c91ae23dc0
}

Java Threads: ( => current thread )
  0x000001c975bd47b0 JavaThread "main"                              [_thread_blocked, id=9496, stack(0x000000a758d00000,0x000000a758e00000) (1024K)]
  0x000001c914580010 JavaThread "Reference Handler"          daemon [_thread_blocked, id=9776, stack(0x000000a759500000,0x000000a759600000) (1024K)]
  0x000001c914580e70 JavaThread "Finalizer"                  daemon [_thread_blocked, id=5852, stack(0x000000a759600000,0x000000a759700000) (1024K)]
  0x000001c9145893b0 JavaThread "Signal Dispatcher"          daemon [_thread_blocked, id=7400, stack(0x000000a759700000,0x000000a759800000) (1024K)]
  0x000001c914583b50 JavaThread "Attach Listener"            daemon [_thread_blocked, id=3684, stack(0x000000a759800000,0x000000a759900000) (1024K)]
  0x000001c914589f70 JavaThread "Service Thread"             daemon [_thread_blocked, id=2904, stack(0x000000a759900000,0x000000a759a00000) (1024K)]
  0x000001c91458b000 JavaThread "Monitor Deflation Thread"   daemon [_thread_blocked, id=740, stack(0x000000a759a00000,0x000000a759b00000) (1024K)]
  0x000001c9145906a0 JavaThread "C2 CompilerThread0"         daemon [_thread_blocked, id=11380, stack(0x000000a759b00000,0x000000a759c00000) (1024K)]
  0x000001c914594ec0 JavaThread "C1 CompilerThread0"         daemon [_thread_blocked, id=10836, stack(0x000000a759c00000,0x000000a759d00000) (1024K)]
  0x000001c914712f40 JavaThread "Common-Cleaner"             daemon [_thread_blocked, id=10472, stack(0x000000a759d00000,0x000000a759e00000) (1024K)]
  0x000001c914810e10 JavaThread "Notification Thread"        daemon [_thread_blocked, id=6332, stack(0x000000a759e00000,0x000000a759f00000) (1024K)]
  0x000001c91a905420 JavaThread "Daemon health stats"               [_thread_blocked, id=2868, stack(0x000000a759f00000,0x000000a75a000000) (1024K)]
  0x000001c91ac4ecd0 JavaThread "Incoming local TCP Connector on port 52093"        [_thread_in_native, id=12652, stack(0x000000a75a500000,0x000000a75a600000) (1024K)]
  0x000001c919d28c90 JavaThread "Daemon periodic checks"            [_thread_blocked, id=12504, stack(0x000000a75a400000,0x000000a75a500000) (1024K)]
  0x000001c9197822e0 JavaThread "Daemon"                            [_thread_blocked, id=4236, stack(0x000000a75a600000,0x000000a75a700000) (1024K)]
  0x000001c919783a50 JavaThread "Handler for socket connection from /127.0.0.1:52093 to /127.0.0.1:52094"        [_thread_in_native, id=12984, stack(0x000000a75a700000,0x000000a75a800000) (1024K)]
  0x000001c919784220 JavaThread "Cancel handler"                    [_thread_blocked, id=4576, stack(0x000000a75a800000,0x000000a75a900000) (1024K)]
  0x000001c9197851c0 JavaThread "Daemon worker"                     [_thread_blocked, id=14516, stack(0x000000a75a900000,0x000000a75aa00000) (1024K)]
  0x000001c919786160 JavaThread "Asynchronous log dispatcher for DefaultDaemonConnection: socket connection from /127.0.0.1:52093 to /127.0.0.1:52094"        [_thread_blocked, id=15188, stack(0x000000a75aa00000,0x000000a75ab00000) (1024K)]
  0x000001c914590f00 JavaThread "Stdin handler"                     [_thread_blocked, id=10352, stack(0x000000a75ab00000,0x000000a75ac00000) (1024K)]
  0x000001c919abeb30 JavaThread "Daemon client event forwarder"        [_thread_blocked, id=2684, stack(0x000000a75ac00000,0x000000a75ad00000) (1024K)]
  0x000001c919abe360 JavaThread "Cache worker for journal cache (C:\Users\ACER\.gradle\caches\journal-1)"        [_thread_blocked, id=9148, stack(0x000000a75af00000,0x000000a75b000000) (1024K)]
  0x000001c91aacad00 JavaThread "File lock request listener"        [_thread_in_native, id=2088, stack(0x000000a75b000000,0x000000a75b100000) (1024K)]
  0x000001c91aacd410 JavaThread "Cache worker for file hash cache (C:\Users\ACER\.gradle\caches\9.3.1\fileHashes)"        [_thread_blocked, id=13532, stack(0x000000a75b100000,0x000000a75b200000) (1024K)]
  0x000001c91aace3b0 JavaThread "Cache worker for file hash cache (C:\Users\ACER\GestionnaireNotes\.gradle\9.3.1\fileHashes)"        [_thread_blocked, id=2424, stack(0x000000a75ae00000,0x000000a75af00000) (1024K)]
  0x000001c91aacbca0 JavaThread "Cache worker for Build Output Cleanup Cache (C:\Users\ACER\GestionnaireNotes\.gradle\buildOutputCleanup)"        [_thread_blocked, id=1404, stack(0x000000a75b200000,0x000000a75b300000) (1024K)]
  0x000001c91aacb4d0 JavaThread "File watcher server"        daemon [_thread_in_native, id=4208, stack(0x000000a75b300000,0x000000a75b400000) (1024K)]
  0x000001c91aacc470 JavaThread "File watcher consumer"      daemon [_thread_blocked, id=8520, stack(0x000000a75b400000,0x000000a75b500000) (1024K)]
  0x000001c91aac7e20 JavaThread "jar transforms"                    [_thread_blocked, id=1432, stack(0x000000a75b500000,0x000000a75b600000) (1024K)]
  0x000001c919abd3c0 JavaThread "jar transforms Thread 2"           [_thread_blocked, id=13520, stack(0x000000a75b600000,0x000000a75b700000) (1024K)]
  0x000001c91af67ff0 JavaThread "jar transforms Thread 3"           [_thread_blocked, id=5624, stack(0x000000a75b700000,0x000000a75b800000) (1024K)]
  0x000001c91af6a700 JavaThread "Cache worker for checksums cache (C:\Users\ACER\GestionnaireNotes\.gradle\9.3.1\checksums)"        [_thread_blocked, id=13848, stack(0x000000a75b800000,0x000000a75b900000) (1024K)]
  0x000001c91af69760 JavaThread "Cache worker for file content cache (C:\Users\ACER\.gradle\caches\9.3.1\fileContent)"        [_thread_blocked, id=6680, stack(0x000000a75b900000,0x000000a75ba00000) (1024K)]
  0x000001c91ae1e7d0 JavaThread "Cache worker for cache directory md-supplier (C:\Users\ACER\.gradle\caches\9.3.1\md-supplier)"        [_thread_blocked, id=15832, stack(0x000000a75ba00000,0x000000a75bb00000) (1024K)]
  0x000001c91ae1d830 JavaThread "Cache worker for cache directory md-rule (C:\Users\ACER\.gradle\caches\9.3.1\md-rule)"        [_thread_blocked, id=1836, stack(0x000000a75bb00000,0x000000a75bc00000) (1024K)]
  0x000001c91ae23dc0 JavaThread "jar transforms Thread 4"           [_thread_blocked, id=10348, stack(0x000000a75bd00000,0x000000a75be00000) (1024K)]
Total: 36

Other Threads:
  0x000001c914558ba0 VMThread "VM Thread"                           [id=12944, stack(0x000000a759400000,0x000000a759500000) (1024K)]
  0x000001c975c8e920 WatcherThread "VM Periodic Task Thread"        [id=2416, stack(0x000000a759300000,0x000000a759400000) (1024K)]
  0x000001c975c2c0d0 WorkerThread "GC Thread#0"                     [id=11000, stack(0x000000a758e00000,0x000000a758f00000) (1024K)]
=>0x000001c9194c3bf0 WorkerThread "GC Thread#1"                     [id=7852, stack(0x000000a75a000000,0x000000a75a100000) (1024K)]
  0x000001c9194c4020 WorkerThread "GC Thread#2"                     [id=15488, stack(0x000000a75a100000,0x000000a75a200000) (1024K)]
  0x000001c9190534d0 WorkerThread "GC Thread#3"                     [id=12824, stack(0x000000a75ad00000,0x000000a75ae00000) (1024K)]
  0x000001c975c482e0 ConcurrentGCThread "G1 Main Marker"            [id=2284, stack(0x000000a758f00000,0x000000a759000000) (1024K)]
  0x000001c975c48e80 WorkerThread "G1 Conc#0"                       [id=9544, stack(0x000000a759000000,0x000000a759100000) (1024K)]
  0x000001c975c7bc80 ConcurrentGCThread "G1 Refine#0"               [id=11584, stack(0x000000a759100000,0x000000a759200000) (1024K)]
  0x000001c975c7c890 ConcurrentGCThread "G1 Service"                [id=4032, stack(0x000000a759200000,0x000000a759300000) (1024K)]
Total: 10

Threads with active compile tasks:
C2 CompilerThread0  36828 9546   !   4       org.jetbrains.kotlin.metadata.ProtoBuf$Function::<init> (1811 bytes)
Total: 1

VM state: at safepoint (normal execution)

VM Mutex/Monitor currently owned by a thread:  ([mutex/lock_event])
[0x00007ffc5dfa3c68] FreeList_lock - owner thread: 0x000001c9194c3bf0
[0x00007ffc5dfa6368] Threads_lock - owner thread: 0x000001c914558ba0
[0x00007ffc5dfa64e8] Heap_lock - owner thread: 0x000001c9197851c0

Heap address: 0x0000000080000000, size: 2048 MB, Compressed Oops mode: 32-bit

CDS archive(s) mapped at: [0x0000000035000000-0x0000000035dd0000-0x0000000035dd0000), size 14483456, SharedBaseAddress: 0x0000000035000000, ArchiveRelocationMode: 1.
Compressed class space mapped at: 0x0000000036000000-0x0000000076000000, reserved size: 1073741824
UseCompressedClassPointers 1, UseCompactObjectHeaders 0
Narrow klass pointer bits 32, Max shift 3
Narrow klass base: 0x0000000035000000, Narrow klass shift: 0
Encoding Range: [0x0000000035000000 - 0x0000000135000000), (4294967296 bytes)
Klass Range:    [0x0000000035010000 - 0x0000000076000000), (1090453504 bytes)
Klass ID Range:  [65536 - 1090519033) (1090453497)
Protection zone: [0x0000000035000000 - 0x0000000035010000), (65536 bytes)

GC Precious Log:
 CardTable entry size: 512
 Card Set container configuration: InlinePtr #cards 5 size 8 Array Of Cards #cards 10 size 36 Howl #buckets 4 coarsen threshold 1843 Howl Bitmap #cards 512 size 80 coarsen threshold 460 Card regions per heap region 1 cards per card region 2048
 CPUs: 4 total, 4 available
 Memory: 8097M
 Large Page Support: Disabled
 NUMA Support: Disabled
 Compressed Oops: Enabled (32-bit)
 Heap Region Size: 1M
 Heap Min Capacity: 8M
 Heap Initial Capacity: 128M
 Heap Max Capacity: 2G
 Pre-touch: Disabled
 Parallel Workers: 4
 Concurrent Workers: 1
 Concurrent Refinement Workers: 4
 Periodic GC: Disabled

Heap:
 garbage-first heap   total reserved 2097152K, committed 186368K, used 165352K [0x0000000080000000, 0x0000000100000000)
  region size 1024K, 88 young (90112K), 9 survivors (9216K)

Heap Regions: E=young(eden), S=young(survivor), O=old, HS=humongous(starts), HC=humongous(continues), CS=collection set, F=free, TAMS=top-at-mark-start, PB=parsable bottom
|   0|0x0000000080000000, 0x0000000080100000, 0x0000000080100000|100%| O|  |TAMS 0x0000000080000000| PB 0x0000000080000000| Untracked |  0
|   1|0x0000000080100000, 0x0000000080200000, 0x0000000080200000|100%|HS|  |TAMS 0x0000000080100000| PB 0x0000000080100000| Complete |  0
|   2|0x0000000080200000, 0x0000000080300000, 0x0000000080300000|100%|HC|  |TAMS 0x0000000080200000| PB 0x0000000080200000| Complete |  0
|   3|0x0000000080300000, 0x0000000080400000, 0x0000000080400000|100%|HC|  |TAMS 0x0000000080300000| PB 0x0000000080300000| Complete |  0
|   4|0x0000000080400000, 0x0000000080500000, 0x0000000080500000|100%|HC|  |TAMS 0x0000000080400000| PB 0x0000000080400000| Complete |  0
|   5|0x0000000080500000, 0x0000000080600000, 0x0000000080600000|100%|HS|  |TAMS 0x0000000080500000| PB 0x0000000080500000| Complete |  0
|   6|0x0000000080600000, 0x0000000080700000, 0x0000000080700000|100%| O|  |TAMS 0x0000000080600000| PB 0x0000000080600000| Untracked |  0
|   7|0x0000000080700000, 0x0000000080800000, 0x0000000080800000|100%| O|  |TAMS 0x0000000080700000| PB 0x0000000080700000| Untracked |  0
|   8|0x0000000080800000, 0x0000000080900000, 0x0000000080900000|100%| O|  |TAMS 0x0000000080800000| PB 0x0000000080800000| Untracked |  0
|   9|0x0000000080900000, 0x0000000080a00000, 0x0000000080a00000|100%| O|  |TAMS 0x0000000080900000| PB 0x0000000080900000| Untracked |  0
|  10|0x0000000080a00000, 0x0000000080b00000, 0x0000000080b00000|100%| O|  |TAMS 0x0000000080a00000| PB 0x0000000080a00000| Untracked |  0
|  11|0x0000000080b00000, 0x0000000080c00000, 0x0000000080c00000|100%| O|  |TAMS 0x0000000080b00000| PB 0x0000000080b00000| Untracked |  0
|  12|0x0000000080c00000, 0x0000000080d00000, 0x0000000080d00000|100%| O|  |TAMS 0x0000000080c00000| PB 0x0000000080c00000| Untracked |  0
|  13|0x0000000080d00000, 0x0000000080e00000, 0x0000000080e00000|100%| O|  |TAMS 0x0000000080d00000| PB 0x0000000080d00000| Untracked |  0
|  14|0x0000000080e00000, 0x0000000080f00000, 0x0000000080f00000|100%| O|  |TAMS 0x0000000080e00000| PB 0x0000000080e00000| Untracked |  0
|  15|0x0000000080f00000, 0x0000000081000000, 0x0000000081000000|100%| O|  |TAMS 0x0000000080f00000| PB 0x0000000080f00000| Untracked |  0
|  16|0x0000000081000000, 0x0000000081100000, 0x0000000081100000|100%| O|  |TAMS 0x0000000081000000| PB 0x0000000081000000| Untracked |  0
|  17|0x0000000081100000, 0x0000000081200000, 0x0000000081200000|100%| O|  |TAMS 0x0000000081100000| PB 0x0000000081100000| Untracked |  0
|  18|0x0000000081200000, 0x0000000081300000, 0x0000000081300000|100%| O|  |TAMS 0x0000000081200000| PB 0x0000000081200000| Untracked |  0
|  19|0x0000000081300000, 0x0000000081400000, 0x0000000081400000|100%| O|  |TAMS 0x0000000081300000| PB 0x0000000081300000| Untracked |  0
|  20|0x0000000081400000, 0x0000000081500000, 0x0000000081500000|100%| O|  |TAMS 0x0000000081400000| PB 0x0000000081400000| Untracked |  0
|  21|0x0000000081500000, 0x0000000081600000, 0x0000000081600000|100%| O|  |TAMS 0x0000000081500000| PB 0x0000000081500000| Untracked |  0
|  22|0x0000000081600000, 0x0000000081700000, 0x0000000081700000|100%| O|  |TAMS 0x0000000081600000| PB 0x0000000081600000| Untracked |  0
|  23|0x0000000081700000, 0x0000000081800000, 0x0000000081800000|100%| O|  |TAMS 0x0000000081700000| PB 0x0000000081700000| Untracked |  0
|  24|0x0000000081800000, 0x0000000081900000, 0x0000000081900000|100%| O|  |TAMS 0x0000000081800000| PB 0x0000000081800000| Untracked |  0
|  25|0x0000000081900000, 0x0000000081a00000, 0x0000000081a00000|100%| O|  |TAMS 0x0000000081900000| PB 0x0000000081900000| Untracked |  0
|  26|0x0000000081a00000, 0x0000000081b00000, 0x0000000081b00000|100%| O|  |TAMS 0x0000000081a00000| PB 0x0000000081a00000| Untracked |  0
|  27|0x0000000081b00000, 0x0000000081c00000, 0x0000000081c00000|100%| O|  |TAMS 0x0000000081b00000| PB 0x0000000081b00000| Untracked |  0
|  28|0x0000000081c00000, 0x0000000081d00000, 0x0000000081d00000|100%| O|  |TAMS 0x0000000081c00000| PB 0x0000000081c00000| Untracked |  0
|  29|0x0000000081d00000, 0x0000000081e00000, 0x0000000081e00000|100%| O|  |TAMS 0x0000000081d00000| PB 0x0000000081d00000| Untracked |  0
|  30|0x0000000081e00000, 0x0000000081f00000, 0x0000000081f00000|100%| O|  |TAMS 0x0000000081e00000| PB 0x0000000081e00000| Untracked |  0
|  31|0x0000000081f00000, 0x0000000082000000, 0x0000000082000000|100%| O|  |TAMS 0x0000000081f00000| PB 0x0000000081f00000| Untracked |  0
|  32|0x0000000082000000, 0x0000000082100000, 0x0000000082100000|100%| O|  |TAMS 0x0000000082000000| PB 0x0000000082000000| Untracked |  0
|  33|0x0000000082100000, 0x0000000082200000, 0x0000000082200000|100%| O|  |TAMS 0x0000000082100000| PB 0x0000000082100000| Untracked |  0
|  34|0x0000000082200000, 0x0000000082300000, 0x0000000082300000|100%| O|  |TAMS 0x0000000082200000| PB 0x0000000082200000| Untracked |  0
|  35|0x0000000082300000, 0x0000000082400000, 0x0000000082400000|100%| O|  |TAMS 0x0000000082300000| PB 0x0000000082300000| Untracked |  0
|  36|0x0000000082400000, 0x0000000082500000, 0x0000000082500000|100%| O|  |TAMS 0x0000000082400000| PB 0x0000000082400000| Untracked |  0
|  37|0x0000000082500000, 0x0000000082600000, 0x0000000082600000|100%| O|  |TAMS 0x0000000082500000| PB 0x0000000082500000| Untracked |  0
|  38|0x0000000082600000, 0x0000000082700000, 0x0000000082700000|100%| O|  |TAMS 0x0000000082600000| PB 0x0000000082600000| Untracked |  0
|  39|0x0000000082700000, 0x0000000082800000, 0x0000000082800000|100%| O|  |TAMS 0x0000000082700000| PB 0x0000000082700000| Untracked |  0
|  40|0x0000000082800000, 0x0000000082900000, 0x0000000082900000|100%| O|  |TAMS 0x0000000082800000| PB 0x0000000082800000| Untracked |  0
|  41|0x0000000082900000, 0x0000000082a00000, 0x0000000082a00000|100%| O|  |TAMS 0x0000000082900000| PB 0x0000000082900000| Untracked |  0
|  42|0x0000000082a00000, 0x0000000082b00000, 0x0000000082b00000|100%| O|  |TAMS 0x0000000082a00000| PB 0x0000000082a00000| Untracked |  0
|  43|0x0000000082b00000, 0x0000000082c00000, 0x0000000082c00000|100%| O|  |TAMS 0x0000000082b00000| PB 0x0000000082b00000| Untracked |  0
|  44|0x0000000082c00000, 0x0000000082d00000, 0x0000000082d00000|100%| O|  |TAMS 0x0000000082c00000| PB 0x0000000082c00000| Untracked |  0
|  45|0x0000000082d00000, 0x0000000082e00000, 0x0000000082e00000|100%| O|  |TAMS 0x0000000082d00000| PB 0x0000000082d00000| Untracked |  0
|  46|0x0000000082e00000, 0x0000000082f00000, 0x0000000082f00000|100%| O|  |TAMS 0x0000000082e00000| PB 0x0000000082e00000| Untracked |  0
|  47|0x0000000082f00000, 0x0000000083000000, 0x0000000083000000|100%| O|  |TAMS 0x0000000082f00000| PB 0x0000000082f00000| Untracked |  0
|  48|0x0000000083000000, 0x0000000083100000, 0x0000000083100000|100%| O|  |TAMS 0x0000000083000000| PB 0x0000000083000000| Untracked |  0
|  49|0x0000000083100000, 0x0000000083200000, 0x0000000083200000|100%| O|  |TAMS 0x0000000083100000| PB 0x0000000083100000| Untracked |  0
|  50|0x0000000083200000, 0x0000000083300000, 0x0000000083300000|100%| O|  |TAMS 0x0000000083200000| PB 0x0000000083200000| Untracked |  0
|  51|0x0000000083300000, 0x0000000083400000, 0x0000000083400000|100%| O|CS|TAMS 0x0000000083300000| PB 0x0000000083300000| Complete |  0
|  52|0x0000000083400000, 0x0000000083500000, 0x0000000083500000|100%| O|  |TAMS 0x0000000083400000| PB 0x0000000083400000| Untracked |  0
|  53|0x0000000083500000, 0x0000000083600000, 0x0000000083600000|100%| O|  |TAMS 0x0000000083500000| PB 0x0000000083500000| Untracked |  0
|  54|0x0000000083600000, 0x0000000083700000, 0x0000000083700000|100%| O|  |TAMS 0x0000000083600000| PB 0x0000000083600000| Untracked |  0
|  55|0x0000000083700000, 0x0000000083800000, 0x0000000083800000|100%| O|CS|TAMS 0x0000000083700000| PB 0x0000000083700000| Complete |  0
|  56|0x0000000083800000, 0x0000000083900000, 0x0000000083900000|100%| O|  |TAMS 0x0000000083800000| PB 0x0000000083800000| Untracked |  0
|  57|0x0000000083900000, 0x0000000083a00000, 0x0000000083a00000|100%| O|  |TAMS 0x0000000083900000| PB 0x0000000083900000| Untracked |  0
|  58|0x0000000083a00000, 0x0000000083b00000, 0x0000000083b00000|100%| O|  |TAMS 0x0000000083a00000| PB 0x0000000083a00000| Untracked |  0
|  59|0x0000000083b00000, 0x0000000083c00000, 0x0000000083c00000|100%| O|  |TAMS 0x0000000083b00000| PB 0x0000000083b00000| Untracked |  0
|  60|0x0000000083c00000, 0x0000000083d00000, 0x0000000083d00000|100%|HS|  |TAMS 0x0000000083c00000| PB 0x0000000083c00000| Complete |  0
|  61|0x0000000083d00000, 0x0000000083e00000, 0x0000000083e00000|100%| O|  |TAMS 0x0000000083d00000| PB 0x0000000083d00000| Untracked |  0
|  62|0x0000000083e00000, 0x0000000083f00000, 0x0000000083f00000|100%| O|  |TAMS 0x0000000083e00000| PB 0x0000000083e00000| Untracked |  0
|  63|0x0000000083f00000, 0x0000000084000000, 0x0000000084000000|100%| O|  |TAMS 0x0000000083f00000| PB 0x0000000083f00000| Untracked |  0
|  64|0x0000000084000000, 0x0000000084100000, 0x0000000084100000|100%| O|  |TAMS 0x0000000084000000| PB 0x0000000084000000| Untracked |  0
|  65|0x0000000084100000, 0x0000000084200000, 0x0000000084200000|100%| O|  |TAMS 0x0000000084100000| PB 0x0000000084100000| Untracked |  0
|  66|0x0000000084200000, 0x0000000084300000, 0x0000000084300000|100%| O|  |TAMS 0x0000000084200000| PB 0x0000000084200000| Untracked |  0
|  67|0x0000000084300000, 0x0000000084400000, 0x0000000084400000|100%| O|  |TAMS 0x0000000084300000| PB 0x0000000084300000| Untracked |  0
|  68|0x0000000084400000, 0x0000000084500000, 0x0000000084500000|100%| O|  |TAMS 0x0000000084400000| PB 0x0000000084400000| Untracked |  0
|  69|0x0000000084500000, 0x0000000084600000, 0x0000000084600000|100%| O|  |TAMS 0x0000000084500000| PB 0x0000000084500000| Untracked |  0
|  70|0x0000000084600000, 0x0000000084700000, 0x0000000084700000|100%| O|  |TAMS 0x0000000084600000| PB 0x0000000084600000| Untracked |  0
|  71|0x0000000084700000, 0x0000000084800000, 0x0000000084800000|100%| O|  |TAMS 0x0000000084700000| PB 0x0000000084700000| Untracked |  0
|  72|0x0000000084800000, 0x0000000084900000, 0x0000000084900000|100%| S|  |TAMS 0x0000000084800000| PB 0x0000000084800000| Complete |  0
|  73|0x0000000084900000, 0x0000000084a00000, 0x0000000084a00000|100%| E|CS|TAMS 0x0000000084900000| PB 0x0000000084900000| Complete |  0
|  74|0x0000000084a00000, 0x0000000084b00000, 0x0000000084b00000|100%| E|CS|TAMS 0x0000000084a00000| PB 0x0000000084a00000| Complete |  0
|  75|0x0000000084b00000, 0x0000000084c00000, 0x0000000084c00000|100%| E|CS|TAMS 0x0000000084b00000| PB 0x0000000084b00000| Complete |  0
|  76|0x0000000084c00000, 0x0000000084d00000, 0x0000000084d00000|100%| E|CS|TAMS 0x0000000084c00000| PB 0x0000000084c00000| Complete |  0
|  77|0x0000000084d00000, 0x0000000084e00000, 0x0000000084e00000|100%| E|CS|TAMS 0x0000000084d00000| PB 0x0000000084d00000| Complete |  0
|  78|0x0000000084e00000, 0x0000000084f00000, 0x0000000084f00000|100%| E|CS|TAMS 0x0000000084e00000| PB 0x0000000084e00000| Complete |  0
|  79|0x0000000084f00000, 0x0000000085000000, 0x0000000085000000|100%| E|CS|TAMS 0x0000000084f00000| PB 0x0000000084f00000| Complete |  0
|  80|0x0000000085000000, 0x0000000085100000, 0x0000000085100000|100%| E|CS|TAMS 0x0000000085000000| PB 0x0000000085000000| Complete |  0
|  81|0x0000000085100000, 0x0000000085200000, 0x0000000085200000|100%| E|CS|TAMS 0x0000000085100000| PB 0x0000000085100000| Complete |  0
|  82|0x0000000085200000, 0x0000000085300000, 0x0000000085300000|100%| E|CS|TAMS 0x0000000085200000| PB 0x0000000085200000| Complete |  0
|  83|0x0000000085300000, 0x0000000085400000, 0x0000000085400000|100%| E|CS|TAMS 0x0000000085300000| PB 0x0000000085300000| Complete |  0
|  84|0x0000000085400000, 0x0000000085500000, 0x0000000085500000|100%| E|CS|TAMS 0x0000000085400000| PB 0x0000000085400000| Complete |  0
|  85|0x0000000085500000, 0x0000000085600000, 0x0000000085600000|100%| S|  |TAMS 0x0000000085500000| PB 0x0000000085500000| Complete |  0
|  86|0x0000000085600000, 0x0000000085700000, 0x0000000085700000|100%| S|  |TAMS 0x0000000085600000| PB 0x0000000085600000| Complete |  0
|  87|0x0000000085700000, 0x0000000085800000, 0x0000000085800000|100%| S|  |TAMS 0x0000000085700000| PB 0x0000000085700000| Complete |  0
|  88|0x0000000085800000, 0x0000000085900000, 0x0000000085900000|100%| S|  |TAMS 0x0000000085800000| PB 0x0000000085800000| Complete |  0
|  89|0x0000000085900000, 0x0000000085a00000, 0x0000000085a00000|100%| S|  |TAMS 0x0000000085900000| PB 0x0000000085900000| Complete |  0
|  90|0x0000000085a00000, 0x0000000085b00000, 0x0000000085b00000|100%| S|  |TAMS 0x0000000085a00000| PB 0x0000000085a00000| Complete |  0
|  91|0x0000000085b00000, 0x0000000085c00000, 0x0000000085c00000|100%| S|  |TAMS 0x0000000085b00000| PB 0x0000000085b00000| Complete |  0
|  92|0x0000000085c00000, 0x0000000085d00000, 0x0000000085d00000|100%| S|  |TAMS 0x0000000085c00000| PB 0x0000000085c00000| Complete |  0
|  93|0x0000000085d00000, 0x0000000085e00000, 0x0000000085e00000|100%| E|CS|TAMS 0x0000000085d00000| PB 0x0000000085d00000| Complete |  0
|  94|0x0000000085e00000, 0x0000000085f00000, 0x0000000085f00000|100%| E|CS|TAMS 0x0000000085e00000| PB 0x0000000085e00000| Complete |  0
|  95|0x0000000085f00000, 0x0000000086000000, 0x0000000086000000|100%| E|CS|TAMS 0x0000000085f00000| PB 0x0000000085f00000| Complete |  0
|  96|0x0000000086000000, 0x0000000086100000, 0x0000000086100000|100%| E|CS|TAMS 0x0000000086000000| PB 0x0000000086000000| Complete |  0
|  97|0x0000000086100000, 0x0000000086200000, 0x0000000086200000|100%| E|CS|TAMS 0x0000000086100000| PB 0x0000000086100000| Complete |  0
|  98|0x0000000086200000, 0x0000000086300000, 0x0000000086300000|100%| E|CS|TAMS 0x0000000086200000| PB 0x0000000086200000| Complete |  0
|  99|0x0000000086300000, 0x0000000086400000, 0x0000000086400000|100%| E|CS|TAMS 0x0000000086300000| PB 0x0000000086300000| Complete |  0
| 100|0x0000000086400000, 0x0000000086500000, 0x0000000086500000|100%| E|CS|TAMS 0x0000000086400000| PB 0x0000000086400000| Complete |  0
| 101|0x0000000086500000, 0x0000000086600000, 0x0000000086600000|100%| E|CS|TAMS 0x0000000086500000| PB 0x0000000086500000| Complete |  0
| 102|0x0000000086600000, 0x0000000086700000, 0x0000000086700000|100%| E|CS|TAMS 0x0000000086600000| PB 0x0000000086600000| Complete |  0
| 103|0x0000000086700000, 0x0000000086800000, 0x0000000086800000|100%| E|CS|TAMS 0x0000000086700000| PB 0x0000000086700000| Complete |  0
| 104|0x0000000086800000, 0x0000000086900000, 0x0000000086900000|100%| E|CS|TAMS 0x0000000086800000| PB 0x0000000086800000| Complete |  0
| 105|0x0000000086900000, 0x0000000086a00000, 0x0000000086a00000|100%| E|CS|TAMS 0x0000000086900000| PB 0x0000000086900000| Complete |  0
| 106|0x0000000086a00000, 0x0000000086b00000, 0x0000000086b00000|100%| E|CS|TAMS 0x0000000086a00000| PB 0x0000000086a00000| Complete |  0
| 107|0x0000000086b00000, 0x0000000086c00000, 0x0000000086c00000|100%| E|CS|TAMS 0x0000000086b00000| PB 0x0000000086b00000| Complete |  0
| 108|0x0000000086c00000, 0x0000000086d00000, 0x0000000086d00000|100%| E|CS|TAMS 0x0000000086c00000| PB 0x0000000086c00000| Complete |  0
| 109|0x0000000086d00000, 0x0000000086e00000, 0x0000000086e00000|100%| E|CS|TAMS 0x0000000086d00000| PB 0x0000000086d00000| Complete |  0
| 110|0x0000000086e00000, 0x0000000086f00000, 0x0000000086f00000|100%| E|CS|TAMS 0x0000000086e00000| PB 0x0000000086e00000| Complete |  0
| 111|0x0000000086f00000, 0x0000000087000000, 0x0000000087000000|100%| E|CS|TAMS 0x0000000086f00000| PB 0x0000000086f00000| Complete |  0
| 112|0x0000000087000000, 0x0000000087100000, 0x0000000087100000|100%| E|CS|TAMS 0x0000000087000000| PB 0x0000000087000000| Complete |  0
| 113|0x0000000087100000, 0x0000000087200000, 0x0000000087200000|100%| E|CS|TAMS 0x0000000087100000| PB 0x0000000087100000| Complete |  0
| 114|0x0000000087200000, 0x0000000087300000, 0x0000000087300000|100%| E|CS|TAMS 0x0000000087200000| PB 0x0000000087200000| Complete |  0
| 115|0x0000000087300000, 0x0000000087400000, 0x0000000087400000|100%| E|CS|TAMS 0x0000000087300000| PB 0x0000000087300000| Complete |  0
| 116|0x0000000087400000, 0x0000000087500000, 0x0000000087500000|100%| E|CS|TAMS 0x0000000087400000| PB 0x0000000087400000| Complete |  0
| 117|0x0000000087500000, 0x0000000087600000, 0x0000000087600000|100%| E|CS|TAMS 0x0000000087500000| PB 0x0000000087500000| Complete |  0
| 118|0x0000000087600000, 0x0000000087700000, 0x0000000087700000|100%| E|CS|TAMS 0x0000000087600000| PB 0x0000000087600000| Complete |  0
| 119|0x0000000087700000, 0x0000000087800000, 0x0000000087800000|100%| E|CS|TAMS 0x0000000087700000| PB 0x0000000087700000| Complete |  0
| 120|0x0000000087800000, 0x0000000087900000, 0x0000000087900000|100%| E|CS|TAMS 0x0000000087800000| PB 0x0000000087800000| Complete |  0
| 121|0x0000000087900000, 0x0000000087a00000, 0x0000000087a00000|100%| E|CS|TAMS 0x0000000087900000| PB 0x0000000087900000| Complete |  0
| 122|0x0000000087a00000, 0x0000000087b00000, 0x0000000087b00000|100%| E|CS|TAMS 0x0000000087a00000| PB 0x0000000087a00000| Complete |  0
| 123|0x0000000087b00000, 0x0000000087c00000, 0x0000000087c00000|100%| E|CS|TAMS 0x0000000087b00000| PB 0x0000000087b00000| Complete |  0
| 124|0x0000000087c00000, 0x0000000087d00000, 0x0000000087d00000|100%| E|CS|TAMS 0x0000000087c00000| PB 0x0000000087c00000| Complete |  0
| 125|0x0000000087d00000, 0x0000000087e00000, 0x0000000087e00000|100%| E|CS|TAMS 0x0000000087d00000| PB 0x0000000087d00000| Complete |  0
| 126|0x0000000087e00000, 0x0000000087f00000, 0x0000000087f00000|100%| E|CS|TAMS 0x0000000087e00000| PB 0x0000000087e00000| Complete |  0
| 127|0x0000000087f00000, 0x0000000088000000, 0x0000000088000000|100%| E|CS|TAMS 0x0000000087f00000| PB 0x0000000087f00000| Complete |  0
| 128|0x0000000088000000, 0x0000000088100000, 0x0000000088100000|100%| E|CS|TAMS 0x0000000088000000| PB 0x0000000088000000| Complete |  0
| 129|0x0000000088100000, 0x0000000088200000, 0x0000000088200000|100%| E|CS|TAMS 0x0000000088100000| PB 0x0000000088100000| Complete |  0
| 130|0x0000000088200000, 0x0000000088300000, 0x0000000088300000|100%| E|CS|TAMS 0x0000000088200000| PB 0x0000000088200000| Complete |  0
| 131|0x0000000088300000, 0x0000000088400000, 0x0000000088400000|100%| E|CS|TAMS 0x0000000088300000| PB 0x0000000088300000| Complete |  0
| 132|0x0000000088400000, 0x0000000088500000, 0x0000000088500000|100%| E|CS|TAMS 0x0000000088400000| PB 0x0000000088400000| Complete |  0
| 133|0x0000000088500000, 0x0000000088600000, 0x0000000088600000|100%| E|CS|TAMS 0x0000000088500000| PB 0x0000000088500000| Complete |  0
| 134|0x0000000088600000, 0x0000000088700000, 0x0000000088700000|100%| E|CS|TAMS 0x0000000088600000| PB 0x0000000088600000| Complete |  0
| 135|0x0000000088700000, 0x0000000088800000, 0x0000000088800000|100%| E|CS|TAMS 0x0000000088700000| PB 0x0000000088700000| Complete |  0
| 136|0x0000000088800000, 0x0000000088900000, 0x0000000088900000|100%| E|CS|TAMS 0x0000000088800000| PB 0x0000000088800000| Complete |  0
| 137|0x0000000088900000, 0x0000000088a00000, 0x0000000088a00000|100%| E|CS|TAMS 0x0000000088900000| PB 0x0000000088900000| Complete |  0
| 138|0x0000000088a00000, 0x0000000088b00000, 0x0000000088b00000|100%| E|CS|TAMS 0x0000000088a00000| PB 0x0000000088a00000| Complete |  0
| 139|0x0000000088b00000, 0x0000000088c00000, 0x0000000088c00000|100%| E|CS|TAMS 0x0000000088b00000| PB 0x0000000088b00000| Complete |  0
| 140|0x0000000088c00000, 0x0000000088d00000, 0x0000000088d00000|100%| E|CS|TAMS 0x0000000088c00000| PB 0x0000000088c00000| Complete |  0
| 141|0x0000000088d00000, 0x0000000088e00000, 0x0000000088e00000|100%| E|CS|TAMS 0x0000000088d00000| PB 0x0000000088d00000| Complete |  0
| 142|0x0000000088e00000, 0x0000000088f00000, 0x0000000088f00000|100%| E|CS|TAMS 0x0000000088e00000| PB 0x0000000088e00000| Complete |  0
| 143|0x0000000088f00000, 0x0000000089000000, 0x0000000089000000|100%| E|CS|TAMS 0x0000000088f00000| PB 0x0000000088f00000| Complete |  0
| 144|0x0000000089000000, 0x0000000089100000, 0x0000000089100000|100%| E|CS|TAMS 0x0000000089000000| PB 0x0000000089000000| Complete |  0
| 145|0x0000000089100000, 0x0000000089200000, 0x0000000089200000|100%| E|CS|TAMS 0x0000000089100000| PB 0x0000000089100000| Complete |  0
| 146|0x0000000089200000, 0x0000000089300000, 0x0000000089300000|100%| E|CS|TAMS 0x0000000089200000| PB 0x0000000089200000| Complete |  0
| 147|0x0000000089300000, 0x0000000089400000, 0x0000000089400000|100%| E|CS|TAMS 0x0000000089300000| PB 0x0000000089300000| Complete |  0
| 148|0x0000000089400000, 0x0000000089500000, 0x0000000089500000|100%| E|CS|TAMS 0x0000000089400000| PB 0x0000000089400000| Complete |  0
| 149|0x0000000089500000, 0x0000000089600000, 0x0000000089600000|100%| E|CS|TAMS 0x0000000089500000| PB 0x0000000089500000| Complete |  0
| 150|0x0000000089600000, 0x0000000089700000, 0x0000000089700000|100%| E|CS|TAMS 0x0000000089600000| PB 0x0000000089600000| Complete |  0
| 151|0x0000000089700000, 0x0000000089800000, 0x0000000089800000|100%| E|CS|TAMS 0x0000000089700000| PB 0x0000000089700000| Complete |  0
| 152|0x0000000089800000, 0x0000000089900000, 0x0000000089900000|100%| E|CS|TAMS 0x0000000089800000| PB 0x0000000089800000| Complete |  0
| 153|0x0000000089900000, 0x0000000089a00000, 0x0000000089a00000|100%| E|CS|TAMS 0x0000000089900000| PB 0x0000000089900000| Complete |  0
| 154|0x0000000089a00000, 0x0000000089b00000, 0x0000000089b00000|100%| E|CS|TAMS 0x0000000089a00000| PB 0x0000000089a00000| Complete |  0
| 155|0x0000000089b00000, 0x0000000089c00000, 0x0000000089c00000|100%| E|CS|TAMS 0x0000000089b00000| PB 0x0000000089b00000| Complete |  0
| 156|0x0000000089c00000, 0x0000000089d00000, 0x0000000089d00000|100%| E|CS|TAMS 0x0000000089c00000| PB 0x0000000089c00000| Complete |  0
| 157|0x0000000089d00000, 0x0000000089e00000, 0x0000000089e00000|100%| E|CS|TAMS 0x0000000089d00000| PB 0x0000000089d00000| Complete |  0
| 158|0x0000000089e00000, 0x0000000089f00000, 0x0000000089f00000|100%| E|CS|TAMS 0x0000000089e00000| PB 0x0000000089e00000| Complete |  0
| 159|0x0000000089f00000, 0x000000008a000000, 0x000000008a000000|100%| E|CS|TAMS 0x0000000089f00000| PB 0x0000000089f00000| Complete |  0
| 160|0x000000008a000000, 0x000000008a100000, 0x000000008a100000|100%| E|CS|TAMS 0x000000008a000000| PB 0x000000008a000000| Complete |  0
| 161|0x000000008a100000, 0x000000008a200000, 0x000000008a200000|100%| E|CS|TAMS 0x000000008a100000| PB 0x000000008a100000| Complete |  0
| 162|0x000000008a200000, 0x000000008a300000, 0x000000008a300000|100%| E|CS|TAMS 0x000000008a200000| PB 0x000000008a200000| Complete |  0
| 163|0x000000008a300000, 0x000000008a400000, 0x000000008a400000|100%| E|CS|TAMS 0x000000008a300000| PB 0x000000008a300000| Complete |  0
| 164|0x000000008a400000, 0x000000008a500000, 0x000000008a500000|100%| E|CS|TAMS 0x000000008a400000| PB 0x000000008a400000| Complete |  0
| 165|0x000000008a500000, 0x000000008a600000, 0x000000008a600000|100%| E|CS|TAMS 0x000000008a500000| PB 0x000000008a500000| Complete |  0
| 166|0x000000008a600000, 0x000000008a700000, 0x000000008a700000|100%| E|CS|TAMS 0x000000008a600000| PB 0x000000008a600000| Complete |  0
| 167|0x000000008a700000, 0x000000008a800000, 0x000000008a800000|100%| E|CS|TAMS 0x000000008a700000| PB 0x000000008a700000| Complete |  0
| 168|0x000000008a800000, 0x000000008a900000, 0x000000008a900000|100%| E|CS|TAMS 0x000000008a800000| PB 0x000000008a800000| Complete |  0
| 169|0x000000008a900000, 0x000000008aa00000, 0x000000008aa00000|100%| E|CS|TAMS 0x000000008a900000| PB 0x000000008a900000| Complete |  0
| 170|0x000000008aa00000, 0x000000008ab00000, 0x000000008ab00000|100%| E|CS|TAMS 0x000000008aa00000| PB 0x000000008aa00000| Complete |  0
|2037|0x00000000ff500000, 0x00000000ff600000, 0x00000000ff600000|100%| O|  |TAMS 0x00000000ff500000| PB 0x00000000ff500000| Untracked |  0
|2038|0x00000000ff600000, 0x00000000ff700000, 0x00000000ff700000|100%| O|  |TAMS 0x00000000ff600000| PB 0x00000000ff600000| Untracked |  0
|2039|0x00000000ff700000, 0x00000000ff800000, 0x00000000ff800000|100%| O|  |TAMS 0x00000000ff700000| PB 0x00000000ff700000| Untracked |  0
|2040|0x00000000ff800000, 0x00000000ff900000, 0x00000000ff900000|100%| O|  |TAMS 0x00000000ff800000| PB 0x00000000ff800000| Untracked |  0
|2041|0x00000000ff900000, 0x00000000ffa00000, 0x00000000ffa00000|100%| O|  |TAMS 0x00000000ff900000| PB 0x00000000ff900000| Untracked |  0
|2042|0x00000000ffa00000, 0x00000000ffb00000, 0x00000000ffb00000|100%| O|  |TAMS 0x00000000ffa00000| PB 0x00000000ffa00000| Untracked |  0
|2043|0x00000000ffb00000, 0x00000000ffc00000, 0x00000000ffc00000|100%| O|  |TAMS 0x00000000ffb00000| PB 0x00000000ffb00000| Untracked |  0
|2044|0x00000000ffc00000, 0x00000000ffd00000, 0x00000000ffd00000|100%| O|  |TAMS 0x00000000ffc00000| PB 0x00000000ffc00000| Untracked |  0
|2045|0x00000000ffd00000, 0x00000000ffe00000, 0x00000000ffe00000|100%| O|  |TAMS 0x00000000ffd00000| PB 0x00000000ffd00000| Untracked |  0
|2046|0x00000000ffe00000, 0x00000000fff00000, 0x00000000fff00000|100%| O|  |TAMS 0x00000000ffe00000| PB 0x00000000ffe00000| Untracked |  0
|2047|0x00000000fff00000, 0x0000000100000000, 0x0000000100000000|100%| E|CS|TAMS 0x00000000fff00000| PB 0x00000000fff00000| Complete |  0

Card table byte_map: [0x000001c90fba0000,0x000001c90ffa0000] _byte_map_base: 0x000001c90f7a0000

Marking Bits: (CMBitMap*) 0x000001c975c2d070
 Bits: [0x000001c90ffa0000, 0x000001c911fa0000)

Polling page: 0x000001c97ffc0000

Metaspace:
Metaspace        used 96690K, committed 98496K, reserved 1179648K
 class space     used 10207K, committed 11072K, reserved 1048576K

Usage:
  Non-class:     84.46 MB used.
      Class:      9.97 MB used.
       Both:     94.42 MB used.

Virtual space:
  Non-class space:      128.00 MB reserved,      85.38 MB ( 67%) committed,  2 nodes.
      Class space:        1.00 GB reserved,      10.81 MB (  1%) committed,  1 nodes.
             Both:        1.12 GB reserved,      96.19 MB (  8%) committed. 

Chunk freelists:
   Non-Class:  10.22 MB
       Class:  5.11 MB
        Both:  15.33 MB

MaxMetaspaceSize: unlimited
CompressedClassSpaceSize: 1.00 GB
Initial GC threshold: 21.00 MB
Current GC threshold: 135.75 MB
CDS: on
 - commit_granule_bytes: 65536.
 - commit_granule_words: 8192.
 - virtual_space_node_default_size: 8388608.
 - enlarge_chunks_in_place: 1.
UseCompressedClassPointers 1, UseCompactObjectHeaders 0
Narrow klass pointer bits 32, Max shift 3
Narrow klass base: 0x0000000035000000, Narrow klass shift: 0
Encoding Range: [0x0000000035000000 - 0x0000000135000000), (4294967296 bytes)
Klass Range:    [0x0000000035010000 - 0x0000000076000000), (1090453504 bytes)
Klass ID Range:  [65536 - 1090519033) (1090453497)
Protection zone: [0x0000000035000000 - 0x0000000035010000), (65536 bytes)


Internal statistics:

num_allocs_failed_limit: 6.
num_arena_births: 2874.
num_arena_deaths: 2.
num_vsnodes_births: 3.
num_vsnodes_deaths: 0.
num_space_committed: 1539.
num_space_uncommitted: 0.
num_chunks_returned_to_freelist: 8.
num_chunks_taken_from_freelist: 6588.
num_chunk_merges: 6.
num_chunk_splits: 4775.
num_chunks_enlarged: 3536.
num_inconsistent_stats: 0.

CodeHeap 'non-profiled nmethods': size=120064Kb used=3474Kb max_used=3474Kb free=116589Kb
 bounds [0x000001c907c40000, 0x000001c907fb0000, 0x000001c90f180000]
CodeHeap 'profiled nmethods': size=120000Kb used=13411Kb max_used=13411Kb free=106588Kb
 bounds [0x000001c900180000, 0x000001c900ea0000, 0x000001c9076b0000]
CodeHeap 'non-nmethods': size=5696Kb used=2190Kb max_used=2205Kb free=3505Kb
 bounds [0x000001c9076b0000, 0x000001c907920000, 0x000001c907c40000]
CodeCache: size=245760Kb, used=19075Kb, max_used=19090Kb, free=226682Kb
 total_blobs=9238, nmethods=8206, adapters=934, full_count=0
Compilation: enabled, stopped_count=0, restarted_count=0

Compilation events (20 events):
Event: 36.537 Thread 0x000001c914594ec0 9537       3       org.jetbrains.kotlin.load.kotlin.JvmPackagePartSource::<init> (130 bytes)
Event: 36.540 Thread 0x000001c914594ec0 nmethod 9537 0x000001c900e92308 code [0x000001c900e92400, 0x000001c900e94778]
Event: 36.540 Thread 0x000001c914594ec0 9538       3       org.jetbrains.kotlin.resolve.jvm.JvmClassName::byClassId (20 bytes)
Event: 36.540 Thread 0x000001c914594ec0 nmethod 9538 0x000001c900e94808 code [0x000001c900e94900, 0x000001c900e94c70]
Event: 36.540 Thread 0x000001c914594ec0 9539       3       org.jetbrains.kotlin.load.kotlin.JvmPackagePartSource::<init> (139 bytes)
Event: 36.543 Thread 0x000001c914594ec0 nmethod 9539 0x000001c900e94c88 code [0x000001c900e94d80, 0x000001c900e97718]
Event: 36.543 Thread 0x000001c914594ec0 9547       3       org.jetbrains.kotlin.fir.deserialization.PackagePartsCacheData::getTypeAliasNameIndex (15 bytes)
Event: 36.544 Thread 0x000001c914594ec0 nmethod 9547 0x000001c900e97788 code [0x000001c900e97880, 0x000001c900e97b38]
Event: 36.544 Thread 0x000001c914594ec0 9548       3       org.jetbrains.kotlin.fir.deserialization.PackagePartsCacheData$$Lambda/0x0000000036930460::invoke (8 bytes)
Event: 36.544 Thread 0x000001c914594ec0 nmethod 9548 0x000001c900e97b88 code [0x000001c900e97c80, 0x000001c900e97db0]
Event: 36.544 Thread 0x000001c914594ec0 9564       3       org.jetbrains.kotlin.fir.java.enhancement.EnhancementSignatureParts::getTypeSystem (11 bytes)
Event: 36.545 Thread 0x000001c914594ec0 nmethod 9564 0x000001c900e97e88 code [0x000001c900e97f80, 0x000001c900e98948]
Event: 36.545 Thread 0x000001c914594ec0 9575       3       jdk.internal.classfile.impl.DirectCodeBuilder::invokestatic (13 bytes)
Event: 36.545 Thread 0x000001c914594ec0 nmethod 9575 0x000001c900e98988 code [0x000001c900e98a80, 0x000001c900e98de8]
Event: 36.546 Thread 0x000001c914594ec0 9574       1       org.jetbrains.kotlin.ir.declarations.impl.IrValueParameterImpl::getSymbol (5 bytes)
Event: 36.546 Thread 0x000001c914594ec0 nmethod 9574 0x000001c907fa4088 code [0x000001c907fa4180, 0x000001c907fa4248]
Event: 36.546 Thread 0x000001c914594ec0 9551       1       org.jetbrains.kotlin.fir.lazy.Fir2IrLazyClass::getSymbol (5 bytes)
Event: 36.546 Thread 0x000001c914594ec0 nmethod 9551 0x000001c907fa4388 code [0x000001c907fa4480, 0x000001c907fa4548]
Event: 36.546 Thread 0x000001c914594ec0 9558       1       org.jetbrains.kotlin.io.vavr.collection.HashArrayMappedTrieModule$LeafSingleton::size (2 bytes)
Event: 36.546 Thread 0x000001c914594ec0 nmethod 9558 0x000001c907fa4688 code [0x000001c907fa4780, 0x000001c907fa4848]

GC Heap Usage History (20 events):
Event: 24.679 {heap After GC invocations=15 (full 0):
 garbage-first heap   total reserved 2097152K, committed 92160K, used 46464K [0x0000000080000000, 0x0000000100000000)
  region size 1024K, 4 young (4096K), 4 survivors (4096K)
}
Event: 25.921 {heap Before GC invocations=15 (full 0):
 garbage-first heap   total reserved 2097152K, committed 92160K, used 84352K [0x0000000080000000, 0x0000000100000000)
  region size 1024K, 41 young (41984K), 4 survivors (4096K)
}
Event: 25.932 {heap After GC invocations=16 (full 0):
 garbage-first heap   total reserved 2097152K, committed 92160K, used 46917K [0x0000000080000000, 0x0000000100000000)
  region size 1024K, 4 young (4096K), 4 survivors (4096K)
}
Event: 26.588 {heap Before GC invocations=16 (full 0):
 garbage-first heap   total reserved 2097152K, committed 92160K, used 84805K [0x0000000080000000, 0x0000000100000000)
  region size 1024K, 41 young (41984K), 4 survivors (4096K)
}
Event: 26.610 {heap After GC invocations=17 (full 0):
 garbage-first heap   total reserved 2097152K, committed 101376K, used 58949K [0x0000000080000000, 0x0000000100000000)
  region size 1024K, 6 young (6144K), 6 survivors (6144K)
}
Event: 26.929 {heap Before GC invocations=18 (full 0):
 garbage-first heap   total reserved 2097152K, committed 101376K, used 85573K [0x0000000080000000, 0x0000000100000000)
  region size 1024K, 32 young (32768K), 6 survivors (6144K)
}
Event: 26.948 {heap After GC invocations=19 (full 0):
 garbage-first heap   total reserved 2097152K, committed 101376K, used 67072K [0x0000000080000000, 0x0000000100000000)
  region size 1024K, 4 young (4096K), 4 survivors (4096K)
}
Event: 27.598 {heap Before GC invocations=19 (full 0):
 garbage-first heap   total reserved 2097152K, committed 101376K, used 86528K [0x0000000080000000, 0x0000000100000000)
  region size 1024K, 23 young (23552K), 4 survivors (4096K)
}
Event: 27.608 {heap After GC invocations=20 (full 0):
 garbage-first heap   total reserved 2097152K, committed 101376K, used 68215K [0x0000000080000000, 0x0000000100000000)
  region size 1024K, 2 young (2048K), 2 survivors (2048K)
}
Event: 28.378 {heap Before GC invocations=20 (full 0):
 garbage-first heap   total reserved 2097152K, committed 101376K, used 87671K [0x0000000080000000, 0x0000000100000000)
  region size 1024K, 21 young (21504K), 2 survivors (2048K)
}
Event: 28.384 {heap After GC invocations=21 (full 0):
 garbage-first heap   total reserved 2097152K, committed 101376K, used 68652K [0x0000000080000000, 0x0000000100000000)
  region size 1024K, 2 young (2048K), 2 survivors (2048K)
}
Event: 29.292 {heap Before GC invocations=22 (full 0):
 garbage-first heap   total reserved 2097152K, committed 116736K, used 90156K [0x0000000080000000, 0x0000000100000000)
  region size 1024K, 23 young (23552K), 2 survivors (2048K)
}
Event: 29.303 {heap After GC invocations=23 (full 0):
 garbage-first heap   total reserved 2097152K, committed 116736K, used 71906K [0x0000000080000000, 0x0000000100000000)
  region size 1024K, 3 young (3072K), 3 survivors (3072K)
}
Event: 29.983 {heap Before GC invocations=23 (full 0):
 garbage-first heap   total reserved 2097152K, committed 116736K, used 101602K [0x0000000080000000, 0x0000000100000000)
  region size 1024K, 33 young (33792K), 3 survivors (3072K)
}
Event: 29.991 {heap After GC invocations=24 (full 0):
 garbage-first heap   total reserved 2097152K, committed 116736K, used 71725K [0x0000000080000000, 0x0000000100000000)
  region size 1024K, 4 young (4096K), 4 survivors (4096K)
}
Event: 30.781 {heap Before GC invocations=24 (full 0):
 garbage-first heap   total reserved 2097152K, committed 116736K, used 103469K [0x0000000080000000, 0x0000000100000000)
  region size 1024K, 36 young (36864K), 4 survivors (4096K)
}
Event: 30.790 {heap After GC invocations=25 (full 0):
 garbage-first heap   total reserved 2097152K, committed 186368K, used 73825K [0x0000000080000000, 0x0000000100000000)
  region size 1024K, 3 young (3072K), 3 survivors (3072K)
}
Event: 34.042 {heap Before GC invocations=26 (full 0):
 garbage-first heap   total reserved 2097152K, committed 186368K, used 162913K [0x0000000080000000, 0x0000000100000000)
  region size 1024K, 90 young (92160K), 3 survivors (3072K)
}
Event: 34.059 {heap After GC invocations=27 (full 0):
 garbage-first heap   total reserved 2097152K, committed 186368K, used 84456K [0x0000000080000000, 0x0000000100000000)
  region size 1024K, 12 young (12288K), 12 survivors (12288K)
}
Event: 36.550 {heap Before GC invocations=27 (full 0):
 garbage-first heap   total reserved 2097152K, committed 186368K, used 164328K [0x0000000080000000, 0x0000000100000000)
  region size 1024K, 91 young (93184K), 12 survivors (12288K)
}

Metaspace Usage History (20 events):
Event: 24.679 {metaspace After GC invocations=15 (full 0):
 Metaspace       used 55741K, committed 57408K, reserved 1114112K
  class space    used 6640K, committed 7424K, reserved 1048576K
}
Event: 25.921 {metaspace Before GC invocations=15 (full 0):
 Metaspace       used 61345K, committed 62976K, reserved 1114112K
  class space    used 7118K, committed 7872K, reserved 1048576K
}
Event: 25.932 {metaspace After GC invocations=16 (full 0):
 Metaspace       used 61345K, committed 62976K, reserved 1114112K
  class space    used 7118K, committed 7872K, reserved 1048576K
}
Event: 26.588 {metaspace Before GC invocations=16 (full 0):
 Metaspace       used 64053K, committed 65728K, reserved 1114112K
  class space    used 7369K, committed 8128K, reserved 1048576K
}
Event: 26.610 {metaspace After GC invocations=17 (full 0):
 Metaspace       used 64053K, committed 65728K, reserved 1114112K
  class space    used 7369K, committed 8128K, reserved 1048576K
}
Event: 26.929 {metaspace Before GC invocations=18 (full 0):
 Metaspace       used 64499K, committed 66176K, reserved 1114112K
  class space    used 7430K, committed 8192K, reserved 1048576K
}
Event: 26.948 {metaspace After GC invocations=19 (full 0):
 Metaspace       used 64499K, committed 66176K, reserved 1114112K
  class space    used 7430K, committed 8192K, reserved 1048576K
}
Event: 27.598 {metaspace Before GC invocations=19 (full 0):
 Metaspace       used 67692K, committed 69376K, reserved 1114112K
  class space    used 7667K, committed 8448K, reserved 1048576K
}
Event: 27.608 {metaspace After GC invocations=20 (full 0):
 Metaspace       used 67692K, committed 69376K, reserved 1114112K
  class space    used 7667K, committed 8448K, reserved 1048576K
}
Event: 28.378 {metaspace Before GC invocations=20 (full 0):
 Metaspace       used 70130K, committed 71808K, reserved 1114112K
  class space    used 7877K, committed 8640K, reserved 1048576K
}
Event: 28.384 {metaspace After GC invocations=21 (full 0):
 Metaspace       used 70130K, committed 71808K, reserved 1114112K
  class space    used 7877K, committed 8640K, reserved 1048576K
}
Event: 29.292 {metaspace Before GC invocations=22 (full 0):
 Metaspace       used 71915K, committed 73600K, reserved 1114112K
  class space    used 8067K, committed 8832K, reserved 1048576K
}
Event: 29.303 {metaspace After GC invocations=23 (full 0):
 Metaspace       used 71915K, committed 73600K, reserved 1114112K
  class space    used 8067K, committed 8832K, reserved 1048576K
}
Event: 29.983 {metaspace Before GC invocations=23 (full 0):
 Metaspace       used 76201K, committed 77888K, reserved 1179648K
  class space    used 8376K, committed 9152K, reserved 1048576K
}
Event: 29.991 {metaspace After GC invocations=24 (full 0):
 Metaspace       used 76201K, committed 77888K, reserved 1179648K
  class space    used 8376K, committed 9152K, reserved 1048576K
}
Event: 30.781 {metaspace Before GC invocations=24 (full 0):
 Metaspace       used 80911K, committed 82560K, reserved 1179648K
  class space    used 8785K, committed 9536K, reserved 1048576K
}
Event: 30.790 {metaspace After GC invocations=25 (full 0):
 Metaspace       used 80911K, committed 82560K, reserved 1179648K
  class space    used 8785K, committed 9536K, reserved 1048576K
}
Event: 34.042 {metaspace Before GC invocations=26 (full 0):
 Metaspace       used 89648K, committed 91264K, reserved 1179648K
  class space    used 9679K, committed 10432K, reserved 1048576K
}
Event: 34.059 {metaspace After GC invocations=27 (full 0):
 Metaspace       used 89648K, committed 91264K, reserved 1179648K
  class space    used 9679K, committed 10432K, reserved 1048576K
}
Event: 36.550 {metaspace Before GC invocations=27 (full 0):
 Metaspace       used 96690K, committed 98496K, reserved 1179648K
  class space    used 10207K, committed 11072K, reserved 1048576K
}

Dll operation events (14 events):
Event: 0.032 Loaded shared library C:\Program Files\Eclipse Adoptium\jdk-25.0.1.8-hotspot\bin\java.dll
Event: 0.190 Loaded shared library C:\Program Files\Eclipse Adoptium\jdk-25.0.1.8-hotspot\bin\zip.dll
Event: 0.199 Loaded shared library C:\Program Files\Eclipse Adoptium\jdk-25.0.1.8-hotspot\bin\instrument.dll
Event: 0.209 Loaded shared library C:\Program Files\Eclipse Adoptium\jdk-25.0.1.8-hotspot\bin\net.dll
Event: 0.215 Loaded shared library C:\Program Files\Eclipse Adoptium\jdk-25.0.1.8-hotspot\bin\nio.dll
Event: 0.220 Loaded shared library C:\Program Files\Eclipse Adoptium\jdk-25.0.1.8-hotspot\bin\zip.dll
Event: 0.927 Loaded shared library C:\Program Files\Eclipse Adoptium\jdk-25.0.1.8-hotspot\bin\jimage.dll
Event: 1.516 Loaded shared library C:\Program Files\Eclipse Adoptium\jdk-25.0.1.8-hotspot\bin\verify.dll
Event: 1.621 Loaded shared library C:\Users\ACER\.gradle\native\660c5614fbf4a5f2a75b1949f50a0caf5cd603558e7d8a26e50b933a0cfb79d1\windows-amd64\native-platform.dll
Event: 1.661 Loaded shared library C:\Users\ACER\.gradle\native\0.2.8\x86_64-windows-gnu\gradle-fileevents.dll
Event: 4.135 Loaded shared library C:\Program Files\Eclipse Adoptium\jdk-25.0.1.8-hotspot\bin\management.dll
Event: 4.143 Loaded shared library C:\Program Files\Eclipse Adoptium\jdk-25.0.1.8-hotspot\bin\management_ext.dll
Event: 4.484 Loaded shared library C:\Program Files\Eclipse Adoptium\jdk-25.0.1.8-hotspot\bin\extnet.dll
Event: 5.443 Loaded shared library C:\Program Files\Eclipse Adoptium\jdk-25.0.1.8-hotspot\bin\sunmscapi.dll

Deoptimization events (20 events):
Event: 35.601 Thread 0x000001c9197851c0 Uncommon trap: trap_request=0xffffffde fr.pc=0x000001c907d8761c relative=0x000000000000021c
Event: 35.601 Thread 0x000001c9197851c0 Uncommon trap: reason=class_check action=maybe_recompile pc=0x000001c907d8761c method=org.jetbrains.kotlin.protobuf.CodedOutputStream.refreshBuffer()V @ 28 c2
Event: 35.601 Thread 0x000001c9197851c0 DEOPT PACKING pc=0x000001c907d8761c sp=0x000000a75a9f4830
Event: 35.601 Thread 0x000001c9197851c0 DEOPT UNPACKING pc=0x000001c9077cf902 sp=0x000000a75a9f4798 mode 2
Event: 35.601 Thread 0x000001c9197851c0 Uncommon trap: trap_request=0xffffffde fr.pc=0x000001c907d8761c relative=0x000000000000021c
Event: 35.601 Thread 0x000001c9197851c0 Uncommon trap: reason=class_check action=maybe_recompile pc=0x000001c907d8761c method=org.jetbrains.kotlin.protobuf.CodedOutputStream.refreshBuffer()V @ 28 c2
Event: 35.601 Thread 0x000001c9197851c0 DEOPT PACKING pc=0x000001c907d8761c sp=0x000000a75a9f4830
Event: 35.601 Thread 0x000001c9197851c0 DEOPT UNPACKING pc=0x000001c9077cf902 sp=0x000000a75a9f4798 mode 2
Event: 35.601 Thread 0x000001c9197851c0 Uncommon trap: trap_request=0xffffffde fr.pc=0x000001c907ec541c relative=0x000000000000021c
Event: 35.601 Thread 0x000001c9197851c0 Uncommon trap: reason=class_check action=maybe_recompile pc=0x000001c907ec541c method=org.jetbrains.kotlin.protobuf.CodedOutputStream.refreshBuffer()V @ 28 c2
Event: 35.601 Thread 0x000001c9197851c0 DEOPT PACKING pc=0x000001c907ec541c sp=0x000000a75a9f47d0
Event: 35.601 Thread 0x000001c9197851c0 DEOPT UNPACKING pc=0x000001c9077cf902 sp=0x000000a75a9f4798 mode 2
Event: 36.026 Thread 0x000001c9197851c0 Uncommon trap: trap_request=0xffffff45 fr.pc=0x000001c907f3fa78 relative=0x0000000000001778
Event: 36.026 Thread 0x000001c9197851c0 Uncommon trap: reason=unstable_if action=reinterpret pc=0x000001c907f3fa78 method=org.jetbrains.org.objectweb.asm.ClassReader.readElementValue(Lorg/jetbrains/org/objectweb/asm/AnnotationVisitor;ILjava/lang/String;[C)I @ 587 c2
Event: 36.026 Thread 0x000001c9197851c0 DEOPT PACKING pc=0x000001c907f3fa78 sp=0x000000a75a9f1760
Event: 36.026 Thread 0x000001c9197851c0 DEOPT UNPACKING pc=0x000001c9077cf902 sp=0x000000a75a9f16d0 mode 2
Event: 36.524 Thread 0x000001c9197851c0 Uncommon trap: trap_request=0xffffff45 fr.pc=0x000001c907f9a9a0 relative=0x00000000000005a0
Event: 36.524 Thread 0x000001c9197851c0 Uncommon trap: reason=unstable_if action=reinterpret pc=0x000001c907f9a9a0 method=org.jetbrains.kotlin.fir.caches.FirThreadUnsafeCache.getValue(Ljava/lang/Object;Ljava/lang/Object;)Ljava/lang/Object; @ 107 c2
Event: 36.524 Thread 0x000001c9197851c0 DEOPT PACKING pc=0x000001c907f9a9a0 sp=0x000000a75a9f44d0
Event: 36.524 Thread 0x000001c9197851c0 DEOPT UNPACKING pc=0x000001c9077cf902 sp=0x000000a75a9f4460 mode 2

Classes loaded (20 events):
Event: 30.810 Loading class java/util/PriorityQueue
Event: 30.810 Loading class java/util/PriorityQueue done
Event: 32.659 Loading class java/lang/classfile/CodeModel
Event: 32.660 Loading class java/lang/classfile/CodeModel done
Event: 32.937 Loading class java/util/AbstractList$SubList
Event: 32.937 Loading class java/util/AbstractList$SubList done
Event: 32.938 Loading class java/util/AbstractList$SubList$1
Event: 32.938 Loading class java/util/AbstractList$SubList$1 done
Event: 33.133 Loading class java/util/EnumMap$EntrySet
Event: 33.134 Loading class java/util/EnumMap$EntrySet done
Event: 33.134 Loading class java/util/EnumMap$EntryIterator
Event: 33.134 Loading class java/util/EnumMap$EnumMapIterator
Event: 33.135 Loading class java/util/EnumMap$EnumMapIterator done
Event: 33.135 Loading class java/util/EnumMap$EntryIterator done
Event: 33.135 Loading class java/util/EnumMap$EntryIterator$Entry
Event: 33.135 Loading class java/util/EnumMap$EntryIterator$Entry done
Event: 33.457 Loading class java/util/AbstractList$RandomAccessSubList
Event: 33.457 Loading class java/util/AbstractList$RandomAccessSubList done
Event: 34.471 Loading class java/util/ArrayList$SubList$1
Event: 34.471 Loading class java/util/ArrayList$SubList$1 done

Classes unloaded (1 events):
Event: 26.770 Thread 0x000001c914558ba0 Unloading class 0x0000000036604000 '_BuildScript_'

Classes redefined (0 events):
No events

Internal exceptions (20 events):
Event: 25.742 Thread 0x000001c9197851c0 Exception <a 'java/lang/NoSuchMethodError'{0x0000000083acbe28}: 'java.lang.Object java.lang.invoke.DirectMethodHandle$Holder.invokeStatic(java.lang.Object, java.lang.Object, java.lang.Object, java.lang.Object, int, java.lang.Object)'> (0x0000000083acbe28) 
thrown [s\src\hotspot\share\interpreter\linkResolver.cpp, line 804]
Event: 25.776 Thread 0x000001c9197851c0 Exception <a 'java/lang/NoSuchMethodError'{0x00000000839d3b90}: 'long java.lang.invoke.DirectMethodHandle$Holder.invokeStatic(java.lang.Object, java.lang.Object, int)'> (0x00000000839d3b90) 
thrown [s\src\hotspot\share\interpreter\linkResolver.cpp, line 804]
Event: 25.777 Thread 0x000001c9197851c0 Exception <a 'java/lang/NoSuchMethodError'{0x00000000839e55f8}: 'long java.lang.invoke.DelegatingMethodHandle$Holder.reinvoke_L(java.lang.Object, java.lang.Object, int)'> (0x00000000839e55f8) 
thrown [s\src\hotspot\share\interpreter\linkResolver.cpp, line 804]
Event: 25.778 Thread 0x000001c9197851c0 Exception <a 'java/lang/NoSuchMethodError'{0x00000000839ff0f0}: 'java.lang.Object java.lang.invoke.DelegatingMethodHandle$Holder.reinvoke_L(java.lang.Object, int, long, java.lang.Object, java.lang.Object, int, java.lang.Object)'> (0x00000000839ff0f0) 
thrown [s\src\hotspot\share\interpreter\linkResolver.cpp, line 804]
Event: 26.259 Thread 0x000001c9197851c0 Exception <a 'java/lang/NoSuchMethodError'{0x0000000084d75a40}: 'java.lang.Object java.lang.invoke.Invokers$Holder.invokeExact_MT(java.lang.Object, java.lang.Object, long, java.lang.Object)'> (0x0000000084d75a40) 
thrown [s\src\hotspot\share\interpreter\linkResolver.cpp, line 804]
Event: 26.376 Thread 0x000001c9197851c0 Exception <a 'java/lang/NoSuchMethodError'{0x0000000084768d68}: 'java.lang.Object java.lang.invoke.DirectMethodHandle$Holder.invokeStatic(java.lang.Object, java.lang.Object, long, long)'> (0x0000000084768d68) 
thrown [s\src\hotspot\share\interpreter\linkResolver.cpp, line 804]
Event: 26.386 Thread 0x000001c9197851c0 Exception <a 'java/lang/NoSuchMethodError'{0x00000000847ccd90}: 'java.lang.Object java.lang.invoke.DirectMethodHandle$Holder.newInvokeSpecial(java.lang.Object, java.lang.Object, java.lang.Object, long)'> (0x00000000847ccd90) 
thrown [s\src\hotspot\share\interpreter\linkResolver.cpp, line 804]
Event: 26.387 Thread 0x000001c9197851c0 Exception <a 'java/lang/NoSuchMethodError'{0x00000000847d6838}: 'java.lang.Object java.lang.invoke.Invokers$Holder.linkToTargetMethod(java.lang.Object, java.lang.Object, long, java.lang.Object)'> (0x00000000847d6838) 
thrown [s\src\hotspot\share\interpreter\linkResolver.cpp, line 804]
Event: 26.691 Thread 0x000001c9197851c0 Implicit null exception at 0x000001c907ee6696 to 0x000001c907ee6ab8
Event: 26.710 Thread 0x000001c9197851c0 Implicit null exception at 0x000001c907eee941 to 0x000001c907eef010
Event: 30.231 Thread 0x000001c9197851c0 Exception <a 'java/lang/NoSuchMethodError'{0x0000000085ed02a0}: 'java.lang.Object java.lang.invoke.DirectMethodHandle$Holder.newInvokeSpecial(java.lang.Object, java.lang.Object, java.lang.Object, int, java.lang.Object)'> (0x0000000085ed02a0) 
thrown [s\src\hotspot\share\interpreter\linkResolver.cpp, line 804]
Event: 30.231 Thread 0x000001c9197851c0 Exception <a 'java/lang/NoSuchMethodError'{0x0000000085eda658}: 'java.lang.Object java.lang.invoke.DirectMethodHandle$Holder.invokeSpecial(java.lang.Object, java.lang.Object, java.lang.Object, java.lang.Object, int, java.lang.Object)'> (0x0000000085eda658) 
thrown [s\src\hotspot\share\interpreter\linkResolver.cpp, line 804]
Event: 30.232 Thread 0x000001c9197851c0 Exception <a 'java/lang/NoSuchMethodError'{0x0000000085ee4298}: 'java.lang.Object java.lang.invoke.Invokers$Holder.linkToTargetMethod(java.lang.Object, java.lang.Object, int, java.lang.Object, java.lang.Object)'> (0x0000000085ee4298) 
thrown [s\src\hotspot\share\interpreter\linkResolver.cpp, line 804]
Event: 30.295 Thread 0x000001c9197851c0 Exception <a 'java/lang/NoSuchMethodError'{0x0000000085b3c030}: 'java.lang.Object java.lang.invoke.DirectMethodHandle$Holder.newInvokeSpecial(java.lang.Object, java.lang.Object, java.lang.Object, java.lang.Object, int)'> (0x0000000085b3c030) 
thrown [s\src\hotspot\share\interpreter\linkResolver.cpp, line 804]
Event: 30.296 Thread 0x000001c9197851c0 Exception <a 'java/lang/NoSuchMethodError'{0x0000000085b46488}: 'java.lang.Object java.lang.invoke.DirectMethodHandle$Holder.invokeSpecial(java.lang.Object, java.lang.Object, java.lang.Object, java.lang.Object, java.lang.Object, int)'> (0x0000000085b46488) 
thrown [s\src\hotspot\share\interpreter\linkResolver.cpp, line 804]
Event: 30.296 Thread 0x000001c9197851c0 Exception <a 'java/lang/NoSuchMethodError'{0x0000000085b500c8}: 'java.lang.Object java.lang.invoke.Invokers$Holder.linkToTargetMethod(java.lang.Object, java.lang.Object, java.lang.Object, int, java.lang.Object)'> (0x0000000085b500c8) 
thrown [s\src\hotspot\share\interpreter\linkResolver.cpp, line 804]
Event: 33.594 Thread 0x000001c9197851c0 Exception <a 'java/lang/NoSuchMethodError'{0x0000000086755250}: 'java.lang.Object java.lang.invoke.DirectMethodHandle$Holder.newInvokeSpecial(java.lang.Object, int, java.lang.Object)'> (0x0000000086755250) 
thrown [s\src\hotspot\share\interpreter\linkResolver.cpp, line 804]
Event: 36.243 Thread 0x000001c9197851c0 Exception <a 'java/lang/NoSuchMethodError'{0x000000008654c858}: 'java.lang.Object java.lang.invoke.DirectMethodHandle$Holder.newInvokeSpecial(java.lang.Object, java.lang.Object, java.lang.Object, java.lang.Object, java.lang.Object, java.lang.Object, java.lang.Object, java.lang.Object, int)'> (0x000000008654c858) 
thrown [s\src\hotspot\share\interpreter\linkResolver.cpp, line 804]
Event: 36.244 Thread 0x000001c9197851c0 Exception <a 'java/lang/NoSuchMethodError'{0x00000000865577d0}: 'java.lang.Object java.lang.invoke.DirectMethodHandle$Holder.invokeSpecial(java.lang.Object, java.lang.Object, java.lang.Object, java.lang.Object, java.lang.Object, java.lang.Object, java.lang.Object, java.lang.Object, java.lang.Object, int)'> (0x00000000865577d0) 
thrown [s\src\hotspot\share\interpreter\linkResolver.cpp, line 804]
Event: 36.246 Thread 0x000001c9197851c0 Exception <a 'java/lang/NoSuchMethodError'{0x0000000086561c60}: 'java.lang.Object java.lang.invoke.Invokers$Holder.linkToTargetMethod(java.lang.Object, java.lang.Object, java.lang.Object, java.lang.Object, java.lang.Object, java.lang.Object, java.lang.Object, int, java.lang.Object)'> (0x0000000086561c60) 
thrown [s\src\hotspot\share\interpreter\linkResolver.cpp, line 804]

VM Operations (20 events):
Event: 31.041 Executing safepoint VM operation: G1PauseRemark done
Event: 31.122 Executing safepoint VM operation: G1PauseCleanup
Event: 31.138 Executing safepoint VM operation: G1PauseCleanup done
Event: 32.342 Executing non-safepoint VM operation: HandshakeAllThreads (Deoptimize)
Event: 32.342 Executing non-safepoint VM operation: HandshakeAllThreads (Deoptimize) done
Event: 32.861 Executing non-safepoint VM operation: HandshakeAllThreads (Deoptimize)
Event: 32.862 Executing non-safepoint VM operation: HandshakeAllThreads (Deoptimize) done
Event: 33.105 Executing non-safepoint VM operation: HandshakeAllThreads (Deoptimize)
Event: 33.105 Executing non-safepoint VM operation: HandshakeAllThreads (Deoptimize) done
Event: 33.771 Executing non-safepoint VM operation: HandshakeAllThreads (Deoptimize)
Event: 33.771 Executing non-safepoint VM operation: HandshakeAllThreads (Deoptimize) done
Event: 34.042 Executing safepoint VM operation: G1CollectForAllocation (G1 Evacuation Pause)
Event: 34.059 Executing safepoint VM operation: G1CollectForAllocation (G1 Evacuation Pause) done
Event: 35.359 Executing non-safepoint VM operation: HandshakeAllThreads (Deoptimize)
Event: 35.359 Executing non-safepoint VM operation: HandshakeAllThreads (Deoptimize) done
Event: 36.275 Executing non-safepoint VM operation: HandshakeAllThreads (Deoptimize)
Event: 36.275 Executing non-safepoint VM operation: HandshakeAllThreads (Deoptimize) done
Event: 36.449 Executing non-safepoint VM operation: HandshakeAllThreads (Deoptimize)
Event: 36.449 Executing non-safepoint VM operation: HandshakeAllThreads (Deoptimize) done
Event: 36.549 Executing safepoint VM operation: G1CollectForAllocation (G1 Evacuation Pause)

Memory protections (0 events):
No events

Nmethod flushes (20 events):
Event: 31.040 Thread 0x000001c914558ba0 flushing  nmethod 0x000001c907cde588
Event: 31.040 Thread 0x000001c914558ba0 flushing  nmethod 0x000001c9001f9408
Event: 31.040 Thread 0x000001c914558ba0 flushing  nmethod 0x000001c900211008
Event: 31.040 Thread 0x000001c914558ba0 flushing  nmethod 0x000001c9002f1288
Event: 31.040 Thread 0x000001c914558ba0 flushing  nmethod 0x000001c9003aa988
Event: 31.040 Thread 0x000001c914558ba0 flushing  nmethod 0x000001c9003f5a88
Event: 31.040 Thread 0x000001c914558ba0 flushing  nmethod 0x000001c9009b5e88
Event: 31.040 Thread 0x000001c914558ba0 flushing  nmethod 0x000001c900a7cb08
Event: 31.040 Thread 0x000001c914558ba0 flushing  nmethod 0x000001c907ee6488
Event: 31.040 Thread 0x000001c914558ba0 flushing  nmethod 0x000001c907eee588
Event: 31.040 Thread 0x000001c914558ba0 flushing  nmethod 0x000001c907ef4608
Event: 31.040 Thread 0x000001c914558ba0 flushing osr nmethod 0x000001c907ef5408
Event: 31.040 Thread 0x000001c914558ba0 flushing  nmethod 0x000001c9002a5408
Event: 31.040 Thread 0x000001c914558ba0 flushing  nmethod 0x000001c9002e9608
Event: 31.040 Thread 0x000001c914558ba0 flushing  nmethod 0x000001c900312d88
Event: 31.040 Thread 0x000001c914558ba0 flushing  nmethod 0x000001c90032e488
Event: 31.040 Thread 0x000001c914558ba0 flushing  nmethod 0x000001c90064ab08
Event: 31.040 Thread 0x000001c914558ba0 flushing  nmethod 0x000001c900ad6608
Event: 31.040 Thread 0x000001c914558ba0 flushing  nmethod 0x000001c900ad8d88
Event: 31.040 Thread 0x000001c914558ba0 flushing  nmethod 0x000001c900adb188

Events (20 events):
Event: 17.142 Thread 0x000001c9197851c0 Thread added: 0x000001c91ae23dc0
Event: 17.205 Thread 0x000001c91aa52910 Thread exited: 0x000001c91aa52910
Event: 17.367 Thread 0x000001c914594ec0 Thread added: 0x000001c91aa55160
Event: 19.093 Thread 0x000001c91aa55160 Thread exited: 0x000001c91aa55160
Event: 19.436 Thread 0x000001c9145906a0 Thread added: 0x000001c91d213550
Event: 21.229 Thread 0x000001c91d213550 Thread exited: 0x000001c91d213550
Event: 22.108 Thread 0x000001c9145906a0 Thread added: 0x000001c91d213550
Event: 22.602 Thread 0x000001c91d213550 Thread exited: 0x000001c91d213550
Event: 26.307 Thread 0x000001c914594ec0 Thread added: 0x000001c91d2175d0
Event: 26.958 Thread 0x000001c91d2175d0 Thread exited: 0x000001c91d2175d0
Event: 31.070 Thread 0x000001c914594ec0 Thread added: 0x000001c91d21c670
Event: 32.040 Thread 0x000001c91d21c670 Thread exited: 0x000001c91d21c670
Event: 32.672 Thread 0x000001c914594ec0 Thread added: 0x000001c91d21c670
Event: 32.878 Thread 0x000001c91d21c670 Thread exited: 0x000001c91d21c670
Event: 33.481 Thread 0x000001c914594ec0 Thread added: 0x000001c91d21c670
Event: 33.620 Thread 0x000001c91d21c670 Thread exited: 0x000001c91d21c670
Event: 34.077 Thread 0x000001c914594ec0 Thread added: 0x000001c91d21c670
Event: 34.921 Thread 0x000001c91d21c670 Thread exited: 0x000001c91d21c670
Event: 35.337 Thread 0x000001c914594ec0 Thread added: 0x000001c91d21dea0
Event: 35.601 Thread 0x000001c91d21dea0 Thread exited: 0x000001c91d21dea0


Dynamic libraries:
0x00007ff723ba0000 - 0x00007ff723bae000 	C:\Program Files\Eclipse Adoptium\jdk-25.0.1.8-hotspot\bin\java.exe
0x00007ffcaabd0000 - 0x00007ffcaade7000 	C:\Windows\SYSTEM32\ntdll.dll
0x00007ffca9650000 - 0x00007ffca9714000 	C:\Windows\System32\KERNEL32.DLL
0x00007ffca8150000 - 0x00007ffca8507000 	C:\Windows\System32\KERNELBASE.dll
0x00007ffca7ee0000 - 0x00007ffca7ff1000 	C:\Windows\System32\ucrtbase.dll
0x00007ffc84110000 - 0x00007ffc84126000 	C:\Program Files\Eclipse Adoptium\jdk-25.0.1.8-hotspot\bin\jli.dll
0x00007ffc90540000 - 0x00007ffc9055e000 	C:\Program Files\Eclipse Adoptium\jdk-25.0.1.8-hotspot\bin\VCRUNTIME140.dll
0x00007ffcaa090000 - 0x00007ffcaa23f000 	C:\Windows\System32\USER32.dll
0x00007ffca8000000 - 0x00007ffca8026000 	C:\Windows\System32\win32u.dll
0x00007ffcaa6c0000 - 0x00007ffcaa6e9000 	C:\Windows\System32\GDI32.dll
0x00007ffca8030000 - 0x00007ffca8148000 	C:\Windows\System32\gdi32full.dll
0x00007ffca8830000 - 0x00007ffca88ca000 	C:\Windows\System32\msvcp_win.dll
0x00007ffc90830000 - 0x00007ffc90ac3000 	C:\Windows\WinSxS\amd64_microsoft.windows.common-controls_6595b64144ccf1df_6.0.22621.3672_none_2713b9d173822955\COMCTL32.dll
0x00007ffca95a0000 - 0x00007ffca9647000 	C:\Windows\System32\msvcrt.dll
0x00007ffca9260000 - 0x00007ffca9291000 	C:\Windows\System32\IMM32.DLL
0x00007ffca2fa0000 - 0x00007ffca2fac000 	C:\Program Files\Eclipse Adoptium\jdk-25.0.1.8-hotspot\bin\vcruntime140_1.dll
0x00007ffc776f0000 - 0x00007ffc7777d000 	C:\Program Files\Eclipse Adoptium\jdk-25.0.1.8-hotspot\bin\msvcp140.dll
0x00007ffc5d170000 - 0x00007ffc5e096000 	C:\Program Files\Eclipse Adoptium\jdk-25.0.1.8-hotspot\bin\server\jvm.dll
0x00007ffcaaad0000 - 0x00007ffcaab82000 	C:\Windows\System32\ADVAPI32.dll
0x00007ffca9c50000 - 0x00007ffca9cf8000 	C:\Windows\System32\sechost.dll
0x00007ffca88d0000 - 0x00007ffca88f8000 	C:\Windows\System32\bcrypt.dll
0x00007ffca9860000 - 0x00007ffca9974000 	C:\Windows\System32\RPCRT4.dll
0x00007ffcaaa50000 - 0x00007ffcaaac1000 	C:\Windows\System32\WS2_32.dll
0x00007ffca7db0000 - 0x00007ffca7dfd000 	C:\Windows\SYSTEM32\POWRPROF.dll
0x00007ffca2e40000 - 0x00007ffca2e74000 	C:\Windows\SYSTEM32\WINMM.dll
0x00007ffca0ba0000 - 0x00007ffca0baa000 	C:\Windows\SYSTEM32\VERSION.dll
0x00007ffca7d90000 - 0x00007ffca7da3000 	C:\Windows\SYSTEM32\UMPDC.dll
0x00007ffca6e90000 - 0x00007ffca6ea8000 	C:\Windows\SYSTEM32\kernel.appcore.dll
0x00007ffca26b0000 - 0x00007ffca26ba000 	C:\Program Files\Eclipse Adoptium\jdk-25.0.1.8-hotspot\bin\jimage.dll
0x00007ffc8f0f0000 - 0x00007ffc8f322000 	C:\Windows\SYSTEM32\DBGHELP.DLL
0x00007ffca9d00000 - 0x00007ffcaa08e000 	C:\Windows\System32\combase.dll
0x00007ffca94c0000 - 0x00007ffca9597000 	C:\Windows\System32\OLEAUT32.dll
0x00007ffc89a00000 - 0x00007ffc89a32000 	C:\Windows\SYSTEM32\dbgcore.DLL
0x00007ffca8580000 - 0x00007ffca85fb000 	C:\Windows\System32\bcryptPrimitives.dll
0x00007ffc9fc50000 - 0x00007ffc9fc5f000 	C:\Program Files\Eclipse Adoptium\jdk-25.0.1.8-hotspot\bin\instrument.dll
0x00007ffc81f30000 - 0x00007ffc81f4e000 	C:\Program Files\Eclipse Adoptium\jdk-25.0.1.8-hotspot\bin\java.dll
0x00007ffcaa8a0000 - 0x00007ffcaaa45000 	C:\Windows\System32\ole32.dll
0x00007ffca8960000 - 0x00007ffca91c9000 	C:\Windows\System32\SHELL32.dll
0x00007ffca5e00000 - 0x00007ffca66ff000 	C:\Windows\SYSTEM32\windows.storage.dll
0x00007ffca5cc0000 - 0x00007ffca5dff000 	C:\Windows\SYSTEM32\wintypes.dll
0x00007ffca9980000 - 0x00007ffca9a79000 	C:\Windows\System32\SHCORE.dll
0x00007ffca9200000 - 0x00007ffca925e000 	C:\Windows\System32\shlwapi.dll
0x00007ffca7e10000 - 0x00007ffca7e37000 	C:\Windows\SYSTEM32\profapi.dll
0x00007ffc7a8b0000 - 0x00007ffc7a8c7000 	C:\Program Files\Eclipse Adoptium\jdk-25.0.1.8-hotspot\bin\zip.dll
0x00007ffc7a210000 - 0x00007ffc7a221000 	C:\Program Files\Eclipse Adoptium\jdk-25.0.1.8-hotspot\bin\net.dll
0x00007ffca7350000 - 0x00007ffca73b9000 	C:\Windows\system32\mswsock.dll
0x00007ffc79e90000 - 0x00007ffc79ea6000 	C:\Program Files\Eclipse Adoptium\jdk-25.0.1.8-hotspot\bin\nio.dll
0x00007ffc9e610000 - 0x00007ffc9e620000 	C:\Program Files\Eclipse Adoptium\jdk-25.0.1.8-hotspot\bin\verify.dll
0x00007ffc843d0000 - 0x00007ffc843f7000 	C:\Users\ACER\.gradle\native\660c5614fbf4a5f2a75b1949f50a0caf5cd603558e7d8a26e50b933a0cfb79d1\windows-amd64\native-platform.dll
0x00007ffc72910000 - 0x00007ffc72987000 	C:\Users\ACER\.gradle\native\0.2.8\x86_64-windows-gnu\gradle-fileevents.dll
0x00007ffc9cce0000 - 0x00007ffc9ccea000 	C:\Program Files\Eclipse Adoptium\jdk-25.0.1.8-hotspot\bin\management.dll
0x00007ffc90530000 - 0x00007ffc9053c000 	C:\Program Files\Eclipse Adoptium\jdk-25.0.1.8-hotspot\bin\management_ext.dll
0x00007ffca91d0000 - 0x00007ffca91d8000 	C:\Windows\System32\PSAPI.DLL
0x00007ffca6960000 - 0x00007ffca698d000 	C:\Windows\SYSTEM32\IPHLPAPI.DLL
0x00007ffca9a80000 - 0x00007ffca9a89000 	C:\Windows\System32\NSI.dll
0x00007ffc90290000 - 0x00007ffc90299000 	C:\Program Files\Eclipse Adoptium\jdk-25.0.1.8-hotspot\bin\extnet.dll
0x00007ffca7560000 - 0x00007ffca757b000 	C:\Windows\SYSTEM32\CRYPTSP.dll
0x00007ffca6e50000 - 0x00007ffca6e85000 	C:\Windows\system32\rsaenh.dll
0x00007ffca7400000 - 0x00007ffca7428000 	C:\Windows\SYSTEM32\USERENV.dll
0x00007ffca7580000 - 0x00007ffca758c000 	C:\Windows\SYSTEM32\CRYPTBASE.dll
0x00007ffc899b0000 - 0x00007ffc899be000 	C:\Program Files\Eclipse Adoptium\jdk-25.0.1.8-hotspot\bin\sunmscapi.dll
0x00007ffca86c0000 - 0x00007ffca8826000 	C:\Windows\System32\CRYPT32.dll
0x00007ffca77b0000 - 0x00007ffca77dd000 	C:\Windows\SYSTEM32\ncrypt.dll
0x00007ffca7770000 - 0x00007ffca77a7000 	C:\Windows\SYSTEM32\NTASN1.dll
0x00007ffc67e70000 - 0x00007ffc67e78000 	C:\Windows\system32\wshunix.dll

JVMTI agents:
C:\Users\ACER\.gradle\wrapper\dists\gradle-9.3.1-bin\23ovyewtku6u96viwx3xl3oks\gradle-9.3.1\lib\agents\gradle-instrumentation-agent-9.3.1.jar path:C:\Program Files\Eclipse Adoptium\jdk-25.0.1.8-hotspot\bin\instrument.dll, loaded, initialized, instrumentlib options:none

dbghelp: loaded successfully - version: 4.0.5 - missing functions: none
symbol engine: initialized successfully - sym options: 0x614 - pdb path: .;C:\Program Files\Eclipse Adoptium\jdk-25.0.1.8-hotspot\bin;C:\Windows\SYSTEM32;C:\Windows\WinSxS\amd64_microsoft.windows.common-controls_6595b64144ccf1df_6.0.22621.3672_none_2713b9d173822955;C:\Program Files\Eclipse Adoptium\jdk-25.0.1.8-hotspot\bin\server;C:\Users\ACER\.gradle\native\660c5614fbf4a5f2a75b1949f50a0caf5cd603558e7d8a26e50b933a0cfb79d1\windows-amd64;C:\Users\ACER\.gradle\native\0.2.8\x86_64-windows-gnu

VM Arguments:
jvm_args: --add-opens=java.base/java.lang=ALL-UNNAMED --add-opens=java.base/java.lang.invoke=ALL-UNNAMED --add-opens=java.base/java.util=ALL-UNNAMED --add-opens=java.prefs/java.util.prefs=ALL-UNNAMED --add-exports=jdk.compiler/com.sun.tools.javac.api=ALL-UNNAMED --add-exports=jdk.compiler/com.sun.tools.javac.util=ALL-UNNAMED --add-opens=java.base/java.util=ALL-UNNAMED --add-opens=java.prefs/java.util.prefs=ALL-UNNAMED --add-opens=java.base/java.nio.charset=ALL-UNNAMED --add-opens=java.base/java.net=ALL-UNNAMED --add-opens=java.base/java.util.concurrent=ALL-UNNAMED --add-opens=java.base/java.util.concurrent.atomic=ALL-UNNAMED --add-opens=java.xml/javax.xml.namespace=ALL-UNNAMED --add-opens=java.base/java.time=ALL-UNNAMED --enable-native-access=ALL-UNNAMED -Xmx2048m -Dfile.encoding=UTF-8 -Duser.country=FR -Duser.language=fr -Duser.variant -javaagent:C:\Users\ACER\.gradle\wrapper\dists\gradle-9.3.1-bin\23ovyewtku6u96viwx3xl3oks\gradle-9.3.1\lib\agents\gradle-instrumentation-agent-9.3.1.jar 
java_command: org.gradle.launcher.daemon.bootstrap.GradleDaemon 9.3.1
java_class_path (initial): C:\Users\ACER\.gradle\wrapper\dists\gradle-9.3.1-bin\23ovyewtku6u96viwx3xl3oks\gradle-9.3.1\lib\gradle-daemon-main-9.3.1.jar
Launcher Type: SUN_STANDARD

[Global flags]
     intx CICompilerCount                          = 3                                         {product} {ergonomic}
     uint ConcGCThreads                            = 1                                         {product} {ergonomic}
     uint G1ConcRefinementThreads                  = 4                                         {product} {ergonomic}
   size_t G1HeapRegionSize                         = 1048576                                   {product} {ergonomic}
   size_t InitialHeapSize                          = 134217728                                 {product} {ergonomic}
   size_t MarkStackSize                            = 4194304                                   {product} {ergonomic}
   size_t MarkStackSizeMax                         = 536870912                                 {product} {ergonomic}
   size_t MaxHeapSize                              = 2147483648                                {product} {command line}
   size_t MaxNewSize                               = 1287651328                                {product} {ergonomic}
   size_t MinHeapDeltaBytes                        = 1048576                                   {product} {ergonomic}
   size_t MinHeapSize                              = 8388608                                   {product} {ergonomic}
    uintx NonNMethodCodeHeapSize                   = 5832704                                {pd product} {ergonomic}
    uintx NonProfiledCodeHeapSize                  = 122945536                              {pd product} {ergonomic}
    uintx ProfiledCodeHeapSize                     = 122880000                              {pd product} {ergonomic}
    uintx ReservedCodeCacheSize                    = 251658240                              {pd product} {ergonomic}
     bool SegmentedCodeCache                       = true                                      {product} {ergonomic}
   size_t SoftMaxHeapSize                          = 2147483648                             {manageable} {ergonomic}
     bool UseCompressedOops                        = true                           {product lp64_product} {ergonomic}
     bool UseG1GC                                  = true                                      {product} {ergonomic}
     bool UseLargePagesIndividualAllocation        = false                                  {pd product} {ergonomic}

Logging:
Log output configuration:
 #0: stdout all=warning uptime,level,tags foldmultilines=false
 #1: stderr all=off uptime,level,tags foldmultilines=false

Release file:
IMPLEMENTOR="Eclipse Adoptium" 
IMPLEMENTOR_VERSION="Temurin-25.0.1+8" 
JAVA_RUNTIME_VERSION="25.0.1+8-LTS" 
JAVA_VERSION="25.0.1" 
JAVA_VERSION_DATE="2025-10-21" 
LIBC="default" 
MODULES="java.base java.compiler java.datatransfer java.xml java.prefs java.desktop java.instrument java.logging java.management java.security.sasl java.naming java.rmi java.management.rmi java.net.http java.scripting java.security.jgss java.transaction.xa java.sql java.sql.rowset java.xml.crypto java.se java.smartcardio jdk.accessibility jdk.internal.jvmstat jdk.attach jdk.charsets jdk.internal.opt jdk.zipfs jdk.compiler jdk.crypto.cryptoki jdk.crypto.ec jdk.crypto.mscapi jdk.dynalink jdk.internal.ed jdk.editpad jdk.internal.vm.ci jdk.graal.compiler jdk.graal.compiler.management jdk.hotspot.agent jdk.httpserver jdk.incubator.vector jdk.internal.le jdk.internal.md jdk.jartool jdk.javadoc jdk.jcmd jdk.management jdk.management.agent jdk.jconsole jdk.jdeps jdk.jdwp.agent jdk.jdi jdk.jfr jdk.jlink jdk.jpackage jdk.jshell jdk.jsobject jdk.jstatd jdk.localedata jdk.management.jfr jdk.naming.dns jdk.naming.rmi jdk.net jdk.nio.mapmode jdk.sctp jdk.security.auth jdk.security.jgss jdk.unsupported jdk.unsupported.desktop jdk.xml.dom" 
OS_ARCH="x86_64" 
OS_NAME="Windows" 
SOURCE=".:git:61d6a2c1b35e" 
BUILD_SOURCE="git:839fa0b45d809157cffd3dc8515aad262a4a1776"
BUILD_SOURCE_REPO="https://github.com/adoptium/temurin-build.git"
SOURCE_REPO="https://github.com/adoptium/jdk25u.git"
FULL_VERSION="25.0.1+8-LTS"
SEMANTIC_VERSION="25.0.1+8"
BUILD_INFO="OS: Windows Server 2022 Version: 10.0"
JVM_VARIANT="Hotspot"
JVM_VERSION="25.0.1+8-LTS"
IMAGE_TYPE="JDK"

Environment Variables:
PATH=C:\Program Files\Eclipse Adoptium\jdk-25.0.1.8-hotspot\bin;C:\Windows\system32;C:\Windows;C:\Windows\System32\Wbem;C:\Windows\System32\WindowsPowerShell\v1.0\;C:\Windows\System32\OpenSSH\;C:\MinGW\bin;C:\Program Files\Git\cmd;C:\Program Files\nodejs\;C:\Users\ACER\.local\bin;C:\Users\ACER\AppData\Local\Programs\Python\Python314\Scripts\;C:\Users\ACER\AppData\Local\Programs\Python\Python314\;C:\Users\ACER\AppData\Local\Programs\Python\Launcher\;C:\Users\ACER\AppData\Local\Microsoft\WindowsApps;C:\Users\ACER\AppData\Local\Programs\Microsoft VS Code\bin;C:\MinGW\bin;C:\Users\ACER\AppData\Roaming\npm;C:\Users\ACER\AppData\Local\Programs\DockerDesktop\resources\bin
USERNAME=ACER
OS=Windows_NT
PROCESSOR_IDENTIFIER=Intel64 Family 6 Model 78 Stepping 3, GenuineIntel
TMP=C:\Users\ACER\AppData\Local\Temp
TEMP=C:\Users\ACER\AppData\Local\Temp




Compilation memory statistics disabled.

Periodic native trim disabled

---------------  S Y S T E M  ---------------

OS:
 Windows 11 , 64 bit Build 22621 (10.0.22621.3958)
OS uptime: 2 days 2:33 hours
Hyper-V role detected

CPU: total 4 (initial active 4) (2 cores per cpu, 2 threads per core) family 6 model 78 stepping 3 microcode 0xd6, cx8, cmov, fxsr, ht, mmx, 3dnowpref, sse, sse2, sse3, ssse3, sse4.1, sse4.2, popcnt, lzcnt, tsc, tscinvbit, avx, avx2, aes, erms, clmul, bmi1, bmi2, adx, fma, vzeroupper, clflush, clflushopt, hv, rdtscp, f16c
Processor Information for processor 0
  Max Mhz: 2401, Current Mhz: 1500, Mhz Limit: 2184
Processor Information for processor 1
  Max Mhz: 2401, Current Mhz: 2200, Mhz Limit: 2184
Processor Information for processor 2
  Max Mhz: 2401, Current Mhz: 1500, Mhz Limit: 2184
Processor Information for processor 3
  Max Mhz: 2401, Current Mhz: 1500, Mhz Limit: 2184

Memory: 4k page, system-wide physical 8097M (408M free)
TotalPageFile size 10097M (AvailPageFile size 2M)
current process WorkingSet (physical memory assigned to process): 414M, peak: 414M
current process commit charge ("private bytes"): 448M, peak: 453M

vm_info: OpenJDK 64-Bit Server VM (25.0.1+8-LTS) for windows-amd64 JRE (25.0.1+8-LTS), built on 2025-10-21T00:00:00Z with unknown MS VC++:1942

END.
