#
# There is insufficient memory for the Java Runtime Environment to continue.
# Native memory allocation (malloc) failed to allocate 2898712 bytes. Error detail: Chunk::new
# Possible reasons:
#   The system is out of physical RAM or swap space
#   This process is running with CompressedOops enabled, and the Java Heap may be blocking the growth of the native heap
# Possible solutions:
#   Reduce memory load on the system
#   Increase physical memory or swap space
#   Check if swap backing store is full
#   Decrease Java heap size (-Xmx/-Xms)
#   Decrease number of Java threads
#   Decrease Java thread stack sizes (-Xss)
#   Set larger code cache with -XX:ReservedCodeCacheSize=
#   JVM is running with Unscaled Compressed Oops mode in which the Java heap is
#     placed in the first 4GB address space. The Java Heap base address is the
#     maximum limit for the native heap growth. Please use -XX:HeapBaseMinAddress
#     to set the Java Heap base and to place the Java Heap above 4GB virtual address.
# This output file may be truncated or incomplete.
#
#  Out of Memory Error (arena.cpp:186), pid=16876, tid=3636
#
# JRE version: OpenJDK Runtime Environment Temurin-25.0.1+8 (25.0.1+8) (build 25.0.1+8-LTS)
# Java VM: OpenJDK 64-Bit Server VM Temurin-25.0.1+8 (25.0.1+8-LTS, mixed mode, sharing, tiered, compressed oops, compressed class ptrs, g1 gc, windows-amd64)
# No core dump will be written. Minidumps are not enabled by default on client versions of Windows
#

---------------  S U M M A R Y ------------

Command Line: --add-opens=java.base/java.lang=ALL-UNNAMED --add-opens=java.base/java.lang.invoke=ALL-UNNAMED --add-opens=java.base/java.util=ALL-UNNAMED --add-opens=java.prefs/java.util.prefs=ALL-UNNAMED --add-exports=jdk.compiler/com.sun.tools.javac.api=ALL-UNNAMED --add-exports=jdk.compiler/com.sun.tools.javac.util=ALL-UNNAMED --add-opens=java.base/java.util=ALL-UNNAMED --add-opens=java.prefs/java.util.prefs=ALL-UNNAMED --add-opens=java.base/java.nio.charset=ALL-UNNAMED --add-opens=java.base/java.net=ALL-UNNAMED --add-opens=java.base/java.util.concurrent=ALL-UNNAMED --add-opens=java.base/java.util.concurrent.atomic=ALL-UNNAMED --add-opens=java.xml/javax.xml.namespace=ALL-UNNAMED --add-opens=java.base/java.time=ALL-UNNAMED --enable-native-access=ALL-UNNAMED -Xmx2048m -Dfile.encoding=UTF-8 -Duser.country=FR -Duser.language=fr -Duser.variant -javaagent:C:\Users\ACER\.gradle\wrapper\dists\gradle-9.3.1-bin\23ovyewtku6u96viwx3xl3oks\gradle-9.3.1\lib\agents\gradle-instrumentation-agent-9.3.1.jar org.gradle.launcher.daemon.bootstrap.GradleDaemon 9.3.1

Host: Intel(R) Core(TM) i5-6200U CPU @ 2.30GHz, 4 cores, 7G,  Windows 11 , 64 bit Build 22621 (10.0.22621.3958)
Time: Sun Jun 14 15:35:32 2026 Săo Tomé (heure standard) elapsed time: 8.724069 seconds (0d 0h 0m 8s)

---------------  T H R E A D  ---------------

Current thread (0x000002717e4c83b0):  JavaThread "C2 CompilerThread1" daemon [_thread_in_native, id=3636, stack(0x0000009c6ae00000,0x0000009c6af00000) (1024K)]


Current CompileTask:
C2:8724 3858       4       jdk.internal.classfile.impl.StackMapGenerator::processInvokeInstructions (262 bytes)

Stack: [0x0000009c6ae00000,0x0000009c6af00000]
Native frames: (J=compiled Java code, j=interpreted, Vv=VM code, C=native code)
V  [jvm.dll+0x7a8379]  (no source info available)
V  [jvm.dll+0x7729fd]  (no source info available)
V  [jvm.dll+0x9f57b3]  (no source info available)
V  [jvm.dll+0x9f7da1]  (no source info available)
V  [jvm.dll+0x9f84a3]  (no source info available)
V  [jvm.dll+0x2fcd26]  (no source info available)
V  [jvm.dll+0x111086]  (no source info available)
V  [jvm.dll+0x1113ae]  (no source info available)
V  [jvm.dll+0x1a01a2]  (no source info available)
V  [jvm.dll+0x3b5e72]  (no source info available)
V  [jvm.dll+0x7adcec]  (no source info available)
V  [jvm.dll+0x2c0327]  (no source info available)
V  [jvm.dll+0x2bf2ef]  (no source info available)
V  [jvm.dll+0x237300]  (no source info available)
V  [jvm.dll+0x2cf386]  (no source info available)
V  [jvm.dll+0x2cd60a]  (no source info available)
V  [jvm.dll+0x48f64e]  (no source info available)
V  [jvm.dll+0x99630d]  (no source info available)
V  [jvm.dll+0x7a6955]  (no source info available)
C  [ucrtbase.dll+0x29333]  (no source info available)
C  [KERNEL32.DLL+0x1257d]  (no source info available)
C  [ntdll.dll+0x5af08]  (no source info available)

Lock stack of current Java thread (top to bottom):


---------------  P R O C E S S  ---------------

Threads class SMR info:
_java_thread_list=0x0000027110c291c0, length=27, elements={
0x000002716c0d4510, 0x00000271799cd980, 0x00000271799cf970, 0x00000271799d27e0,
0x00000271799d33a0, 0x00000271799d4090, 0x00000271799d7050, 0x00000271799d4f00,
0x00000271799d7f40, 0x0000027179b6e030, 0x0000027179c5e400, 0x000002710f057df0,
0x000002710f075a40, 0x000002717f6abec0, 0x000002710f0e7580, 0x000002717f6afea0,
0x000002717f6b1de0, 0x000002717f6b2d80, 0x000002717f6b44f0, 0x000002717f6b5c60,
0x000002717f6b3d20, 0x000002717e710950, 0x000002717e715770, 0x000002717e714fa0,
0x000002717e4c83b0, 0x000002717e7147d0, 0x000002717e712890
}

Java Threads: ( => current thread )
  0x000002716c0d4510 JavaThread "main"                              [_thread_blocked, id=18792, stack(0x0000009c68900000,0x0000009c68a00000) (1024K)]
  0x00000271799cd980 JavaThread "Reference Handler"          daemon [_thread_blocked, id=13060, stack(0x0000009c69200000,0x0000009c69300000) (1024K)]
  0x00000271799cf970 JavaThread "Finalizer"                  daemon [_thread_blocked, id=5684, stack(0x0000009c69300000,0x0000009c69400000) (1024K)]
  0x00000271799d27e0 JavaThread "Signal Dispatcher"          daemon [_thread_blocked, id=8256, stack(0x0000009c69400000,0x0000009c69500000) (1024K)]
  0x00000271799d33a0 JavaThread "Attach Listener"            daemon [_thread_blocked, id=12764, stack(0x0000009c69500000,0x0000009c69600000) (1024K)]
  0x00000271799d4090 JavaThread "Service Thread"             daemon [_thread_blocked, id=13544, stack(0x0000009c69600000,0x0000009c69700000) (1024K)]
  0x00000271799d7050 JavaThread "Monitor Deflation Thread"   daemon [_thread_blocked, id=8604, stack(0x0000009c69700000,0x0000009c69800000) (1024K)]
  0x00000271799d4f00 JavaThread "C2 CompilerThread0"         daemon [_thread_in_native, id=8056, stack(0x0000009c69800000,0x0000009c69900000) (1024K)]
  0x00000271799d7f40 JavaThread "C1 CompilerThread0"         daemon [_thread_blocked, id=19432, stack(0x0000009c69900000,0x0000009c69a00000) (1024K)]
  0x0000027179b6e030 JavaThread "Common-Cleaner"             daemon [_thread_blocked, id=15092, stack(0x0000009c69a00000,0x0000009c69b00000) (1024K)]
  0x0000027179c5e400 JavaThread "Notification Thread"        daemon [_thread_blocked, id=19388, stack(0x0000009c69b00000,0x0000009c69c00000) (1024K)]
  0x000002710f057df0 JavaThread "Daemon health stats"               [_thread_blocked, id=9236, stack(0x0000009c6a100000,0x0000009c6a200000) (1024K)]
  0x000002710f075a40 JavaThread "Incoming local TCP Connector on port 51672"        [_thread_in_native, id=11760, stack(0x0000009c6a200000,0x0000009c6a300000) (1024K)]
  0x000002717f6abec0 JavaThread "Daemon periodic checks"            [_thread_blocked, id=11048, stack(0x0000009c6a300000,0x0000009c6a400000) (1024K)]
  0x000002710f0e7580 JavaThread "Daemon"                            [_thread_blocked, id=9952, stack(0x0000009c6a400000,0x0000009c6a500000) (1024K)]
  0x000002717f6afea0 JavaThread "Handler for socket connection from /127.0.0.1:51672 to /127.0.0.1:51673"        [_thread_in_native, id=3556, stack(0x0000009c6a500000,0x0000009c6a600000) (1024K)]
  0x000002717f6b1de0 JavaThread "Cancel handler"                    [_thread_blocked, id=19232, stack(0x0000009c6a600000,0x0000009c6a700000) (1024K)]
  0x000002717f6b2d80 JavaThread "Daemon worker"                     [_thread_in_vm, id=17892, stack(0x0000009c6a700000,0x0000009c6a800000) (1024K)]
  0x000002717f6b44f0 JavaThread "Asynchronous log dispatcher for DefaultDaemonConnection: socket connection from /127.0.0.1:51672 to /127.0.0.1:51673"        [_thread_blocked, id=16712, stack(0x0000009c6a800000,0x0000009c6a900000) (1024K)]
  0x000002717f6b5c60 JavaThread "Stdin handler"                     [_thread_blocked, id=14776, stack(0x0000009c6a900000,0x0000009c6aa00000) (1024K)]
  0x000002717f6b3d20 JavaThread "Daemon client event forwarder"        [_thread_blocked, id=8232, stack(0x0000009c6aa00000,0x0000009c6ab00000) (1024K)]
  0x000002717e710950 JavaThread "Cache worker for journal cache (C:\Users\ACER\.gradle\caches\journal-1)"        [_thread_blocked, id=12292, stack(0x0000009c6a000000,0x0000009c6a100000) (1024K)]
  0x000002717e715770 JavaThread "File lock request listener"        [_thread_in_native, id=5804, stack(0x0000009c6ac00000,0x0000009c6ad00000) (1024K)]
  0x000002717e714fa0 JavaThread "Cache worker for file hash cache (C:\Users\ACER\.gradle\caches\9.3.1\fileHashes)"        [_thread_blocked, id=17516, stack(0x0000009c6ad00000,0x0000009c6ae00000) (1024K)]
=>0x000002717e4c83b0 JavaThread "C2 CompilerThread1"         daemon [_thread_in_native, id=3636, stack(0x0000009c6ae00000,0x0000009c6af00000) (1024K)]
  0x000002717e7147d0 JavaThread "Cache worker for file hash cache (C:\Users\ACER\GestionnaireNotes\.gradle\9.3.1\fileHashes)"        [_thread_blocked, id=3476, stack(0x0000009c6af00000,0x0000009c6b000000) (1024K)]
  0x000002717e712890 JavaThread "Cache worker for Build Output Cleanup Cache (C:\Users\ACER\GestionnaireNotes\.gradle\buildOutputCleanup)"        [_thread_blocked, id=9604, stack(0x0000009c6b000000,0x0000009c6b100000) (1024K)]
Total: 27

Other Threads:
  0x00000271799b9d50 VMThread "VM Thread"                           [id=17668, stack(0x0000009c69000000,0x0000009c69100000) (1024K)]
  0x000002716c18e100 WatcherThread "VM Periodic Task Thread"        [id=9464, stack(0x0000009c68f00000,0x0000009c69000000) (1024K)]
  0x000002716c12ab00 WorkerThread "GC Thread#0"                     [id=16820, stack(0x0000009c68a00000,0x0000009c68b00000) (1024K)]
  0x000002717e04cb10 WorkerThread "GC Thread#1"                     [id=9548, stack(0x0000009c69d00000,0x0000009c69e00000) (1024K)]
  0x000002717e292c90 WorkerThread "GC Thread#2"                     [id=3252, stack(0x0000009c69e00000,0x0000009c69f00000) (1024K)]
  0x000002717ecd8ed0 WorkerThread "GC Thread#3"                     [id=1712, stack(0x0000009c6ab00000,0x0000009c6ac00000) (1024K)]
  0x000002716c147d20 ConcurrentGCThread "G1 Main Marker"            [id=5600, stack(0x0000009c68b00000,0x0000009c68c00000) (1024K)]
  0x000002716c148a40 WorkerThread "G1 Conc#0"                       [id=18172, stack(0x0000009c68c00000,0x0000009c68d00000) (1024K)]
  0x000002716c178020 ConcurrentGCThread "G1 Refine#0"               [id=18228, stack(0x0000009c68d00000,0x0000009c68e00000) (1024K)]
  0x000002716c178c30 ConcurrentGCThread "G1 Service"                [id=13780, stack(0x0000009c68e00000,0x0000009c68f00000) (1024K)]
Total: 10

Threads with active compile tasks:
C2 CompilerThread0  8802 3865       4       jdk.internal.classfile.impl.StackMapGenerator::processMethod (258 bytes)
C2 CompilerThread1  8802 3858       4       jdk.internal.classfile.impl.StackMapGenerator::processInvokeInstructions (262 bytes)
Total: 2

VM state: not at safepoint (normal execution)

VM Mutex/Monitor currently owned by a thread:  ([mutex/lock_event])
[0x00007ffa4e594168] Metaspace_lock - owner thread: 0x000002717f6b2d80

Heap address: 0x0000000080000000, size: 2048 MB, Compressed Oops mode: 32-bit

CDS archive(s) mapped at: [0x0000000016000000-0x0000000016dd0000-0x0000000016dd0000), size 14483456, SharedBaseAddress: 0x0000000016000000, ArchiveRelocationMode: 1.
Compressed class space mapped at: 0x0000000017000000-0x0000000057000000, reserved size: 1073741824
UseCompressedClassPointers 1, UseCompactObjectHeaders 0
Narrow klass pointer bits 32, Max shift 3
Narrow klass base: 0x0000000016000000, Narrow klass shift: 0
Encoding Range: [0x0000000016000000 - 0x0000000116000000), (4294967296 bytes)
Klass Range:    [0x0000000016010000 - 0x0000000057000000), (1090453504 bytes)
Klass ID Range:  [65536 - 1090519033) (1090453497)
Protection zone: [0x0000000016000000 - 0x0000000016010000), (65536 bytes)

GC Precious Log:
 CardTable entry size: 512
 Card Set container configuration: InlinePtr #cards 5 size 8 Array Of Cards #cards 10 size 36 Howl #buckets 4 coarsen threshold 1843 Howl Bitmap #cards 512 size 80 coarsen threshold 460 Card regions per heap region 1 cards per card region 2048
 CPUs: 4 total, 4 available
 Memory: 8097M
 Large Page Support: Disabled
 NUMA Support: Disabled
 Compressed Oops: Enabled (32-bit)
 Heap Region Size: 1M
 Heap Min Capacity: 8M
 Heap Initial Capacity: 128M
 Heap Max Capacity: 2G
 Pre-touch: Disabled
 Parallel Workers: 4
 Concurrent Workers: 1
 Concurrent Refinement Workers: 4
 Periodic GC: Disabled

Heap:
 garbage-first heap   total reserved 2097152K, committed 89088K, used 64894K [0x0000000080000000, 0x0000000100000000)
  region size 1024K, 43 young (44032K), 3 survivors (3072K)

Heap Regions: E=young(eden), S=young(survivor), O=old, HS=humongous(starts), HC=humongous(continues), CS=collection set, F=free, TAMS=top-at-mark-start, PB=parsable bottom
|   0|0x0000000080000000, 0x0000000080100000, 0x0000000080100000|100%| O|  |TAMS 0x0000000080000000| PB 0x0000000080000000| Untracked |  0
|   1|0x0000000080100000, 0x0000000080200000, 0x0000000080200000|100%|HS|  |TAMS 0x0000000080100000| PB 0x0000000080100000| Complete |  0
|   2|0x0000000080200000, 0x0000000080300000, 0x0000000080300000|100%|HC|  |TAMS 0x0000000080200000| PB 0x0000000080200000| Complete |  0
|   3|0x0000000080300000, 0x0000000080400000, 0x0000000080400000|100%|HC|  |TAMS 0x0000000080300000| PB 0x0000000080300000| Complete |  0
|   4|0x0000000080400000, 0x0000000080500000, 0x0000000080500000|100%|HC|  |TAMS 0x0000000080400000| PB 0x0000000080400000| Complete |  0
|   5|0x0000000080500000, 0x0000000080600000, 0x0000000080600000|100%|HS|  |TAMS 0x0000000080500000| PB 0x0000000080500000| Complete |  0
|   6|0x0000000080600000, 0x0000000080600000, 0x0000000080700000|  0%| F|  |TAMS 0x0000000080600000| PB 0x0000000080600000| Untracked |  0
|   7|0x0000000080700000, 0x0000000080800000, 0x0000000080800000|100%| O|  |TAMS 0x0000000080700000| PB 0x0000000080700000| Untracked |  0
|   8|0x0000000080800000, 0x0000000080900000, 0x0000000080900000|100%| O|  |TAMS 0x0000000080800000| PB 0x0000000080800000| Untracked |  0
|   9|0x0000000080900000, 0x0000000080a00000, 0x0000000080a00000|100%| O|  |TAMS 0x0000000080900000| PB 0x0000000080900000| Untracked |  0
|  10|0x0000000080a00000, 0x0000000080b00000, 0x0000000080b00000|100%| O|  |TAMS 0x0000000080a00000| PB 0x0000000080a00000| Untracked |  0
|  11|0x0000000080b00000, 0x0000000080c00000, 0x0000000080c00000|100%| O|  |TAMS 0x0000000080b00000| PB 0x0000000080b00000| Untracked |  0
|  12|0x0000000080c00000, 0x0000000080c00000, 0x0000000080d00000|  0%| F|  |TAMS 0x0000000080c00000| PB 0x0000000080c00000| Untracked |  0
|  13|0x0000000080d00000, 0x0000000080e00000, 0x0000000080e00000|100%| O|  |TAMS 0x0000000080d00000| PB 0x0000000080d00000| Untracked |  0
|  14|0x0000000080e00000, 0x0000000080f00000, 0x0000000080f00000|100%| O|  |TAMS 0x0000000080e00000| PB 0x0000000080e00000| Untracked |  0
|  15|0x0000000080f00000, 0x0000000081000000, 0x0000000081000000|100%| O|  |TAMS 0x0000000080f00000| PB 0x0000000080f00000| Untracked |  0
|  16|0x0000000081000000, 0x0000000081100000, 0x0000000081100000|100%| O|  |TAMS 0x0000000081000000| PB 0x0000000081000000| Untracked |  0
|  17|0x0000000081100000, 0x0000000081200000, 0x0000000081200000|100%| O|  |TAMS 0x0000000081100000| PB 0x0000000081100000| Untracked |  0
|  18|0x0000000081200000, 0x0000000081300000, 0x0000000081300000|100%| O|  |TAMS 0x0000000081200000| PB 0x0000000081200000| Untracked |  0
|  19|0x0000000081300000, 0x0000000081400000, 0x0000000081400000|100%| O|  |TAMS 0x0000000081300000| PB 0x0000000081300000| Untracked |  0
|  20|0x0000000081400000, 0x0000000081500000, 0x0000000081500000|100%| O|  |TAMS 0x0000000081400000| PB 0x0000000081400000| Untracked |  0
|  21|0x0000000081500000, 0x0000000081600000, 0x0000000081600000|100%| O|  |TAMS 0x0000000081500000| PB 0x0000000081500000| Untracked |  0
|  22|0x0000000081600000, 0x000000008163abf0, 0x0000000081700000| 22%| O|  |TAMS 0x0000000081600000| PB 0x0000000081600000| Untracked |  0
|  23|0x0000000081700000, 0x0000000081700000, 0x0000000081800000|  0%| F|  |TAMS 0x0000000081700000| PB 0x0000000081700000| Untracked |  0
|  24|0x0000000081800000, 0x0000000081800000, 0x0000000081900000|  0%| F|  |TAMS 0x0000000081800000| PB 0x0000000081800000| Untracked |  0
|  25|0x0000000081900000, 0x0000000081900000, 0x0000000081a00000|  0%| F|  |TAMS 0x0000000081900000| PB 0x0000000081900000| Untracked |  0
|  26|0x0000000081a00000, 0x0000000081a00000, 0x0000000081b00000|  0%| F|  |TAMS 0x0000000081a00000| PB 0x0000000081a00000| Untracked |  0
|  27|0x0000000081b00000, 0x0000000081b00000, 0x0000000081c00000|  0%| F|  |TAMS 0x0000000081b00000| PB 0x0000000081b00000| Untracked |  0
|  28|0x0000000081c00000, 0x0000000081c00000, 0x0000000081d00000|  0%| F|  |TAMS 0x0000000081c00000| PB 0x0000000081c00000| Untracked |  0
|  29|0x0000000081d00000, 0x0000000081d00000, 0x0000000081e00000|  0%| F|  |TAMS 0x0000000081d00000| PB 0x0000000081d00000| Untracked |  0
|  30|0x0000000081e00000, 0x0000000081e00000, 0x0000000081f00000|  0%| F|  |TAMS 0x0000000081e00000| PB 0x0000000081e00000| Untracked |  0
|  31|0x0000000081f00000, 0x0000000081f00000, 0x0000000082000000|  0%| F|  |TAMS 0x0000000081f00000| PB 0x0000000081f00000| Untracked |  0
|  32|0x0000000082000000, 0x0000000082000000, 0x0000000082100000|  0%| F|  |TAMS 0x0000000082000000| PB 0x0000000082000000| Untracked |  0
|  33|0x0000000082100000, 0x0000000082100000, 0x0000000082200000|  0%| F|  |TAMS 0x0000000082100000| PB 0x0000000082100000| Untracked |  0
|  34|0x0000000082200000, 0x0000000082200000, 0x0000000082300000|  0%| F|  |TAMS 0x0000000082200000| PB 0x0000000082200000| Untracked |  0
|  35|0x0000000082300000, 0x0000000082300000, 0x0000000082400000|  0%| F|  |TAMS 0x0000000082300000| PB 0x0000000082300000| Untracked |  0
|  36|0x0000000082400000, 0x0000000082400000, 0x0000000082500000|  0%| F|  |TAMS 0x0000000082400000| PB 0x0000000082400000| Untracked |  0
|  37|0x0000000082500000, 0x0000000082500000, 0x0000000082600000|  0%| F|  |TAMS 0x0000000082500000| PB 0x0000000082500000| Untracked |  0
|  38|0x0000000082600000, 0x0000000082600000, 0x0000000082700000|  0%| F|  |TAMS 0x0000000082600000| PB 0x0000000082600000| Untracked |  0
|  39|0x0000000082700000, 0x0000000082700000, 0x0000000082800000|  0%| F|  |TAMS 0x0000000082700000| PB 0x0000000082700000| Untracked |  0
|  40|0x0000000082800000, 0x0000000082800000, 0x0000000082900000|  0%| F|  |TAMS 0x0000000082800000| PB 0x0000000082800000| Untracked |  0
|  41|0x0000000082900000, 0x0000000082900000, 0x0000000082a00000|  0%| F|  |TAMS 0x0000000082900000| PB 0x0000000082900000| Untracked |  0
|  42|0x0000000082a00000, 0x0000000082a80000, 0x0000000082b00000| 50%| E|  |TAMS 0x0000000082a00000| PB 0x0000000082a00000| Complete |  0
|  43|0x0000000082b00000, 0x0000000082c00000, 0x0000000082c00000|100%| E|CS|TAMS 0x0000000082b00000| PB 0x0000000082b00000| Complete |  0
|  44|0x0000000082c00000, 0x0000000082d00000, 0x0000000082d00000|100%| E|CS|TAMS 0x0000000082c00000| PB 0x0000000082c00000| Complete |  0
|  45|0x0000000082d00000, 0x0000000082e00000, 0x0000000082e00000|100%| E|CS|TAMS 0x0000000082d00000| PB 0x0000000082d00000| Complete |  0
|  46|0x0000000082e00000, 0x0000000082f00000, 0x0000000082f00000|100%| E|CS|TAMS 0x0000000082e00000| PB 0x0000000082e00000| Complete |  0
|  47|0x0000000082f00000, 0x0000000083000000, 0x0000000083000000|100%| E|CS|TAMS 0x0000000082f00000| PB 0x0000000082f00000| Complete |  0
|  48|0x0000000083000000, 0x0000000083100000, 0x0000000083100000|100%| E|CS|TAMS 0x0000000083000000| PB 0x0000000083000000| Complete |  0
|  49|0x0000000083100000, 0x0000000083200000, 0x0000000083200000|100%| E|CS|TAMS 0x0000000083100000| PB 0x0000000083100000| Complete |  0
|  50|0x0000000083200000, 0x0000000083300000, 0x0000000083300000|100%| E|CS|TAMS 0x0000000083200000| PB 0x0000000083200000| Complete |  0
|  51|0x0000000083300000, 0x0000000083400000, 0x0000000083400000|100%| E|CS|TAMS 0x0000000083300000| PB 0x0000000083300000| Complete |  0
|  52|0x0000000083400000, 0x0000000083500000, 0x0000000083500000|100%| E|CS|TAMS 0x0000000083400000| PB 0x0000000083400000| Complete |  0
|  53|0x0000000083500000, 0x0000000083600000, 0x0000000083600000|100%| E|CS|TAMS 0x0000000083500000| PB 0x0000000083500000| Complete |  0
|  54|0x0000000083600000, 0x0000000083700000, 0x0000000083700000|100%| E|CS|TAMS 0x0000000083600000| PB 0x0000000083600000| Complete |  0
|  55|0x0000000083700000, 0x0000000083800000, 0x0000000083800000|100%| E|CS|TAMS 0x0000000083700000| PB 0x0000000083700000| Complete |  0
|  56|0x0000000083800000, 0x0000000083900000, 0x0000000083900000|100%| E|CS|TAMS 0x0000000083800000| PB 0x0000000083800000| Complete |  0
|  57|0x0000000083900000, 0x0000000083a00000, 0x0000000083a00000|100%| E|CS|TAMS 0x0000000083900000| PB 0x0000000083900000| Complete |  0
|  58|0x0000000083a00000, 0x0000000083b00000, 0x0000000083b00000|100%| E|CS|TAMS 0x0000000083a00000| PB 0x0000000083a00000| Complete |  0
|  59|0x0000000083b00000, 0x0000000083c00000, 0x0000000083c00000|100%| E|CS|TAMS 0x0000000083b00000| PB 0x0000000083b00000| Complete |  0
|  60|0x0000000083c00000, 0x0000000083d00000, 0x0000000083d00000|100%| E|CS|TAMS 0x0000000083c00000| PB 0x0000000083c00000| Complete |  0
|  61|0x0000000083d00000, 0x0000000083e00000, 0x0000000083e00000|100%| E|CS|TAMS 0x0000000083d00000| PB 0x0000000083d00000| Complete |  0
|  62|0x0000000083e00000, 0x0000000083f00000, 0x0000000083f00000|100%| E|CS|TAMS 0x0000000083e00000| PB 0x0000000083e00000| Complete |  0
|  63|0x0000000083f00000, 0x0000000084000000, 0x0000000084000000|100%| E|CS|TAMS 0x0000000083f00000| PB 0x0000000083f00000| Complete |  0
|  64|0x0000000084000000, 0x0000000084100000, 0x0000000084100000|100%| E|CS|TAMS 0x0000000084000000| PB 0x0000000084000000| Complete |  0
|  65|0x0000000084100000, 0x0000000084200000, 0x0000000084200000|100%| E|CS|TAMS 0x0000000084100000| PB 0x0000000084100000| Complete |  0
|  66|0x0000000084200000, 0x0000000084300000, 0x0000000084300000|100%| E|CS|TAMS 0x0000000084200000| PB 0x0000000084200000| Complete |  0
|  67|0x0000000084300000, 0x0000000084400000, 0x0000000084400000|100%| E|CS|TAMS 0x0000000084300000| PB 0x0000000084300000| Complete |  0
|  68|0x0000000084400000, 0x0000000084500000, 0x0000000084500000|100%| E|CS|TAMS 0x0000000084400000| PB 0x0000000084400000| Complete |  0
|  69|0x0000000084500000, 0x0000000084600000, 0x0000000084600000|100%| E|CS|TAMS 0x0000000084500000| PB 0x0000000084500000| Complete |  0
|  70|0x0000000084600000, 0x0000000084700000, 0x0000000084700000|100%| E|CS|TAMS 0x0000000084600000| PB 0x0000000084600000| Complete |  0
|  71|0x0000000084700000, 0x0000000084800000, 0x0000000084800000|100%| E|CS|TAMS 0x0000000084700000| PB 0x0000000084700000| Complete |  0
|  72|0x0000000084800000, 0x0000000084900000, 0x0000000084900000|100%| E|CS|TAMS 0x0000000084800000| PB 0x0000000084800000| Complete |  0
|  73|0x0000000084900000, 0x0000000084a00000, 0x0000000084a00000|100%| E|CS|TAMS 0x0000000084900000| PB 0x0000000084900000| Complete |  0
|  74|0x0000000084a00000, 0x0000000084b00000, 0x0000000084b00000|100%| S|CS|TAMS 0x0000000084a00000| PB 0x0000000084a00000| Complete |  0
|  75|0x0000000084b00000, 0x0000000084c00000, 0x0000000084c00000|100%| S|CS|TAMS 0x0000000084b00000| PB 0x0000000084b00000| Complete |  0
|  76|0x0000000084c00000, 0x0000000084d00000, 0x0000000084d00000|100%| S|CS|TAMS 0x0000000084c00000| PB 0x0000000084c00000| Complete |  0
|  77|0x0000000084d00000, 0x0000000084e00000, 0x0000000084e00000|100%| E|CS|TAMS 0x0000000084d00000| PB 0x0000000084d00000| Complete |  0
|  78|0x0000000084e00000, 0x0000000084f00000, 0x0000000084f00000|100%| E|CS|TAMS 0x0000000084e00000| PB 0x0000000084e00000| Complete |  0
|  79|0x0000000084f00000, 0x0000000085000000, 0x0000000085000000|100%| E|CS|TAMS 0x0000000084f00000| PB 0x0000000084f00000| Complete |  0
|  80|0x0000000085000000, 0x0000000085100000, 0x0000000085100000|100%| E|CS|TAMS 0x0000000085000000| PB 0x0000000085000000| Complete |  0
|  81|0x0000000085100000, 0x0000000085200000, 0x0000000085200000|100%| E|CS|TAMS 0x0000000085100000| PB 0x0000000085100000| Complete |  0
|  82|0x0000000085200000, 0x0000000085300000, 0x0000000085300000|100%| E|CS|TAMS 0x0000000085200000| PB 0x0000000085200000| Complete |  0
|  83|0x0000000085300000, 0x0000000085400000, 0x0000000085400000|100%| E|CS|TAMS 0x0000000085300000| PB 0x0000000085300000| Complete |  0
|  84|0x0000000085400000, 0x0000000085500000, 0x0000000085500000|100%| E|CS|TAMS 0x0000000085400000| PB 0x0000000085400000| Complete |  0
|2046|0x00000000ffe00000, 0x00000000fff00000, 0x00000000fff00000|100%| O|  |TAMS 0x00000000ffe00000| PB 0x00000000ffe00000| Untracked |  0
|2047|0x00000000fff00000, 0x00000000fff24ea8, 0x0000000100000000| 14%| O|Cm|TAMS 0x00000000fff00000| PB 0x00000000fff00000| Complete |  0

Card table byte_map: [0x0000027174fc0000,0x00000271753c0000] _byte_map_base: 0x0000027174bc0000

Marking Bits: (CMBitMap*) 0x000002716c12baa0
 Bits: [0x00000271753c0000, 0x00000271773c0000)

Polling page: 0x000002716b8a0000

Metaspace:
Metaspace        used 25510K, committed 26368K, reserved 1114112K
 class space     used 2659K, committed 3072K, reserved 1048576K

Usage:
  Non-class:     22.32 MB used.
      Class:      2.60 MB used.
       Both:     24.91 MB used.

Virtual space:
  Non-class space:       64.00 MB reserved,      22.75 MB ( 36%) committed,  1 nodes.
      Class space:        1.00 GB reserved,       3.00 MB ( <1%) committed,  1 nodes.
             Both:        1.06 GB reserved,      25.75 MB (  2%) committed. 

Chunk freelists:
   Non-Class:  8.37 MB
       Class:  12.91 MB
        Both:  21.29 MB

MaxMetaspaceSize: unlimited
CompressedClassSpaceSize: 1.00 GB
Initial GC threshold: 21.00 MB
Current GC threshold: 35.12 MB
CDS: on
 - commit_granule_bytes: 65536.
 - commit_granule_words: 8192.
 - virtual_space_node_default_size: 8388608.
 - enlarge_chunks_in_place: 1.
UseCompressedClassPointers 1, UseCompactObjectHeaders 0
Narrow klass pointer bits 32, Max shift 3
Narrow klass base: 0x0000000016000000, Narrow klass shift: 0
Encoding Range: [0x0000000016000000 - 0x0000000116000000), (4294967296 bytes)
Klass Range:    [0x0000000016010000 - 0x0000000057000000), (1090453504 bytes)
Klass ID Range:  [65536 - 1090519033) (1090453497)
Protection zone: [0x0000000016000000 - 0x0000000016010000), (65536 bytes)


Internal statistics:

num_allocs_failed_limit: 3.
num_arena_births: 1400.
num_arena_deaths: 0.
num_vsnodes_births: 2.
num_vsnodes_deaths: 0.
num_space_committed: 412.
num_space_uncommitted: 0.
num_chunks_returned_to_freelist: 3.
num_chunks_taken_from_freelist: 2466.
num_chunk_merges: 3.
num_chunk_splits: 1617.
num_chunks_enlarged: 1043.
num_inconsistent_stats: 0.

CodeHeap 'non-profiled nmethods': size=120064Kb used=1555Kb max_used=1555Kb free=118508Kb
 bounds [0x0000027107ac0000, 0x0000027107d30000, 0x000002710f000000]
CodeHeap 'profiled nmethods': size=120000Kb used=6220Kb max_used=6220Kb free=113779Kb
 bounds [0x0000027100000000, 0x0000027100620000, 0x0000027107530000]
CodeHeap 'non-nmethods': size=5696Kb used=1514Kb max_used=1601Kb free=4181Kb
 bounds [0x0000027107530000, 0x00000271077a0000, 0x0000027107ac0000]
CodeCache: size=245760Kb, used=9289Kb, max_used=9376Kb, free=236468Kb
 total_blobs=4488, nmethods=3859, adapters=530, full_count=0
Compilation: enabled, stopped_count=0, restarted_count=0

Compilation events (20 events):
Event: 8.630 Thread 0x00000271799d7f40 3852       3       jdk.internal.classfile.impl.AbstractAttributeMapper$StackMapTableMapper::writeBody (11 bytes)
Event: 8.630 Thread 0x00000271799d7f40 nmethod 3852 0x0000027100612608 code [0x0000027100612700, 0x00000271006128a8]
Event: 8.630 Thread 0x00000271799d7f40 3855       3       jdk.internal.classfile.impl.StackMapDecoder$1::<init> (10 bytes)
Event: 8.630 Thread 0x00000271799d7f40 nmethod 3855 0x0000027100612908 code [0x0000027100612a00, 0x0000027100612bc0]
Event: 8.639 Thread 0x000002717e4c83b0 3856       4       jdk.internal.classfile.impl.BufWriterImpl::writeU2U2 (61 bytes)
Event: 8.640 Thread 0x00000271799d4f00 3857       4       jdk.internal.classfile.impl.AttributeHolder::withAttribute (124 bytes)
Event: 8.643 Thread 0x000002717e4c83b0 nmethod 3856 0x0000027107c42b08 code [0x0000027107c42c00, 0x0000027107c42f40]
Event: 8.647 Thread 0x000002717e4c83b0 3858       4       jdk.internal.classfile.impl.StackMapGenerator::processInvokeInstructions (262 bytes)
Event: 8.651 Thread 0x00000271799d4f00 nmethod 3857 0x0000027107c42f88 code [0x0000027107c43080, 0x0000027107c43930]
Event: 8.651 Thread 0x00000271799d4f00 3859       4       java.lang.classfile.constantpool.ConstantPoolBuilder::nameAndTypeEntry (21 bytes)
Event: 8.654 Thread 0x00000271799d4f00 nmethod 3859 0x0000027107c43988 code [0x0000027107c43a80, 0x0000027107c43d60]
Event: 8.658 Thread 0x00000271799d4f00 3860       4       jdk.internal.perf.PerfCounter::getParentDelegationTime (4 bytes)
Event: 8.658 Thread 0x00000271799d4f00 nmethod 3860 0x0000027107c43d88 code [0x0000027107c43e80, 0x0000027107c43ef0]
Event: 8.658 Thread 0x00000271799d4f00 3861       4       jdk.internal.perf.PerfCounter::getFindClassTime (4 bytes)
Event: 8.659 Thread 0x00000271799d4f00 nmethod 3861 0x0000027107c44088 code [0x0000027107c44180, 0x0000027107c441f0]
Event: 8.659 Thread 0x00000271799d4f00 3862       4       jdk.internal.perf.PerfCounter::getFindClasses (4 bytes)
Event: 8.659 Thread 0x00000271799d4f00 nmethod 3862 0x0000027107c44388 code [0x0000027107c44480, 0x0000027107c444f0]
Event: 8.684 Thread 0x00000271799d4f00 3864   !   4       jdk.internal.classfile.impl.StackMapGenerator::detectFrames (498 bytes)
Event: 8.691 Thread 0x00000271799d4f00 nmethod 3864 0x0000027107c44988 code [0x0000027107c44a80, 0x0000027107c44e10]
Event: 8.691 Thread 0x00000271799d4f00 3865       4       jdk.internal.classfile.impl.StackMapGenerator::processMethod (258 bytes)

GC Heap Usage History (8 events):
Event: 1.036 {heap Before GC invocations=0 (full 0):
 garbage-first heap   total reserved 2097152K, committed 133120K, used 29843K [0x0000000080000000, 0x0000000100000000)
  region size 1024K, 28 young (28672K), 0 survivors (0K)
}
Event: 1.043 {heap After GC invocations=1 (full 0):
 garbage-first heap   total reserved 2097152K, committed 133120K, used 5299K [0x0000000080000000, 0x0000000100000000)
  region size 1024K, 4 young (4096K), 4 survivors (4096K)
}
Event: 2.723 {heap Before GC invocations=1 (full 0):
 garbage-first heap   total reserved 2097152K, committed 133120K, used 63667K [0x0000000080000000, 0x0000000100000000)
  region size 1024K, 57 young (58368K), 4 survivors (4096K)
}
Event: 2.735 {heap After GC invocations=2 (full 0):
 garbage-first heap   total reserved 2097152K, committed 133120K, used 13425K [0x0000000080000000, 0x0000000100000000)
  region size 1024K, 8 young (8192K), 8 survivors (8192K)
}
Event: 5.233 {heap Before GC invocations=2 (full 0):
 garbage-first heap   total reserved 2097152K, committed 133120K, used 77937K [0x0000000080000000, 0x0000000100000000)
  region size 1024K, 69 young (70656K), 8 survivors (8192K)
}
Event: 5.255 {heap After GC invocations=3 (full 0):
 garbage-first heap   total reserved 2097152K, committed 133120K, used 21611K [0x0000000080000000, 0x0000000100000000)
  region size 1024K, 9 young (9216K), 9 survivors (9216K)
}
Event: 6.740 {heap Before GC invocations=3 (full 0):
 garbage-first heap   total reserved 2097152K, committed 133120K, used 73835K [0x0000000080000000, 0x0000000100000000)
  region size 1024K, 60 young (61440K), 9 survivors (9216K)
}
Event: 6.756 {heap After GC invocations=4 (full 0):
 garbage-first heap   total reserved 2097152K, committed 133120K, used 24958K [0x0000000080000000, 0x0000000100000000)
  region size 1024K, 3 young (3072K), 3 survivors (3072K)
}

Metaspace Usage History (8 events):
Event: 1.036 {metaspace Before GC invocations=0 (full 0):
 Metaspace       used 1072K, committed 1216K, reserved 1114112K
  class space    used 52K, committed 128K, reserved 1048576K
}
Event: 1.043 {metaspace After GC invocations=1 (full 0):
 Metaspace       used 1072K, committed 1216K, reserved 1114112K
  class space    used 52K, committed 128K, reserved 1048576K
}
Event: 2.723 {metaspace Before GC invocations=1 (full 0):
 Metaspace       used 4638K, committed 4800K, reserved 1114112K
  class space    used 391K, committed 448K, reserved 1048576K
}
Event: 2.735 {metaspace After GC invocations=2 (full 0):
 Metaspace       used 4638K, committed 4800K, reserved 1114112K
  class space    used 391K, committed 448K, reserved 1048576K
}
Event: 5.233 {metaspace Before GC invocations=2 (full 0):
 Metaspace       used 12838K, committed 13248K, reserved 1114112K
  class space    used 1248K, committed 1408K, reserved 1048576K
}
Event: 5.255 {metaspace After GC invocations=3 (full 0):
 Metaspace       used 12838K, committed 13248K, reserved 1114112K
  class space    used 1248K, committed 1408K, reserved 1048576K
}
Event: 6.740 {metaspace Before GC invocations=3 (full 0):
 Metaspace       used 20889K, committed 21504K, reserved 1114112K
  class space    used 2110K, committed 2368K, reserved 1048576K
}
Event: 6.756 {metaspace After GC invocations=4 (full 0):
 Metaspace       used 20889K, committed 21504K, reserved 1114112K
  class space    used 2110K, committed 2368K, reserved 1048576K
}

Dll operation events (14 events):
Event: 0.027 Loaded shared library C:\Program Files\Eclipse Adoptium\jdk-25.0.1.8-hotspot\bin\java.dll
Event: 0.186 Loaded shared library C:\Program Files\Eclipse Adoptium\jdk-25.0.1.8-hotspot\bin\zip.dll
Event: 0.192 Loaded shared library C:\Program Files\Eclipse Adoptium\jdk-25.0.1.8-hotspot\bin\instrument.dll
Event: 0.199 Loaded shared library C:\Program Files\Eclipse Adoptium\jdk-25.0.1.8-hotspot\bin\net.dll
Event: 0.203 Loaded shared library C:\Program Files\Eclipse Adoptium\jdk-25.0.1.8-hotspot\bin\nio.dll
Event: 0.209 Loaded shared library C:\Program Files\Eclipse Adoptium\jdk-25.0.1.8-hotspot\bin\zip.dll
Event: 0.849 Loaded shared library C:\Program Files\Eclipse Adoptium\jdk-25.0.1.8-hotspot\bin\jimage.dll
Event: 1.349 Loaded shared library C:\Program Files\Eclipse Adoptium\jdk-25.0.1.8-hotspot\bin\verify.dll
Event: 1.398 Loaded shared library C:\Users\ACER\.gradle\native\660c5614fbf4a5f2a75b1949f50a0caf5cd603558e7d8a26e50b933a0cfb79d1\windows-amd64\native-platform.dll
Event: 1.418 Loaded shared library C:\Users\ACER\.gradle\native\0.2.8\x86_64-windows-gnu\gradle-fileevents.dll
Event: 3.465 Loaded shared library C:\Program Files\Eclipse Adoptium\jdk-25.0.1.8-hotspot\bin\management.dll
Event: 3.468 Loaded shared library C:\Program Files\Eclipse Adoptium\jdk-25.0.1.8-hotspot\bin\management_ext.dll
Event: 3.789 Loaded shared library C:\Program Files\Eclipse Adoptium\jdk-25.0.1.8-hotspot\bin\extnet.dll
Event: 4.723 Loaded shared library C:\Program Files\Eclipse Adoptium\jdk-25.0.1.8-hotspot\bin\sunmscapi.dll

Deoptimization events (20 events):
Event: 7.881 Thread 0x000002717f6b2d80 Uncommon trap: trap_request=0xffffffde fr.pc=0x0000027107acefe4 relative=0x00000000000001e4
Event: 7.881 Thread 0x000002717f6b2d80 Uncommon trap: reason=class_check action=maybe_recompile pc=0x0000027107acefe4 method=java.lang.String.equals(Ljava/lang/Object;)Z @ 8 c2
Event: 7.881 Thread 0x000002717f6b2d80 DEOPT PACKING pc=0x0000027107acefe4 sp=0x0000009c6a7fa740
Event: 7.881 Thread 0x000002717f6b2d80 DEOPT UNPACKING pc=0x000002710764f902 sp=0x0000009c6a7fa6d8 mode 2
Event: 8.673 Thread 0x000002717f6b2d80 Uncommon trap: trap_request=0xffffffd6 fr.pc=0x0000027107c4353c relative=0x00000000000004bc
Event: 8.673 Thread 0x000002717f6b2d80 Uncommon trap: reason=array_check action=maybe_recompile pc=0x0000027107c4353c method=jdk.internal.classfile.impl.AttributeHolder.withAttribute(Ljava/lang/classfile/Attribute;)V @ 115 c2
Event: 8.673 Thread 0x000002717f6b2d80 DEOPT PACKING pc=0x0000027107c4353c sp=0x0000009c6a7fb0d0
Event: 8.673 Thread 0x000002717f6b2d80 DEOPT UNPACKING pc=0x000002710764f902 sp=0x0000009c6a7fb090 mode 2
Event: 8.674 Thread 0x000002717f6b2d80 Uncommon trap: trap_request=0xffffffd6 fr.pc=0x0000027107c4353c relative=0x00000000000004bc
Event: 8.674 Thread 0x000002717f6b2d80 Uncommon trap: reason=array_check action=maybe_recompile pc=0x0000027107c4353c method=jdk.internal.classfile.impl.AttributeHolder.withAttribute(Ljava/lang/classfile/Attribute;)V @ 115 c2
Event: 8.674 Thread 0x000002717f6b2d80 DEOPT PACKING pc=0x0000027107c4353c sp=0x0000009c6a7fad40
Event: 8.674 Thread 0x000002717f6b2d80 DEOPT UNPACKING pc=0x000002710764f902 sp=0x0000009c6a7fad00 mode 2
Event: 8.674 Thread 0x000002717f6b2d80 Uncommon trap: trap_request=0xffffff66 fr.pc=0x0000027107c43668 relative=0x00000000000005e8
Event: 8.674 Thread 0x000002717f6b2d80 Uncommon trap: reason=loop_limit_check action=maybe_recompile pc=0x0000027107c43668 method=jdk.internal.classfile.impl.AttributeHolder.withAttribute(Ljava/lang/classfile/Attribute;)V @ 39 c2
Event: 8.674 Thread 0x000002717f6b2d80 DEOPT PACKING pc=0x0000027107c43668 sp=0x0000009c6a7fadb0
Event: 8.674 Thread 0x000002717f6b2d80 DEOPT UNPACKING pc=0x000002710764f902 sp=0x0000009c6a7fad80 mode 2
Event: 8.689 Thread 0x000002717f6b2d80 DEOPT PACKING pc=0x0000027100324728 sp=0x0000009c6a7fa500
Event: 8.689 Thread 0x000002717f6b2d80 DEOPT UNPACKING pc=0x0000027107581702 sp=0x0000009c6a7f99f0 mode 0
Event: 8.689 Thread 0x000002717f6b2d80 DEOPT PACKING pc=0x0000027100326150 sp=0x0000009c6a7fa510
Event: 8.689 Thread 0x000002717f6b2d80 DEOPT UNPACKING pc=0x0000027107581702 sp=0x0000009c6a7f9a08 mode 0

Classes loaded (20 events):
Event: 6.818 Loading class sun/reflect/misc/ReflectUtil
Event: 6.818 Loading class sun/reflect/misc/ReflectUtil done
Event: 7.338 Loading class javax/xml/parsers/ParserConfigurationException
Event: 7.338 Loading class javax/xml/parsers/ParserConfigurationException done
Event: 7.338 Loading class org/xml/sax/SAXException
Event: 7.339 Loading class org/xml/sax/SAXException done
Event: 7.339 Loading class javax/xml/xpath/XPathExpressionException
Event: 7.339 Loading class javax/xml/xpath/XPathException
Event: 7.339 Loading class javax/xml/xpath/XPathException done
Event: 7.339 Loading class javax/xml/xpath/XPathExpressionException done
Event: 7.339 Loading class org/xml/sax/ErrorHandler
Event: 7.339 Loading class org/xml/sax/ErrorHandler done
Event: 7.365 Loading class java/nio/file/AtomicMoveNotSupportedException
Event: 7.366 Loading class java/nio/file/AtomicMoveNotSupportedException done
Event: 7.858 Loading class java/util/zip/GZIPOutputStream
Event: 7.858 Loading class java/util/zip/DeflaterOutputStream
Event: 7.858 Loading class java/util/zip/DeflaterOutputStream done
Event: 7.858 Loading class java/util/zip/GZIPOutputStream done
Event: 7.858 Loading class java/util/zip/GZIPInputStream
Event: 7.859 Loading class java/util/zip/GZIPInputStream done

Classes unloaded (0 events):
No events

Classes redefined (0 events):
No events

Internal exceptions (20 events):
Event: 6.674 Thread 0x000002717f6b2d80 Exception <a 'java/lang/NoSuchMethodError'{0x0000000084f7ad50}: 'java.lang.Object java.lang.invoke.DirectMethodHandle$Holder.invokeStatic(java.lang.Object, java.lang.Object, java.lang.Object, java.lang.Object, java.lang.Object, java.lang.Object, java.lang.Object, java.lang.Object, java.lang.Object, java.lang.Object, java.lang.Object, java.lang.Object, java.lang.Object, java.lang.Object, java.lang.Object, java.lang.Object, java.lang.Object, java.lang.Object, java.lang.Object, java.lang.Object, java.lang.Obj
Event: 6.677 Thread 0x000002717f6b2d80 Exception <a 'java/lang/NoSuchMethodError'{0x0000000084fb8f58}: 'java.lang.Object java.lang.invoke.DirectMethodHandle$Holder.invokeStatic(java.lang.Object, java.lang.Object, java.lang.Object, java.lang.Object, java.lang.Object, java.lang.Object, java.lang.Object, java.lang.Object, java.lang.Object, java.lang.Object, java.lang.Object, java.lang.Object, java.lang.Object, java.lang.Object, java.lang.Object, java.lang.Object, java.lang.Object, java.lang.Object, java.lang.Object, java.lang.Object, java.lang.Obj
Event: 6.686 Thread 0x000002717f6b2d80 Exception <a 'java/lang/NoSuchMethodError'{0x0000000084e1f818}: 'int java.lang.invoke.DirectMethodHandle$Holder.invokeStatic(java.lang.Object, java.lang.Object, java.lang.Object, java.lang.Object)'> (0x0000000084e1f818) 
thrown [s\src\hotspot\share\interpreter\linkResolver.cpp, line 804]
Event: 6.837 Thread 0x000002717f6b2d80 Exception <a 'java/lang/IncompatibleClassChangeError'{0x0000000085340450}: Found class java.lang.Object, but interface was expected> (0x0000000085340450) 
thrown [s\src\hotspot\share\interpreter\linkResolver.cpp, line 871]
Event: 6.939 Thread 0x000002717f6b2d80 Exception <a 'java/lang/NoSuchMethodError'{0x000000008517b3b8}: 'void java.lang.invoke.DirectMethodHandle$Holder.invokeVirtual(java.lang.Object, java.lang.Object, java.lang.Object, java.lang.Object, java.lang.Object)'> (0x000000008517b3b8) 
thrown [s\src\hotspot\share\interpreter\linkResolver.cpp, line 804]
Event: 7.174 Thread 0x000002717f6b2d80 Exception <a 'java/lang/NoSuchMethodError'{0x00000000849f6318}: 'java.lang.Object java.lang.invoke.Invokers$Holder.invoker(java.lang.Object, java.lang.Object, java.lang.Object, java.lang.Object)'> (0x00000000849f6318) 
thrown [s\src\hotspot\share\interpreter\linkResolver.cpp, line 804]
Event: 7.301 Thread 0x000002717f6b2d80 Exception <a 'java/lang/NoSuchMethodError'{0x0000000084723e70}: 'java.lang.Object java.lang.invoke.DirectMethodHandle$Holder.invokeVirtual(java.lang.Object, java.lang.Object, java.lang.Object, java.lang.Object, java.lang.Object, java.lang.Object, java.lang.Object, java.lang.Object, java.lang.Object, java.lang.Object, java.lang.Object, java.lang.Object, java.lang.Object, java.lang.Object, java.lang.Object, java.lang.Object, java.lang.Object, java.lang.Object, java.lang.Object, java.lang.Object, java.lang.Ob
Event: 7.398 Thread 0x000002717f6b2d80 Exception <a 'java/lang/NoSuchMethodError'{0x00000000846d9808}: 'java.lang.Object java.lang.invoke.DirectMethodHandle$Holder.invokeSpecial(java.lang.Object, java.lang.Object, java.lang.Object, java.lang.Object, java.lang.Object, java.lang.Object, java.lang.Object, java.lang.Object, java.lang.Object, java.lang.Object, java.lang.Object, java.lang.Object, java.lang.Object, java.lang.Object, java.lang.Object, java.lang.Object, java.lang.Object, java.lang.Object, java.lang.Object, java.lang.Object, java.lang.Ob
Event: 7.628 Thread 0x000002717f6b2d80 Exception <a 'java/lang/NoSuchMethodError'{0x00000000841d3268}: 'java.lang.Object java.lang.invoke.DirectMethodHandle$Holder.newInvokeSpecial(java.lang.Object, java.lang.Object, java.lang.Object, java.lang.Object, java.lang.Object, java.lang.Object, java.lang.Object)'> (0x00000000841d3268) 
thrown [s\src\hotspot\share\interpreter\linkResolver.cpp, line 804]
Event: 8.046 Thread 0x000002717f6b2d80 Exception <a 'java/lang/NoSuchMethodError'{0x0000000083549a28}: 'java.lang.Object java.lang.invoke.DirectMethodHandle$Holder.invokeSpecial(java.lang.Object, java.lang.Object, java.lang.Object, java.lang.Object, java.lang.Object, java.lang.Object, java.lang.Object, java.lang.Object, java.lang.Object, java.lang.Object, java.lang.Object, java.lang.Object, java.lang.Object, java.lang.Object, java.lang.Object, java.lang.Object, java.lang.Object, java.lang.Object, java.lang.Object, java.lang.Object, java.lang.Ob
Event: 8.050 Thread 0x000002717f6b2d80 Exception <a 'java/lang/NoSuchMethodError'{0x0000000083553ac8}: 'java.lang.Object java.lang.invoke.DelegatingMethodHandle$Holder.reinvoke_L(java.lang.Object, java.lang.Object, java.lang.Object, java.lang.Object, java.lang.Object, java.lang.Object, java.lang.Object, java.lang.Object, java.lang.Object, java.lang.Object, java.lang.Object, java.lang.Object, java.lang.Object, java.lang.Object, java.lang.Object, java.lang.Object, java.lang.Object, java.lang.Object, java.lang.Object, java.lang.Object, java.lang.O
Event: 8.055 Thread 0x000002717f6b2d80 Exception <a 'java/lang/NoSuchMethodError'{0x0000000083568110}: 'java.lang.Object java.lang.invoke.DirectMethodHandle$Holder.invokeSpecial(java.lang.Object, java.lang.Object, java.lang.Object, java.lang.Object, java.lang.Object, java.lang.Object, java.lang.Object, java.lang.Object, java.lang.Object, java.lang.Object, java.lang.Object, java.lang.Object, java.lang.Object, java.lang.Object, java.lang.Object, java.lang.Object, java.lang.Object, java.lang.Object, java.lang.Object, java.lang.Object, java.lang.Ob
Event: 8.057 Thread 0x000002717f6b2d80 Exception <a 'java/lang/NoSuchMethodError'{0x00000000835721b0}: 'java.lang.Object java.lang.invoke.Invokers$Holder.invoker(java.lang.Object, java.lang.Object, java.lang.Object, java.lang.Object, java.lang.Object, java.lang.Object, java.lang.Object, java.lang.Object, java.lang.Object, java.lang.Object, java.lang.Object, java.lang.Object, java.lang.Object, java.lang.Object, java.lang.Object, java.lang.Object, java.lang.Object, java.lang.Object, java.lang.Object, java.lang.Object, java.lang.Object, java.lang.
Event: 8.059 Thread 0x000002717f6b2d80 Exception <a 'java/lang/NoSuchMethodError'{0x000000008357cc98}: 'java.lang.Object java.lang.invoke.DelegatingMethodHandle$Holder.delegate(java.lang.Object, java.lang.Object, java.lang.Object, java.lang.Object, java.lang.Object, java.lang.Object, java.lang.Object, java.lang.Object, java.lang.Object, java.lang.Object, java.lang.Object, java.lang.Object, java.lang.Object, java.lang.Object, java.lang.Object, java.lang.Object, java.lang.Object, java.lang.Object, java.lang.Object, java.lang.Object, java.lang.Obj
Event: 8.277 Thread 0x000002717f6b2d80 Exception <a 'java/lang/NoSuchMethodError'{0x00000000833fa5b8}: 'java.lang.Object java.lang.invoke.DirectMethodHandle$Holder.invokeStaticInit(java.lang.Object, java.lang.Object, java.lang.Object, java.lang.Object)'> (0x00000000833fa5b8) 
thrown [s\src\hotspot\share\interpreter\linkResolver.cpp, line 804]
Event: 8.404 Thread 0x000002717f6b2d80 Exception <a 'java/lang/NoSuchMethodError'{0x00000000830c0478}: 'java.lang.Object java.lang.invoke.DirectMethodHandle$Holder.invokeVirtual(java.lang.Object, java.lang.Object, java.lang.Object, java.lang.Object, java.lang.Object, java.lang.Object, java.lang.Object, java.lang.Object, java.lang.Object, java.lang.Object, java.lang.Object, java.lang.Object, java.lang.Object)'> (0x00000000830c0478) 
thrown [s\src\hotspot\share\interpreter\linkResolver.cpp, line 804]
Event: 8.405 Thread 0x000002717f6b2d80 Exception <a 'java/lang/NoSuchMethodError'{0x00000000830ca738}: 'java.lang.Object java.lang.invoke.DirectMethodHandle$Holder.invokeSpecial(java.lang.Object, java.lang.Object, java.lang.Object, java.lang.Object, java.lang.Object, java.lang.Object, java.lang.Object, java.lang.Object, java.lang.Object, java.lang.Object, java.lang.Object, java.lang.Object, java.lang.Object, java.lang.Object)'> (0x00000000830ca738) 
thrown [s\src\hotspot\share\interpreter\linkResolver.cpp, line 804]
Event: 8.551 Thread 0x000002717f6b2d80 Exception <a 'java/lang/NoSuchMethodError'{0x0000000082edaff0}: 'void java.lang.invoke.DirectMethodHandle$Holder.invokeStaticInit(java.lang.Object, java.lang.Object)'> (0x0000000082edaff0) 
thrown [s\src\hotspot\share\interpreter\linkResolver.cpp, line 804]
Event: 8.580 Thread 0x000002717f6b2d80 Exception <a 'java/lang/NoSuchMethodError'{0x0000000082d41a80}: 'java.lang.Object java.lang.invoke.DirectMethodHandle$Holder.newInvokeSpecial(java.lang.Object, java.lang.Object, java.lang.Object, java.lang.Object, java.lang.Object, java.lang.Object, java.lang.Object, java.lang.Object)'> (0x0000000082d41a80) 
thrown [s\src\hotspot\share\interpreter\linkResolver.cpp, line 804]
Event: 8.673 Thread 0x000002717f6b2d80 Exception <a 'java/lang/NoSuchMethodError'{0x0000000082b1aa50}: 'java.lang.Object java.lang.invoke.DirectMethodHandle$Holder.newInvokeSpecial(java.lang.Object, java.lang.Object, java.lang.Object, java.lang.Object, java.lang.Object, java.lang.Object, java.lang.Object, java.lang.Object, java.lang.Object, java.lang.Object, java.lang.Object, java.lang.Object)'> (0x0000000082b1aa50) 
thrown [s\src\hotspot\share\interpreter\linkResolver.cpp, line 804]

VM Operations (20 events):
Event: 3.620 Executing non-safepoint VM operation: HandshakeAllThreads (Deoptimize)
Event: 3.621 Executing non-safepoint VM operation: HandshakeAllThreads (Deoptimize) done
Event: 4.035 Executing non-safepoint VM operation: HandshakeAllThreads (Deoptimize)
Event: 4.035 Executing non-safepoint VM operation: HandshakeAllThreads (Deoptimize) done
Event: 4.663 Executing non-safepoint VM operation: HandshakeAllThreads (Deoptimize)
Event: 4.671 Executing non-safepoint VM operation: HandshakeAllThreads (Deoptimize) done
Event: 5.233 Executing safepoint VM operation: G1CollectForAllocation (G1 Evacuation Pause)
Event: 5.255 Executing safepoint VM operation: G1CollectForAllocation (G1 Evacuation Pause) done
Event: 5.377 Executing non-safepoint VM operation: HandshakeAllThreads (Deoptimize)
Event: 5.377 Executing non-safepoint VM operation: HandshakeAllThreads (Deoptimize) done
Event: 6.017 Executing non-safepoint VM operation: HandshakeAllThreads (Deoptimize)
Event: 6.017 Executing non-safepoint VM operation: HandshakeAllThreads (Deoptimize) done
Event: 6.018 Executing non-safepoint VM operation: HandshakeAllThreads (Deoptimize)
Event: 6.018 Executing non-safepoint VM operation: HandshakeAllThreads (Deoptimize) done
Event: 6.740 Executing safepoint VM operation: CollectForMetadataAllocation (Metadata GC Threshold)
Event: 6.756 Executing safepoint VM operation: CollectForMetadataAllocation (Metadata GC Threshold) done
Event: 6.789 Executing safepoint VM operation: G1PauseRemark
Event: 6.793 Executing safepoint VM operation: G1PauseRemark done
Event: 6.805 Executing safepoint VM operation: G1PauseCleanup
Event: 6.805 Executing safepoint VM operation: G1PauseCleanup done

Memory protections (0 events):
No events

Nmethod flushes (0 events):
No events

Events (20 events):
Event: 4.096 Thread 0x000002716c0d4510 Thread added: 0x000002710f075a40
Event: 4.405 Thread 0x000002717e4c93d0 Thread exited: 0x000002717e4c93d0
Event: 4.684 Thread 0x00000271799d7f40 Thread added: 0x000002717e4c5350
Event: 4.703 Thread 0x000002716c0d4510 Thread added: 0x000002717f6abec0
Event: 4.751 Thread 0x000002710f075a40 Thread added: 0x000002710f0e7580
Event: 4.758 Thread 0x000002710f0e7580 Thread added: 0x000002717f6afea0
Event: 4.812 Thread 0x000002710f0e7580 Thread added: 0x000002717f6b1de0
Event: 4.824 Thread 0x000002710f0e7580 Thread added: 0x000002717f6b2d80
Event: 4.841 Thread 0x000002717f6b2d80 Thread added: 0x000002717f6b44f0
Event: 4.894 Thread 0x000002717f6b2d80 Thread added: 0x000002717f6b5c60
Event: 4.905 Thread 0x000002717f6b2d80 Thread added: 0x000002717f6b3d20
Event: 5.466 Thread 0x000002717e4c5350 Thread exited: 0x000002717e4c5350
Event: 5.648 Thread 0x000002717f6b2d80 Thread added: 0x000002717e710950
Event: 5.660 Thread 0x000002717f6b2d80 Thread added: 0x000002717e715770
Event: 5.757 Thread 0x000002717f6b2d80 Thread added: 0x000002717e714fa0
Event: 5.981 Thread 0x00000271799d7f40 Thread added: 0x000002717e4cac00
Event: 7.469 Thread 0x000002717e4cac00 Thread exited: 0x000002717e4cac00
Event: 7.826 Thread 0x00000271799d7f40 Thread added: 0x000002717e4c83b0
Event: 7.901 Thread 0x000002717f6b2d80 Thread added: 0x000002717e7147d0
Event: 7.956 Thread 0x000002717f6b2d80 Thread added: 0x000002717e712890


Dynamic libraries:
0x00007ff7f2c40000 - 0x00007ff7f2c4e000 	C:\Program Files\Eclipse Adoptium\jdk-25.0.1.8-hotspot\bin\java.exe
0x00007ffae56d0000 - 0x00007ffae58e7000 	C:\Windows\SYSTEM32\ntdll.dll
0x00007ffae4330000 - 0x00007ffae43f4000 	C:\Windows\System32\KERNEL32.DLL
0x00007ffae2a80000 - 0x00007ffae2e37000 	C:\Windows\System32\KERNELBASE.dll
0x00007ffae2e40000 - 0x00007ffae2f51000 	C:\Windows\System32\ucrtbase.dll
0x00007ffacb6d0000 - 0x00007ffacb6ee000 	C:\Program Files\Eclipse Adoptium\jdk-25.0.1.8-hotspot\bin\VCRUNTIME140.dll
0x00007ffac0940000 - 0x00007ffac0956000 	C:\Program Files\Eclipse Adoptium\jdk-25.0.1.8-hotspot\bin\jli.dll
0x00007ffae3760000 - 0x00007ffae390f000 	C:\Windows\System32\USER32.dll
0x00007ffae3170000 - 0x00007ffae3196000 	C:\Windows\System32\win32u.dll
0x00007ffae4de0000 - 0x00007ffae4e09000 	C:\Windows\System32\GDI32.dll
0x00007ffae3220000 - 0x00007ffae3338000 	C:\Windows\System32\gdi32full.dll
0x00007ffae29e0000 - 0x00007ffae2a7a000 	C:\Windows\System32\msvcp_win.dll
0x00007ffacbc70000 - 0x00007ffacbf03000 	C:\Windows\WinSxS\amd64_microsoft.windows.common-controls_6595b64144ccf1df_6.0.22621.3672_none_2713b9d173822955\COMCTL32.dll
0x00007ffae54f0000 - 0x00007ffae5597000 	C:\Windows\System32\msvcrt.dll
0x00007ffae4570000 - 0x00007ffae45a1000 	C:\Windows\System32\IMM32.DLL
0x00007ffacb730000 - 0x00007ffacb73c000 	C:\Program Files\Eclipse Adoptium\jdk-25.0.1.8-hotspot\bin\vcruntime140_1.dll
0x00007ffa9bc10000 - 0x00007ffa9bc9d000 	C:\Program Files\Eclipse Adoptium\jdk-25.0.1.8-hotspot\bin\msvcp140.dll
0x00007ffa4d760000 - 0x00007ffa4e686000 	C:\Program Files\Eclipse Adoptium\jdk-25.0.1.8-hotspot\bin\server\jvm.dll
0x00007ffae44b0000 - 0x00007ffae4562000 	C:\Windows\System32\ADVAPI32.dll
0x00007ffae4d30000 - 0x00007ffae4dd8000 	C:\Windows\System32\sechost.dll
0x00007ffae2f60000 - 0x00007ffae2f88000 	C:\Windows\System32\bcrypt.dll
0x00007ffae3640000 - 0x00007ffae3754000 	C:\Windows\System32\RPCRT4.dll
0x00007ffae3400000 - 0x00007ffae3471000 	C:\Windows\System32\WS2_32.dll
0x00007ffae28b0000 - 0x00007ffae28fd000 	C:\Windows\SYSTEM32\POWRPROF.dll
0x00007ffadb820000 - 0x00007ffadb854000 	C:\Windows\SYSTEM32\WINMM.dll
0x00007ffadb130000 - 0x00007ffadb13a000 	C:\Windows\SYSTEM32\VERSION.dll
0x00007ffae2890000 - 0x00007ffae28a3000 	C:\Windows\SYSTEM32\UMPDC.dll
0x00007ffae1990000 - 0x00007ffae19a8000 	C:\Windows\SYSTEM32\kernel.appcore.dll
0x00007ffac0930000 - 0x00007ffac093a000 	C:\Program Files\Eclipse Adoptium\jdk-25.0.1.8-hotspot\bin\jimage.dll
0x00007ffac9eb0000 - 0x00007ffaca0e2000 	C:\Windows\SYSTEM32\DBGHELP.DLL
0x00007ffae45b0000 - 0x00007ffae493e000 	C:\Windows\System32\combase.dll
0x00007ffae4940000 - 0x00007ffae4a17000 	C:\Windows\System32\OLEAUT32.dll
0x00007ffac4e00000 - 0x00007ffac4e32000 	C:\Windows\SYSTEM32\dbgcore.DLL
0x00007ffae31a0000 - 0x00007ffae321b000 	C:\Windows\System32\bcryptPrimitives.dll
0x00007ffabdb90000 - 0x00007ffabdb9f000 	C:\Program Files\Eclipse Adoptium\jdk-25.0.1.8-hotspot\bin\instrument.dll
0x00007ffab38f0000 - 0x00007ffab390e000 	C:\Program Files\Eclipse Adoptium\jdk-25.0.1.8-hotspot\bin\java.dll
0x00007ffae4a20000 - 0x00007ffae4bc5000 	C:\Windows\System32\ole32.dll
0x00007ffae3ac0000 - 0x00007ffae4329000 	C:\Windows\System32\SHELL32.dll
0x00007ffae0900000 - 0x00007ffae11ff000 	C:\Windows\SYSTEM32\windows.storage.dll
0x00007ffae07c0000 - 0x00007ffae08ff000 	C:\Windows\SYSTEM32\wintypes.dll
0x00007ffae4e30000 - 0x00007ffae4f29000 	C:\Windows\System32\SHCORE.dll
0x00007ffae55a0000 - 0x00007ffae55fe000 	C:\Windows\System32\shlwapi.dll
0x00007ffae2910000 - 0x00007ffae2937000 	C:\Windows\SYSTEM32\profapi.dll
0x00007ffab2130000 - 0x00007ffab2147000 	C:\Program Files\Eclipse Adoptium\jdk-25.0.1.8-hotspot\bin\zip.dll
0x00007ffaae420000 - 0x00007ffaae431000 	C:\Program Files\Eclipse Adoptium\jdk-25.0.1.8-hotspot\bin\net.dll
0x00007ffae1e50000 - 0x00007ffae1eb9000 	C:\Windows\system32\mswsock.dll
0x00007ffaa7020000 - 0x00007ffaa7036000 	C:\Program Files\Eclipse Adoptium\jdk-25.0.1.8-hotspot\bin\nio.dll
0x00007ffabdb80000 - 0x00007ffabdb90000 	C:\Program Files\Eclipse Adoptium\jdk-25.0.1.8-hotspot\bin\verify.dll
0x00007ffac5550000 - 0x00007ffac5577000 	C:\Users\ACER\.gradle\native\660c5614fbf4a5f2a75b1949f50a0caf5cd603558e7d8a26e50b933a0cfb79d1\windows-amd64\native-platform.dll
0x00007ffa9bca0000 - 0x00007ffa9bd17000 	C:\Users\ACER\.gradle\native\0.2.8\x86_64-windows-gnu\gradle-fileevents.dll
0x00007ffabda20000 - 0x00007ffabda2a000 	C:\Program Files\Eclipse Adoptium\jdk-25.0.1.8-hotspot\bin\management.dll
0x00007ffabc8a0000 - 0x00007ffabc8ac000 	C:\Program Files\Eclipse Adoptium\jdk-25.0.1.8-hotspot\bin\management_ext.dll
0x00007ffae4f90000 - 0x00007ffae4f98000 	C:\Windows\System32\PSAPI.DLL
0x00007ffae1460000 - 0x00007ffae148d000 	C:\Windows\SYSTEM32\IPHLPAPI.DLL
0x00007ffae4e20000 - 0x00007ffae4e29000 	C:\Windows\System32\NSI.dll
0x00007ffabbf60000 - 0x00007ffabbf69000 	C:\Program Files\Eclipse Adoptium\jdk-25.0.1.8-hotspot\bin\extnet.dll
0x00007ffae2070000 - 0x00007ffae208b000 	C:\Windows\SYSTEM32\CRYPTSP.dll
0x00007ffae1950000 - 0x00007ffae1985000 	C:\Windows\system32\rsaenh.dll
0x00007ffae1f00000 - 0x00007ffae1f28000 	C:\Windows\SYSTEM32\USERENV.dll
0x00007ffae2060000 - 0x00007ffae206c000 	C:\Windows\SYSTEM32\CRYPTBASE.dll
0x00007ffabbc70000 - 0x00007ffabbc7e000 	C:\Program Files\Eclipse Adoptium\jdk-25.0.1.8-hotspot\bin\sunmscapi.dll
0x00007ffae2f90000 - 0x00007ffae30f6000 	C:\Windows\System32\CRYPT32.dll
0x00007ffae22b0000 - 0x00007ffae22dd000 	C:\Windows\SYSTEM32\ncrypt.dll
0x00007ffae2270000 - 0x00007ffae22a7000 	C:\Windows\SYSTEM32\NTASN1.dll
0x00007ffad9dc0000 - 0x00007ffad9dc8000 	C:\Windows\system32\wshunix.dll

JVMTI agents:
C:\Users\ACER\.gradle\wrapper\dists\gradle-9.3.1-bin\23ovyewtku6u96viwx3xl3oks\gradle-9.3.1\lib\agents\gradle-instrumentation-agent-9.3.1.jar path:C:\Program Files\Eclipse Adoptium\jdk-25.0.1.8-hotspot\bin\instrument.dll, loaded, initialized, instrumentlib options:none

dbghelp: loaded successfully - version: 4.0.5 - missing functions: none
symbol engine: initialized successfully - sym options: 0x614 - pdb path: .;C:\Program Files\Eclipse Adoptium\jdk-25.0.1.8-hotspot\bin;C:\Windows\SYSTEM32;C:\Windows\WinSxS\amd64_microsoft.windows.common-controls_6595b64144ccf1df_6.0.22621.3672_none_2713b9d173822955;C:\Program Files\Eclipse Adoptium\jdk-25.0.1.8-hotspot\bin\server;C:\Users\ACER\.gradle\native\660c5614fbf4a5f2a75b1949f50a0caf5cd603558e7d8a26e50b933a0cfb79d1\windows-amd64;C:\Users\ACER\.gradle\native\0.2.8\x86_64-windows-gnu

VM Arguments:
jvm_args: --add-opens=java.base/java.lang=ALL-UNNAMED --add-opens=java.base/java.lang.invoke=ALL-UNNAMED --add-opens=java.base/java.util=ALL-UNNAMED --add-opens=java.prefs/java.util.prefs=ALL-UNNAMED --add-exports=jdk.compiler/com.sun.tools.javac.api=ALL-UNNAMED --add-exports=jdk.compiler/com.sun.tools.javac.util=ALL-UNNAMED --add-opens=java.base/java.util=ALL-UNNAMED --add-opens=java.prefs/java.util.prefs=ALL-UNNAMED --add-opens=java.base/java.nio.charset=ALL-UNNAMED --add-opens=java.base/java.net=ALL-UNNAMED --add-opens=java.base/java.util.concurrent=ALL-UNNAMED --add-opens=java.base/java.util.concurrent.atomic=ALL-UNNAMED --add-opens=java.xml/javax.xml.namespace=ALL-UNNAMED --add-opens=java.base/java.time=ALL-UNNAMED --enable-native-access=ALL-UNNAMED -Xmx2048m -Dfile.encoding=UTF-8 -Duser.country=FR -Duser.language=fr -Duser.variant -javaagent:C:\Users\ACER\.gradle\wrapper\dists\gradle-9.3.1-bin\23ovyewtku6u96viwx3xl3oks\gradle-9.3.1\lib\agents\gradle-instrumentation-agent-9.3.1.jar 
java_command: org.gradle.launcher.daemon.bootstrap.GradleDaemon 9.3.1
java_class_path (initial): C:\Users\ACER\.gradle\wrapper\dists\gradle-9.3.1-bin\23ovyewtku6u96viwx3xl3oks\gradle-9.3.1\lib\gradle-daemon-main-9.3.1.jar
Launcher Type: SUN_STANDARD

[Global flags]
     intx CICompilerCount                          = 3                                         {product} {ergonomic}
     uint ConcGCThreads                            = 1                                         {product} {ergonomic}
     uint G1ConcRefinementThreads                  = 4                                         {product} {ergonomic}
   size_t G1HeapRegionSize                         = 1048576                                   {product} {ergonomic}
   size_t InitialHeapSize                          = 134217728                                 {product} {ergonomic}
   size_t MarkStackSize                            = 4194304                                   {product} {ergonomic}
   size_t MarkStackSizeMax                         = 536870912                                 {product} {ergonomic}
   size_t MaxHeapSize                              = 2147483648                                {product} {command line}
   size_t MaxNewSize                               = 1287651328                                {product} {ergonomic}
   size_t MinHeapDeltaBytes                        = 1048576                                   {product} {ergonomic}
   size_t MinHeapSize                              = 8388608                                   {product} {ergonomic}
    uintx NonNMethodCodeHeapSize                   = 5832704                                {pd product} {ergonomic}
    uintx NonProfiledCodeHeapSize                  = 122945536                              {pd product} {ergonomic}
    uintx ProfiledCodeHeapSize                     = 122880000                              {pd product} {ergonomic}
    uintx ReservedCodeCacheSize                    = 251658240                              {pd product} {ergonomic}
     bool SegmentedCodeCache                       = true                                      {product} {ergonomic}
   size_t SoftMaxHeapSize                          = 2147483648                             {manageable} {ergonomic}
     bool UseCompressedOops                        = true                           {product lp64_product} {ergonomic}
     bool UseG1GC                                  = true                                      {product} {ergonomic}
     bool UseLargePagesIndividualAllocation        = false                                  {pd product} {ergonomic}

Logging:
Log output configuration:
 #0: stdout all=warning uptime,level,tags foldmultilines=false
 #1: stderr all=off uptime,level,tags foldmultilines=false

Release file:
IMPLEMENTOR="Eclipse Adoptium" 
IMPLEMENTOR_VERSION="Temurin-25.0.1+8" 
JAVA_RUNTIME_VERSION="25.0.1+8-LTS" 
JAVA_VERSION="25.0.1" 
JAVA_VERSION_DATE="2025-10-21" 
LIBC="default" 
MODULES="java.base java.compiler java.datatransfer java.xml java.prefs java.desktop java.instrument java.logging java.management java.security.sasl java.naming java.rmi java.management.rmi java.net.http java.scripting java.security.jgss java.transaction.xa java.sql java.sql.rowset java.xml.crypto java.se java.smartcardio jdk.accessibility jdk.internal.jvmstat jdk.attach jdk.charsets jdk.internal.opt jdk.zipfs jdk.compiler jdk.crypto.cryptoki jdk.crypto.ec jdk.crypto.mscapi jdk.dynalink jdk.internal.ed jdk.editpad jdk.internal.vm.ci jdk.graal.compiler jdk.graal.compiler.management jdk.hotspot.agent jdk.httpserver jdk.incubator.vector jdk.internal.le jdk.internal.md jdk.jartool jdk.javadoc jdk.jcmd jdk.management jdk.management.agent jdk.jconsole jdk.jdeps jdk.jdwp.agent jdk.jdi jdk.jfr jdk.jlink jdk.jpackage jdk.jshell jdk.jsobject jdk.jstatd jdk.localedata jdk.management.jfr jdk.naming.dns jdk.naming.rmi jdk.net jdk.nio.mapmode jdk.sctp jdk.security.auth jdk.security.jgss jdk.unsupported jdk.unsupported.desktop jdk.xml.dom" 
OS_ARCH="x86_64" 
OS_NAME="Windows" 
SOURCE=".:git:61d6a2c1b35e" 
BUILD_SOURCE="git:839fa0b45d809157cffd3dc8515aad262a4a1776"
BUILD_SOURCE_REPO="https://github.com/adoptium/temurin-build.git"
SOURCE_REPO="https://github.com/adoptium/jdk25u.git"
FULL_VERSION="25.0.1+8-LTS"
SEMANTIC_VERSION="25.0.1+8"
BUILD_INFO="OS: Windows Server 2022 Version: 10.0"
JVM_VARIANT="Hotspot"
JVM_VERSION="25.0.1+8-LTS"
IMAGE_TYPE="JDK"

Environment Variables:
PATH=C:\Program Files\Eclipse Adoptium\jdk-25.0.1.8-hotspot\bin;C:\Windows\system32;C:\Windows;C:\Windows\System32\Wbem;C:\Windows\System32\WindowsPowerShell\v1.0\;C:\Windows\System32\OpenSSH\;C:\MinGW\bin;C:\Program Files\Git\cmd;C:\Program Files\nodejs\;C:\Users\ACER\.local\bin;C:\Users\ACER\AppData\Local\Programs\Python\Python314\Scripts\;C:\Users\ACER\AppData\Local\Programs\Python\Python314\;C:\Users\ACER\AppData\Local\Programs\Python\Launcher\;C:\Users\ACER\AppData\Local\Microsoft\WindowsApps;C:\Users\ACER\AppData\Local\Programs\Microsoft VS Code\bin;C:\MinGW\bin;C:\Users\ACER\AppData\Roaming\npm;C:\Users\ACER\AppData\Local\Programs\DockerDesktop\resources\bin
USERNAME=ACER
OS=Windows_NT
PROCESSOR_IDENTIFIER=Intel64 Family 6 Model 78 Stepping 3, GenuineIntel
TMP=C:\Users\ACER\AppData\Local\Temp
TEMP=C:\Users\ACER\AppData\Local\Temp




Compilation memory statistics disabled.

Periodic native trim disabled

---------------  S Y S T E M  ---------------

OS:
 Windows 11 , 64 bit Build 22621 (10.0.22621.3958)
OS uptime: 5 days 8:38 hours
Hyper-V role detected

CPU: total 4 (initial active 4) (2 cores per cpu, 2 threads per core) family 6 model 78 stepping 3 microcode 0xd6, cx8, cmov, fxsr, ht, mmx, 3dnowpref, sse, sse2, sse3, ssse3, sse4.1, sse4.2, popcnt, lzcnt, tsc, tscinvbit, avx, avx2, aes, erms, clmul, bmi1, bmi2, adx, fma, vzeroupper, clflush, clflushopt, hv, rdtscp, f16c
Processor Information for processor 0
  Max Mhz: 2401, Current Mhz: 2200, Mhz Limit: 2184
Processor Information for processor 1
  Max Mhz: 2401, Current Mhz: 2200, Mhz Limit: 2184
Processor Information for processor 2
  Max Mhz: 2401, Current Mhz: 1500, Mhz Limit: 2184
Processor Information for processor 3
  Max Mhz: 2401, Current Mhz: 1500, Mhz Limit: 2184

Memory: 4k page, system-wide physical 8097M (488M free)
TotalPageFile size 10097M (AvailPageFile size 7M)
current process WorkingSet (physical memory assigned to process): 206M, peak: 222M
current process commit charge ("private bytes"): 265M, peak: 302M

vm_info: OpenJDK 64-Bit Server VM (25.0.1+8-LTS) for windows-amd64 JRE (25.0.1+8-LTS), built on 2025-10-21T00:00:00Z with unknown MS VC++:1942

END.
