#
# There is insufficient memory for the Java Runtime Environment to continue.
# Native memory allocation (malloc) failed to allocate 32744 bytes. Error detail: Chunk::new
# Possible reasons:
#   The system is out of physical RAM or swap space
#   This process is running with CompressedOops enabled, and the Java Heap may be blocking the growth of the native heap
# Possible solutions:
#   Reduce memory load on the system
#   Increase physical memory or swap space
#   Check if swap backing store is full
#   Decrease Java heap size (-Xmx/-Xms)
#   Decrease number of Java threads
#   Decrease Java thread stack sizes (-Xss)
#   Set larger code cache with -XX:ReservedCodeCacheSize=
#   JVM is running with Unscaled Compressed Oops mode in which the Java heap is
#     placed in the first 4GB address space. The Java Heap base address is the
#     maximum limit for the native heap growth. Please use -XX:HeapBaseMinAddress
#     to set the Java Heap base and to place the Java Heap above 4GB virtual address.
# This output file may be truncated or incomplete.
#
#  Out of Memory Error (arena.cpp:168), pid=15240, tid=17520
#
# JRE version: OpenJDK Runtime Environment Temurin-21.0.10+7 (21.0.10+7) (build 21.0.10+7-LTS)
# Java VM: OpenJDK 64-Bit Server VM Temurin-21.0.10+7 (21.0.10+7-LTS, mixed mode, sharing, tiered, compressed oops, compressed class ptrs, g1 gc, windows-amd64)
# No core dump will be written. Minidumps are not enabled by default on client versions of Windows
#

---------------  S U M M A R Y ------------

Command Line: --add-opens=java.base/java.lang=ALL-UNNAMED --add-opens=java.base/java.lang.invoke=ALL-UNNAMED --add-opens=java.base/java.util=ALL-UNNAMED --add-opens=java.prefs/java.util.prefs=ALL-UNNAMED --add-exports=jdk.compiler/com.sun.tools.javac.api=ALL-UNNAMED --add-exports=jdk.compiler/com.sun.tools.javac.util=ALL-UNNAMED --add-opens=java.base/java.util=ALL-UNNAMED --add-opens=java.prefs/java.util.prefs=ALL-UNNAMED --add-opens=java.base/java.nio.charset=ALL-UNNAMED --add-opens=java.base/java.net=ALL-UNNAMED --add-opens=java.base/java.util.concurrent=ALL-UNNAMED --add-opens=java.base/java.util.concurrent.atomic=ALL-UNNAMED --add-opens=java.xml/javax.xml.namespace=ALL-UNNAMED --add-opens=java.base/java.time=ALL-UNNAMED -Xmx2048m -Dfile.encoding=UTF-8 -Duser.country=FR -Duser.language=fr -Duser.variant -javaagent:C:\Users\ACER\.gradle\wrapper\dists\gradle-9.3.1-bin\23ovyewtku6u96viwx3xl3oks\gradle-9.3.1\lib\agents\gradle-instrumentation-agent-9.3.1.jar org.gradle.launcher.daemon.bootstrap.GradleDaemon 9.3.1

Host: Intel(R) Core(TM) i5-6200U CPU @ 2.30GHz, 4 cores, 7G,  Windows 11 , 64 bit Build 22621 (10.0.22621.3958)
Time: Sun Jun 14 15:36:08 2026 Săo Tomé (heure standard) elapsed time: 33.118325 seconds (0d 0h 0m 33s)

---------------  T H R E A D  ---------------

Current thread (0x000001de1b45d190):  JavaThread "C2 CompilerThread0" daemon [_thread_in_native, id=17520, stack(0x000000a5a1200000,0x000000a5a1300000) (1024K)]


Current CompileTask:
C2:33118 5786   !   4       org.jetbrains.kotlin.metadata.ProtoBuf$Type::<init> (875 bytes)

Stack: [0x000000a5a1200000,0x000000a5a1300000]
Native frames: (J=compiled Java code, j=interpreted, Vv=VM code, C=native code)
V  [jvm.dll+0x6d7a39]
V  [jvm.dll+0x8b4b26]
V  [jvm.dll+0x8b70de]
V  [jvm.dll+0x8b77c3]
V  [jvm.dll+0x284346]
V  [jvm.dll+0xc66ed]
V  [jvm.dll+0xc6c31]
V  [jvm.dll+0x5df07d]
V  [jvm.dll+0x38b191]
V  [jvm.dll+0x38a5aa]
V  [jvm.dll+0x24c560]
V  [jvm.dll+0x24bb40]
V  [jvm.dll+0x1cb34e]
V  [jvm.dll+0x25b85d]
V  [jvm.dll+0x259dea]
V  [jvm.dll+0x3f857e]
V  [jvm.dll+0x85f59d]
V  [jvm.dll+0x6d626d]
C  [ucrtbase.dll+0x29333]
C  [KERNEL32.DLL+0x1257d]
C  [ntdll.dll+0x5af08]


---------------  P R O C E S S  ---------------

Threads class SMR info:
_java_thread_list=0x000001de6416cf10, length=33, elements={
0x000001de04588720, 0x000001de1b454e00, 0x000001de1b455960, 0x000001de1b4584d0,
0x000001de1b458f30, 0x000001de1b45b9a0, 0x000001de1b45c400, 0x000001de1b45d190,
0x000001de1b460770, 0x000001de1b7464f0, 0x000001de1b6dab50, 0x000001de62a41030,
0x000001de628fa930, 0x000001de61dea050, 0x000001de6128eb40, 0x000001de61369bc0,
0x000001de6136a580, 0x000001de629ee0b0, 0x000001de629ec670, 0x000001de629eda20,
0x000001de629ef460, 0x000001de629ee740, 0x000001de629ecd00, 0x000001de629eedd0,
0x000001de62338730, 0x000001de62338dc0, 0x000001de62339450, 0x000001de62339ae0,
0x000001de6233a170, 0x000001de62336cf0, 0x000001de62337380, 0x000001de62337a10,
0x000001de637c9cb0
}

Java Threads: ( => current thread )
  0x000001de04588720 JavaThread "main"                              [_thread_blocked, id=17044, stack(0x000000a5a0300000,0x000000a5a0400000) (1024K)]
  0x000001de1b454e00 JavaThread "Reference Handler"          daemon [_thread_blocked, id=5252, stack(0x000000a5a0c00000,0x000000a5a0d00000) (1024K)]
  0x000001de1b455960 JavaThread "Finalizer"                  daemon [_thread_blocked, id=15320, stack(0x000000a5a0d00000,0x000000a5a0e00000) (1024K)]
  0x000001de1b4584d0 JavaThread "Signal Dispatcher"          daemon [_thread_blocked, id=4196, stack(0x000000a5a0e00000,0x000000a5a0f00000) (1024K)]
  0x000001de1b458f30 JavaThread "Attach Listener"            daemon [_thread_blocked, id=1060, stack(0x000000a5a0f00000,0x000000a5a1000000) (1024K)]
  0x000001de1b45b9a0 JavaThread "Service Thread"             daemon [_thread_blocked, id=15776, stack(0x000000a5a1000000,0x000000a5a1100000) (1024K)]
  0x000001de1b45c400 JavaThread "Monitor Deflation Thread"   daemon [_thread_blocked, id=13336, stack(0x000000a5a1100000,0x000000a5a1200000) (1024K)]
=>0x000001de1b45d190 JavaThread "C2 CompilerThread0"         daemon [_thread_in_native, id=17520, stack(0x000000a5a1200000,0x000000a5a1300000) (1024K)]
  0x000001de1b460770 JavaThread "C1 CompilerThread0"         daemon [_thread_blocked, id=14616, stack(0x000000a5a1300000,0x000000a5a1400000) (1024K)]
  0x000001de1b7464f0 JavaThread "Common-Cleaner"             daemon [_thread_blocked, id=16492, stack(0x000000a5a1400000,0x000000a5a1500000) (1024K)]
  0x000001de1b6dab50 JavaThread "Notification Thread"        daemon [_thread_blocked, id=2076, stack(0x000000a5a1500000,0x000000a5a1600000) (1024K)]
  0x000001de62a41030 JavaThread "Daemon health stats"               [_thread_blocked, id=17804, stack(0x000000a5a1a00000,0x000000a5a1b00000) (1024K)]
  0x000001de628fa930 JavaThread "Incoming local TCP Connector on port 51680"        [_thread_in_native, id=17544, stack(0x000000a5a1800000,0x000000a5a1900000) (1024K)]
  0x000001de61dea050 JavaThread "Daemon periodic checks"            [_thread_blocked, id=3944, stack(0x000000a5a1b00000,0x000000a5a1c00000) (1024K)]
  0x000001de6128eb40 JavaThread "Daemon"                            [_thread_blocked, id=14444, stack(0x000000a5a1c00000,0x000000a5a1d00000) (1024K)]
  0x000001de61369bc0 JavaThread "Handler for socket connection from /127.0.0.1:51680 to /127.0.0.1:51681"        [_thread_in_native, id=9068, stack(0x000000a5a1d00000,0x000000a5a1e00000) (1024K)]
  0x000001de6136a580 JavaThread "Cancel handler"                    [_thread_blocked, id=18196, stack(0x000000a5a1e00000,0x000000a5a1f00000) (1024K)]
  0x000001de629ee0b0 JavaThread "Daemon worker"                     [_thread_in_native, id=10640, stack(0x000000a5a1f00000,0x000000a5a2000000) (1024K)]
  0x000001de629ec670 JavaThread "Asynchronous log dispatcher for DefaultDaemonConnection: socket connection from /127.0.0.1:51680 to /127.0.0.1:51681"        [_thread_blocked, id=15040, stack(0x000000a5a2000000,0x000000a5a2100000) (1024K)]
  0x000001de629eda20 JavaThread "Stdin handler"                     [_thread_blocked, id=18984, stack(0x000000a5a2100000,0x000000a5a2200000) (1024K)]
  0x000001de629ef460 JavaThread "Daemon client event forwarder"        [_thread_blocked, id=3924, stack(0x000000a5a2200000,0x000000a5a2300000) (1024K)]
  0x000001de629ee740 JavaThread "Cache worker for journal cache (C:\Users\ACER\.gradle\caches\journal-1)"        [_thread_blocked, id=7728, stack(0x000000a5a2300000,0x000000a5a2400000) (1024K)]
  0x000001de629ecd00 JavaThread "File lock request listener"        [_thread_in_native, id=7500, stack(0x000000a5a2400000,0x000000a5a2500000) (1024K)]
  0x000001de629eedd0 JavaThread "Cache worker for file hash cache (C:\Users\ACER\.gradle\caches\9.3.1\fileHashes)"        [_thread_blocked, id=15052, stack(0x000000a5a2600000,0x000000a5a2700000) (1024K)]
  0x000001de62338730 JavaThread "Cache worker for file hash cache (C:\Users\ACER\GestionnaireNotes\.gradle\9.3.1\fileHashes)"        [_thread_blocked, id=10068, stack(0x000000a5a2700000,0x000000a5a2800000) (1024K)]
  0x000001de62338dc0 JavaThread "Cache worker for Build Output Cleanup Cache (C:\Users\ACER\GestionnaireNotes\.gradle\buildOutputCleanup)"        [_thread_blocked, id=10032, stack(0x000000a5a2800000,0x000000a5a2900000) (1024K)]
  0x000001de62339450 JavaThread "File lock release action executor"        [_thread_blocked, id=16080, stack(0x000000a5a2500000,0x000000a5a2600000) (1024K)]
  0x000001de62339ae0 JavaThread "File watcher server"        daemon [_thread_in_native, id=14924, stack(0x000000a5a2900000,0x000000a5a2a00000) (1024K)]
  0x000001de6233a170 JavaThread "File watcher consumer"      daemon [_thread_blocked, id=15140, stack(0x000000a5a2a00000,0x000000a5a2b00000) (1024K)]
  0x000001de62336cf0 JavaThread "Cache worker for checksums cache (C:\Users\ACER\GestionnaireNotes\.gradle\9.3.1\checksums)"        [_thread_blocked, id=12128, stack(0x000000a5a2b00000,0x000000a5a2c00000) (1024K)]
  0x000001de62337380 JavaThread "Cache worker for file content cache (C:\Users\ACER\.gradle\caches\9.3.1\fileContent)"        [_thread_blocked, id=7352, stack(0x000000a5a2c00000,0x000000a5a2d00000) (1024K)]
  0x000001de62337a10 JavaThread "Cache worker for cache directory md-supplier (C:\Users\ACER\.gradle\caches\9.3.1\md-supplier)"        [_thread_blocked, id=16752, stack(0x000000a5a2d00000,0x000000a5a2e00000) (1024K)]
  0x000001de637c9cb0 JavaThread "Cache worker for cache directory md-rule (C:\Users\ACER\.gradle\caches\9.3.1\md-rule)"        [_thread_blocked, id=17652, stack(0x000000a5a2e00000,0x000000a5a2f00000) (1024K)]
Total: 33

Other Threads:
  0x000001de1b4396d0 VMThread "VM Thread"                           [id=4412, stack(0x000000a5a0b00000,0x000000a5a0c00000) (1024K)]
  0x000001de1b423c80 WatcherThread "VM Periodic Task Thread"        [id=4396, stack(0x000000a5a0a00000,0x000000a5a0b00000) (1024K)]
  0x000001de0229e060 WorkerThread "GC Thread#0"                     [id=2280, stack(0x000000a5a0500000,0x000000a5a0600000) (1024K)]
  0x000001de1b818cf0 WorkerThread "GC Thread#1"                     [id=17500, stack(0x000000a5a1600000,0x000000a5a1700000) (1024K)]
  0x000001de1b81b0b0 WorkerThread "GC Thread#2"                     [id=7948, stack(0x000000a5a1700000,0x000000a5a1800000) (1024K)]
  0x000001de61917e00 WorkerThread "GC Thread#3"                     [id=10320, stack(0x000000a5a1900000,0x000000a5a1a00000) (1024K)]
  0x000001de045ea140 ConcurrentGCThread "G1 Main Marker"            [id=856, stack(0x000000a5a0600000,0x000000a5a0700000) (1024K)]
  0x000001de045ea900 WorkerThread "G1 Conc#0"                       [id=2836, stack(0x000000a5a0700000,0x000000a5a0800000) (1024K)]
  0x000001de0463e1e0 ConcurrentGCThread "G1 Refine#0"               [id=11996, stack(0x000000a5a0800000,0x000000a5a0900000) (1024K)]
  0x000001de0463eb10 ConcurrentGCThread "G1 Service"                [id=1484, stack(0x000000a5a0900000,0x000000a5a0a00000) (1024K)]
Total: 10

Threads with active compile tasks:
C2 CompilerThread0  33190 5786   !   4       org.jetbrains.kotlin.metadata.ProtoBuf$Type::<init> (875 bytes)
Total: 1

VM state: not at safepoint (normal execution)

VM Mutex/Monitor currently owned by a thread: None

Heap address: 0x0000000080000000, size: 2048 MB, Compressed Oops mode: 32-bit

CDS archive(s) mapped at: [0x000001de1c000000-0x000001de1cba0000-0x000001de1cba0000), size 12189696, SharedBaseAddress: 0x000001de1c000000, ArchiveRelocationMode: 1.
Compressed class space mapped at: 0x000001de1d000000-0x000001de5d000000, reserved size: 1073741824
Narrow klass base: 0x000001de1c000000, Narrow klass shift: 0, Narrow klass range: 0x100000000

GC Precious Log:
 CardTable entry size: 512
 Card Set container configuration: InlinePtr #cards 5 size 8 Array Of Cards #cards 12 size 40 Howl #buckets 4 coarsen threshold 1843 Howl Bitmap #cards 512 size 80 coarsen threshold 460 Card regions per heap region 1 cards per card region 2048
 CPUs: 4 total, 4 available
 Memory: 8097M
 Large Page Support: Disabled
 NUMA Support: Disabled
 Compressed Oops: Enabled (32-bit)
 Heap Region Size: 1M
 Heap Min Capacity: 8M
 Heap Initial Capacity: 128M
 Heap Max Capacity: 2G
 Pre-touch: Disabled
 Parallel Workers: 4
 Concurrent Workers: 1
 Concurrent Refinement Workers: 4
 Periodic GC: Disabled

Heap:
 garbage-first heap   total 109568K, used 80716K [0x0000000080000000, 0x0000000100000000)
  region size 1024K, 17 young (17408K), 2 survivors (2048K)
 Metaspace       used 79271K, committed 80832K, reserved 1179648K
  class space    used 10619K, committed 11392K, reserved 1048576K

Heap Regions: E=young(eden), S=young(survivor), O=old, HS=humongous(starts), HC=humongous(continues), CS=collection set, F=free, TAMS=top-at-mark-start, PB=parsable bottom
|   0|0x0000000080000000, 0x0000000080100000, 0x0000000080100000|100%|HS|  |TAMS 0x0000000080000000| PB 0x0000000080000000| Complete 
|   1|0x0000000080100000, 0x0000000080200000, 0x0000000080200000|100%|HC|  |TAMS 0x0000000080100000| PB 0x0000000080100000| Complete 
|   2|0x0000000080200000, 0x0000000080300000, 0x0000000080300000|100%|HC|  |TAMS 0x0000000080200000| PB 0x0000000080200000| Complete 
|   3|0x0000000080300000, 0x0000000080400000, 0x0000000080400000|100%|HC|  |TAMS 0x0000000080300000| PB 0x0000000080300000| Complete 
|   4|0x0000000080400000, 0x0000000080500000, 0x0000000080500000|100%| O|  |TAMS 0x0000000080400000| PB 0x0000000080400000| Untracked 
|   5|0x0000000080500000, 0x0000000080600000, 0x0000000080600000|100%| O|  |TAMS 0x0000000080500000| PB 0x0000000080500000| Untracked 
|   6|0x0000000080600000, 0x0000000080700000, 0x0000000080700000|100%| O|  |TAMS 0x0000000080600000| PB 0x0000000080600000| Untracked 
|   7|0x0000000080700000, 0x0000000080800000, 0x0000000080800000|100%| O|  |TAMS 0x0000000080700000| PB 0x0000000080700000| Untracked 
|   8|0x0000000080800000, 0x0000000080900000, 0x0000000080900000|100%|HS|  |TAMS 0x0000000080800000| PB 0x0000000080800000| Complete 
|   9|0x0000000080900000, 0x0000000080a00000, 0x0000000080a00000|100%| O|  |TAMS 0x0000000080900000| PB 0x0000000080900000| Untracked 
|  10|0x0000000080a00000, 0x0000000080b00000, 0x0000000080b00000|100%| O|  |TAMS 0x0000000080a00000| PB 0x0000000080a00000| Untracked 
|  11|0x0000000080b00000, 0x0000000080c00000, 0x0000000080c00000|100%| O|  |TAMS 0x0000000080b00000| PB 0x0000000080b00000| Untracked 
|  12|0x0000000080c00000, 0x0000000080d00000, 0x0000000080d00000|100%| O|  |TAMS 0x0000000080c00000| PB 0x0000000080c00000| Untracked 
|  13|0x0000000080d00000, 0x0000000080e00000, 0x0000000080e00000|100%| O|  |TAMS 0x0000000080d00000| PB 0x0000000080d00000| Untracked 
|  14|0x0000000080e00000, 0x0000000080f00000, 0x0000000080f00000|100%| O|  |TAMS 0x0000000080e00000| PB 0x0000000080e00000| Untracked 
|  15|0x0000000080f00000, 0x0000000081000000, 0x0000000081000000|100%| O|  |TAMS 0x0000000080f00000| PB 0x0000000080f00000| Untracked 
|  16|0x0000000081000000, 0x0000000081100000, 0x0000000081100000|100%| O|  |TAMS 0x0000000081000000| PB 0x0000000081000000| Untracked 
|  17|0x0000000081100000, 0x0000000081200000, 0x0000000081200000|100%| O|  |TAMS 0x0000000081100000| PB 0x0000000081100000| Untracked 
|  18|0x0000000081200000, 0x0000000081300000, 0x0000000081300000|100%| O|  |TAMS 0x0000000081200000| PB 0x0000000081200000| Untracked 
|  19|0x0000000081300000, 0x0000000081400000, 0x0000000081400000|100%| O|  |TAMS 0x0000000081300000| PB 0x0000000081300000| Untracked 
|  20|0x0000000081400000, 0x0000000081500000, 0x0000000081500000|100%| O|  |TAMS 0x0000000081400000| PB 0x0000000081400000| Untracked 
|  21|0x0000000081500000, 0x0000000081600000, 0x0000000081600000|100%| O|  |TAMS 0x0000000081500000| PB 0x0000000081500000| Untracked 
|  22|0x0000000081600000, 0x0000000081700000, 0x0000000081700000|100%| O|  |TAMS 0x0000000081600000| PB 0x0000000081600000| Untracked 
|  23|0x0000000081700000, 0x0000000081800000, 0x0000000081800000|100%| O|  |TAMS 0x0000000081700000| PB 0x0000000081700000| Untracked 
|  24|0x0000000081800000, 0x0000000081900000, 0x0000000081900000|100%| O|  |TAMS 0x0000000081800000| PB 0x0000000081800000| Untracked 
|  25|0x0000000081900000, 0x0000000081a00000, 0x0000000081a00000|100%| O|  |TAMS 0x0000000081900000| PB 0x0000000081900000| Untracked 
|  26|0x0000000081a00000, 0x0000000081b00000, 0x0000000081b00000|100%| O|  |TAMS 0x0000000081a00000| PB 0x0000000081a00000| Untracked 
|  27|0x0000000081b00000, 0x0000000081c00000, 0x0000000081c00000|100%| O|  |TAMS 0x0000000081b00000| PB 0x0000000081b00000| Untracked 
|  28|0x0000000081c00000, 0x0000000081d00000, 0x0000000081d00000|100%| O|  |TAMS 0x0000000081c00000| PB 0x0000000081c00000| Untracked 
|  29|0x0000000081d00000, 0x0000000081e00000, 0x0000000081e00000|100%| O|  |TAMS 0x0000000081d00000| PB 0x0000000081d00000| Untracked 
|  30|0x0000000081e00000, 0x0000000081f00000, 0x0000000081f00000|100%| O|  |TAMS 0x0000000081e00000| PB 0x0000000081e00000| Untracked 
|  31|0x0000000081f00000, 0x0000000082000000, 0x0000000082000000|100%| O|  |TAMS 0x0000000081f00000| PB 0x0000000081f00000| Untracked 
|  32|0x0000000082000000, 0x0000000082100000, 0x0000000082100000|100%| O|  |TAMS 0x0000000082000000| PB 0x0000000082000000| Untracked 
|  33|0x0000000082100000, 0x0000000082200000, 0x0000000082200000|100%| O|  |TAMS 0x0000000082100000| PB 0x0000000082100000| Untracked 
|  34|0x0000000082200000, 0x0000000082300000, 0x0000000082300000|100%| O|  |TAMS 0x0000000082200000| PB 0x0000000082200000| Untracked 
|  35|0x0000000082300000, 0x0000000082400000, 0x0000000082400000|100%| O|  |TAMS 0x0000000082300000| PB 0x0000000082300000| Untracked 
|  36|0x0000000082400000, 0x0000000082500000, 0x0000000082500000|100%| O|  |TAMS 0x0000000082400000| PB 0x0000000082400000| Untracked 
|  37|0x0000000082500000, 0x0000000082600000, 0x0000000082600000|100%| O|  |TAMS 0x0000000082500000| PB 0x0000000082500000| Untracked 
|  38|0x0000000082600000, 0x0000000082700000, 0x0000000082700000|100%| O|  |TAMS 0x0000000082600000| PB 0x0000000082600000| Untracked 
|  39|0x0000000082700000, 0x0000000082800000, 0x0000000082800000|100%| O|  |TAMS 0x0000000082700000| PB 0x0000000082700000| Untracked 
|  40|0x0000000082800000, 0x0000000082900000, 0x0000000082900000|100%| O|  |TAMS 0x0000000082800000| PB 0x0000000082800000| Untracked 
|  41|0x0000000082900000, 0x0000000082a00000, 0x0000000082a00000|100%| O|  |TAMS 0x0000000082900000| PB 0x0000000082900000| Untracked 
|  42|0x0000000082a00000, 0x0000000082b00000, 0x0000000082b00000|100%| O|  |TAMS 0x0000000082a00000| PB 0x0000000082a00000| Untracked 
|  43|0x0000000082b00000, 0x0000000082c00000, 0x0000000082c00000|100%| O|  |TAMS 0x0000000082b00000| PB 0x0000000082b00000| Untracked 
|  44|0x0000000082c00000, 0x0000000082d00000, 0x0000000082d00000|100%| O|  |TAMS 0x0000000082c00000| PB 0x0000000082c00000| Untracked 
|  45|0x0000000082d00000, 0x0000000082e00000, 0x0000000082e00000|100%| O|  |TAMS 0x0000000082d00000| PB 0x0000000082d00000| Untracked 
|  46|0x0000000082e00000, 0x0000000082f00000, 0x0000000082f00000|100%| O|  |TAMS 0x0000000082e00000| PB 0x0000000082e00000| Untracked 
|  47|0x0000000082f00000, 0x0000000083000000, 0x0000000083000000|100%| O|  |TAMS 0x0000000082f00000| PB 0x0000000082f00000| Untracked 
|  48|0x0000000083000000, 0x0000000083100000, 0x0000000083100000|100%| O|Cm|TAMS 0x0000000083000000| PB 0x0000000083000000| Complete 
|  49|0x0000000083100000, 0x0000000083200000, 0x0000000083200000|100%| O|  |TAMS 0x0000000083100000| PB 0x0000000083100000| Untracked 
|  50|0x0000000083200000, 0x0000000083300000, 0x0000000083300000|100%| O|  |TAMS 0x0000000083200000| PB 0x0000000083200000| Untracked 
|  51|0x0000000083300000, 0x0000000083400000, 0x0000000083400000|100%| O|  |TAMS 0x0000000083300000| PB 0x0000000083300000| Untracked 
|  52|0x0000000083400000, 0x0000000083500000, 0x0000000083500000|100%| O|  |TAMS 0x0000000083400000| PB 0x0000000083400000| Untracked 
|  53|0x0000000083500000, 0x0000000083600000, 0x0000000083600000|100%| O|  |TAMS 0x0000000083500000| PB 0x0000000083500000| Untracked 
|  54|0x0000000083600000, 0x0000000083700000, 0x0000000083700000|100%| O|  |TAMS 0x0000000083600000| PB 0x0000000083600000| Untracked 
|  55|0x0000000083700000, 0x000000008377d160, 0x0000000083800000| 48%| O|  |TAMS 0x0000000083700000| PB 0x0000000083700000| Untracked 
|  56|0x0000000083800000, 0x0000000083800000, 0x0000000083900000|  0%| F|  |TAMS 0x0000000083800000| PB 0x0000000083800000| Untracked 
|  57|0x0000000083900000, 0x0000000083900000, 0x0000000083a00000|  0%| F|  |TAMS 0x0000000083900000| PB 0x0000000083900000| Untracked 
|  58|0x0000000083a00000, 0x0000000083a00000, 0x0000000083b00000|  0%| F|  |TAMS 0x0000000083a00000| PB 0x0000000083a00000| Untracked 
|  59|0x0000000083b00000, 0x0000000083b00000, 0x0000000083c00000|  0%| F|  |TAMS 0x0000000083b00000| PB 0x0000000083b00000| Untracked 
|  60|0x0000000083c00000, 0x0000000083c00000, 0x0000000083d00000|  0%| F|  |TAMS 0x0000000083c00000| PB 0x0000000083c00000| Untracked 
|  61|0x0000000083d00000, 0x0000000083d00000, 0x0000000083e00000|  0%| F|  |TAMS 0x0000000083d00000| PB 0x0000000083d00000| Untracked 
|  62|0x0000000083e00000, 0x0000000083e00000, 0x0000000083f00000|  0%| F|  |TAMS 0x0000000083e00000| PB 0x0000000083e00000| Untracked 
|  63|0x0000000083f00000, 0x0000000083f00000, 0x0000000084000000|  0%| F|  |TAMS 0x0000000083f00000| PB 0x0000000083f00000| Untracked 
|  64|0x0000000084000000, 0x0000000084000000, 0x0000000084100000|  0%| F|  |TAMS 0x0000000084000000| PB 0x0000000084000000| Untracked 
|  65|0x0000000084100000, 0x0000000084100000, 0x0000000084200000|  0%| F|  |TAMS 0x0000000084100000| PB 0x0000000084100000| Untracked 
|  66|0x0000000084200000, 0x0000000084200000, 0x0000000084300000|  0%| F|  |TAMS 0x0000000084200000| PB 0x0000000084200000| Untracked 
|  67|0x0000000084300000, 0x0000000084300000, 0x0000000084400000|  0%| F|  |TAMS 0x0000000084300000| PB 0x0000000084300000| Untracked 
|  68|0x0000000084400000, 0x0000000084400000, 0x0000000084500000|  0%| F|  |TAMS 0x0000000084400000| PB 0x0000000084400000| Untracked 
|  69|0x0000000084500000, 0x0000000084500000, 0x0000000084600000|  0%| F|  |TAMS 0x0000000084500000| PB 0x0000000084500000| Untracked 
|  70|0x0000000084600000, 0x0000000084600000, 0x0000000084700000|  0%| F|  |TAMS 0x0000000084600000| PB 0x0000000084600000| Untracked 
|  71|0x0000000084700000, 0x0000000084700000, 0x0000000084800000|  0%| F|  |TAMS 0x0000000084700000| PB 0x0000000084700000| Untracked 
|  72|0x0000000084800000, 0x0000000084856130, 0x0000000084900000| 33%| S|CS|TAMS 0x0000000084800000| PB 0x0000000084800000| Complete 
|  73|0x0000000084900000, 0x0000000084a00000, 0x0000000084a00000|100%| S|CS|TAMS 0x0000000084900000| PB 0x0000000084900000| Complete 
|  74|0x0000000084a00000, 0x0000000084a00000, 0x0000000084b00000|  0%| F|  |TAMS 0x0000000084a00000| PB 0x0000000084a00000| Untracked 
|  75|0x0000000084b00000, 0x0000000084b00000, 0x0000000084c00000|  0%| F|  |TAMS 0x0000000084b00000| PB 0x0000000084b00000| Untracked 
|  76|0x0000000084c00000, 0x0000000084c00000, 0x0000000084d00000|  0%| F|  |TAMS 0x0000000084c00000| PB 0x0000000084c00000| Untracked 
|  77|0x0000000084d00000, 0x0000000084d00000, 0x0000000084e00000|  0%| F|  |TAMS 0x0000000084d00000| PB 0x0000000084d00000| Untracked 
|  78|0x0000000084e00000, 0x0000000084e00000, 0x0000000084f00000|  0%| F|  |TAMS 0x0000000084e00000| PB 0x0000000084e00000| Untracked 
|  79|0x0000000084f00000, 0x0000000084f00000, 0x0000000085000000|  0%| F|  |TAMS 0x0000000084f00000| PB 0x0000000084f00000| Untracked 
|  80|0x0000000085000000, 0x0000000085000000, 0x0000000085100000|  0%| F|  |TAMS 0x0000000085000000| PB 0x0000000085000000| Untracked 
|  81|0x0000000085100000, 0x0000000085100000, 0x0000000085200000|  0%| F|  |TAMS 0x0000000085100000| PB 0x0000000085100000| Untracked 
|  82|0x0000000085200000, 0x0000000085200000, 0x0000000085300000|  0%| F|  |TAMS 0x0000000085200000| PB 0x0000000085200000| Untracked 
|  83|0x0000000085300000, 0x0000000085300000, 0x0000000085400000|  0%| F|  |TAMS 0x0000000085300000| PB 0x0000000085300000| Untracked 
|  84|0x0000000085400000, 0x00000000854efb60, 0x0000000085500000| 93%| E|  |TAMS 0x0000000085400000| PB 0x0000000085400000| Complete 
|  85|0x0000000085500000, 0x0000000085600000, 0x0000000085600000|100%| E|CS|TAMS 0x0000000085500000| PB 0x0000000085500000| Complete 
|  86|0x0000000085600000, 0x0000000085700000, 0x0000000085700000|100%| E|CS|TAMS 0x0000000085600000| PB 0x0000000085600000| Complete 
|  87|0x0000000085700000, 0x0000000085800000, 0x0000000085800000|100%| E|CS|TAMS 0x0000000085700000| PB 0x0000000085700000| Complete 
|  88|0x0000000085800000, 0x0000000085900000, 0x0000000085900000|100%| E|CS|TAMS 0x0000000085800000| PB 0x0000000085800000| Complete 
|  89|0x0000000085900000, 0x0000000085a00000, 0x0000000085a00000|100%| E|CS|TAMS 0x0000000085900000| PB 0x0000000085900000| Complete 
|  90|0x0000000085a00000, 0x0000000085b00000, 0x0000000085b00000|100%| E|CS|TAMS 0x0000000085a00000| PB 0x0000000085a00000| Complete 
|  91|0x0000000085b00000, 0x0000000085c00000, 0x0000000085c00000|100%| E|CS|TAMS 0x0000000085b00000| PB 0x0000000085b00000| Complete 
|  92|0x0000000085c00000, 0x0000000085d00000, 0x0000000085d00000|100%| E|CS|TAMS 0x0000000085c00000| PB 0x0000000085c00000| Complete 
|  93|0x0000000085d00000, 0x0000000085e00000, 0x0000000085e00000|100%| E|CS|TAMS 0x0000000085d00000| PB 0x0000000085d00000| Complete 
|  94|0x0000000085e00000, 0x0000000085f00000, 0x0000000085f00000|100%| E|CS|TAMS 0x0000000085e00000| PB 0x0000000085e00000| Complete 
|  95|0x0000000085f00000, 0x0000000086000000, 0x0000000086000000|100%| E|CS|TAMS 0x0000000085f00000| PB 0x0000000085f00000| Complete 
|  96|0x0000000086000000, 0x0000000086100000, 0x0000000086100000|100%| E|CS|TAMS 0x0000000086000000| PB 0x0000000086000000| Complete 
| 104|0x0000000086800000, 0x0000000086900000, 0x0000000086900000|100%| E|CS|TAMS 0x0000000086800000| PB 0x0000000086800000| Complete 
| 105|0x0000000086900000, 0x0000000086a00000, 0x0000000086a00000|100%| E|CS|TAMS 0x0000000086900000| PB 0x0000000086900000| Complete 
|2040|0x00000000ff800000, 0x00000000ff900000, 0x00000000ff900000|100%| O|  |TAMS 0x00000000ff800000| PB 0x00000000ff800000| Untracked 
|2041|0x00000000ff900000, 0x00000000ffa00000, 0x00000000ffa00000|100%| O|  |TAMS 0x00000000ff900000| PB 0x00000000ff900000| Untracked 
|2042|0x00000000ffa00000, 0x00000000ffb00000, 0x00000000ffb00000|100%| O|  |TAMS 0x00000000ffa00000| PB 0x00000000ffa00000| Untracked 
|2043|0x00000000ffb00000, 0x00000000ffc00000, 0x00000000ffc00000|100%| O|  |TAMS 0x00000000ffb00000| PB 0x00000000ffb00000| Untracked 
|2044|0x00000000ffc00000, 0x00000000ffd00000, 0x00000000ffd00000|100%| O|  |TAMS 0x00000000ffc00000| PB 0x00000000ffc00000| Untracked 
|2045|0x00000000ffd00000, 0x00000000ffe00000, 0x00000000ffe00000|100%| O|  |TAMS 0x00000000ffd00000| PB 0x00000000ffd00000| Untracked 
|2046|0x00000000ffe00000, 0x00000000fff00000, 0x00000000fff00000|100%| O|  |TAMS 0x00000000ffe00000| PB 0x00000000ffe00000| Untracked 
|2047|0x00000000fff00000, 0x0000000100000000, 0x0000000100000000|100%| O|  |TAMS 0x00000000fff00000| PB 0x00000000fff00000| Untracked 

Card table byte_map: [0x000001de16b80000,0x000001de16f80000] _byte_map_base: 0x000001de16780000

Marking Bits: (CMBitMap*) 0x000001de0229e520
 Bits: [0x000001de16f80000, 0x000001de18f80000)

Polling page: 0x000001de023c0000

Metaspace:

Usage:
  Non-class:     67.08 MB used.
      Class:     10.38 MB used.
       Both:     77.46 MB used.

Virtual space:
  Non-class space:      128.00 MB reserved,      67.88 MB ( 53%) committed,  2 nodes.
      Class space:        1.00 GB reserved,      11.12 MB (  1%) committed,  1 nodes.
             Both:        1.12 GB reserved,      79.00 MB (  7%) committed. 

Chunk freelists:
   Non-Class:  11.89 MB
       Class:  4.89 MB
        Both:  16.78 MB

MaxMetaspaceSize: unlimited
CompressedClassSpaceSize: 1.00 GB
Initial GC threshold: 21.00 MB
Current GC threshold: 123.75 MB
CDS: on
 - commit_granule_bytes: 65536.
 - commit_granule_words: 8192.
 - virtual_space_node_default_size: 8388608.
 - enlarge_chunks_in_place: 1.
 - use_allocation_guard: 0.


Internal statistics:

num_allocs_failed_limit: 6.
num_arena_births: 2678.
num_arena_deaths: 0.
num_vsnodes_births: 3.
num_vsnodes_deaths: 0.
num_space_committed: 1264.
num_space_uncommitted: 0.
num_chunks_returned_to_freelist: 6.
num_chunks_taken_from_freelist: 5878.
num_chunk_merges: 3.
num_chunk_splits: 4203.
num_chunks_enlarged: 3029.
num_inconsistent_stats: 0.

CodeHeap 'non-profiled nmethods': size=120000Kb used=2787Kb max_used=2805Kb free=117212Kb
 bounds [0x000001de0f250000, 0x000001de0f510000, 0x000001de16780000]
CodeHeap 'profiled nmethods': size=120000Kb used=9419Kb max_used=9419Kb free=110580Kb
 bounds [0x000001de07780000, 0x000001de080c0000, 0x000001de0ecb0000]
CodeHeap 'non-nmethods': size=5760Kb used=1991Kb max_used=2013Kb free=3769Kb
 bounds [0x000001de0ecb0000, 0x000001de0ef20000, 0x000001de0f250000]
CodeCache: size=245760Kb, used=14197Kb, max_used=14237Kb, free=231561Kb
 total_blobs=5769, nmethods=4919, adapters=754, full_count=0
Compilation: enabled, stopped_count=0, restarted_count=0

Compilation events (20 events):
Event: 33.071 Thread 0x000001de1b460770 5850       1       kotlin.collections.IndexedValue::getValue (5 bytes)
Event: 33.072 Thread 0x000001de1b460770 nmethod 5850 0x000001de0f3fba90 code [0x000001de0f3fbc20, 0x000001de0f3fbce8]
Event: 33.075 Thread 0x000001de1b460770 5851       3       kotlin.text.StringsKt__AppendableKt::appendElement (99 bytes)
Event: 33.077 Thread 0x000001de1b460770 nmethod 5851 0x000001de080a0d10 code [0x000001de080a1000, 0x000001de080a2138]
Event: 33.077 Thread 0x000001de1b460770 5852       1       kotlin.collections.IndexedValue::getIndex (5 bytes)
Event: 33.077 Thread 0x000001de1b460770 nmethod 5852 0x000001de0f3fb790 code [0x000001de0f3fb920, 0x000001de0f3fb9e8]
Event: 33.082 Thread 0x000001de1b460770 5853       3       org.jetbrains.kotlin.com.intellij.openapi.project.DumbService::getInstance (8 bytes)
Event: 33.082 Thread 0x000001de1b460770 nmethod 5853 0x000001de07f9e210 code [0x000001de07f9e3c0, 0x000001de07f9e4f0]
Event: 33.095 Thread 0x000001de1b460770 5854       3       org.jetbrains.kotlin.util.AbstractArrayMapOwner::<init> (5 bytes)
Event: 33.095 Thread 0x000001de1b460770 nmethod 5854 0x000001de080a2510 code [0x000001de080a26c0, 0x000001de080a2828]
Event: 33.097 Thread 0x000001de1b460770 5855       3       org.jetbrains.kotlin.util.EmptyArrayMap::get (6 bytes)
Event: 33.097 Thread 0x000001de1b460770 nmethod 5855 0x000001de080a2910 code [0x000001de080a2ac0, 0x000001de080a2c30]
Event: 33.099 Thread 0x000001de1b460770 5856       3       org.jetbrains.kotlin.util.AttributeArrayOwner::<init> (17 bytes)
Event: 33.100 Thread 0x000001de1b460770 nmethod 5856 0x000001de080a2d10 code [0x000001de080a2ee0, 0x000001de080a3250]
Event: 33.100 Thread 0x000001de1b460770 5857       3       org.jetbrains.kotlin.util.AttributeArrayOwner::<init> (16 bytes)
Event: 33.101 Thread 0x000001de1b460770 nmethod 5857 0x000001de080a3410 code [0x000001de080a3640, 0x000001de080a3cf8]
Event: 33.101 Thread 0x000001de1b460770 5858       3       org.jetbrains.kotlin.util.ArrayMap::<init> (5 bytes)
Event: 33.101 Thread 0x000001de1b460770 nmethod 5858 0x000001de080a3f90 code [0x000001de080a4140, 0x000001de080a4308]
Event: 33.101 Thread 0x000001de1b460770 5859       3       org.jetbrains.kotlin.util.ArrayMap::<init> (5 bytes)
Event: 33.102 Thread 0x000001de1b460770 nmethod 5859 0x000001de080a4410 code [0x000001de080a45c0, 0x000001de080a4728]

GC Heap History (20 events):
Event: 23.717 GC heap before
{Heap before GC invocations=13 (full 0):
 garbage-first heap   total 81920K, used 75151K [0x0000000080000000, 0x0000000100000000)
  region size 1024K, 44 young (45056K), 4 survivors (4096K)
 Metaspace       used 53488K, committed 55040K, reserved 1114112K
  class space    used 7828K, committed 8576K, reserved 1048576K
}
Event: 23.739 GC heap after
{Heap after GC invocations=14 (full 0):
 garbage-first heap   total 89088K, used 43508K [0x0000000080000000, 0x0000000100000000)
  region size 1024K, 6 young (6144K), 6 survivors (6144K)
 Metaspace       used 53488K, committed 55040K, reserved 1114112K
  class space    used 7828K, committed 8576K, reserved 1048576K
}
Event: 24.621 GC heap before
{Heap before GC invocations=14 (full 0):
 garbage-first heap   total 89088K, used 75252K [0x0000000080000000, 0x0000000100000000)
  region size 1024K, 37 young (37888K), 6 survivors (6144K)
 Metaspace       used 53747K, committed 55296K, reserved 1114112K
  class space    used 7845K, committed 8576K, reserved 1048576K
}
Event: 24.652 GC heap after
{Heap after GC invocations=15 (full 0):
 garbage-first heap   total 91136K, used 52729K [0x0000000080000000, 0x0000000100000000)
  region size 1024K, 5 young (5120K), 5 survivors (5120K)
 Metaspace       used 53747K, committed 55296K, reserved 1114112K
  class space    used 7845K, committed 8576K, reserved 1048576K
}
Event: 25.905 GC heap before
{Heap before GC invocations=15 (full 0):
 garbage-first heap   total 91136K, used 75257K [0x0000000080000000, 0x0000000100000000)
  region size 1024K, 27 young (27648K), 5 survivors (5120K)
 Metaspace       used 56794K, committed 58368K, reserved 1114112K
  class space    used 8195K, committed 8960K, reserved 1048576K
}
Event: 25.916 GC heap after
{Heap after GC invocations=16 (full 0):
 garbage-first heap   total 91136K, used 54519K [0x0000000080000000, 0x0000000100000000)
  region size 1024K, 2 young (2048K), 2 survivors (2048K)
 Metaspace       used 56794K, committed 58368K, reserved 1114112K
  class space    used 8195K, committed 8960K, reserved 1048576K
}
Event: 26.985 GC heap before
{Heap before GC invocations=17 (full 0):
 garbage-first heap   total 92160K, used 77047K [0x0000000080000000, 0x0000000100000000)
  region size 1024K, 25 young (25600K), 2 survivors (2048K)
 Metaspace       used 59557K, committed 61120K, reserved 1114112K
  class space    used 8491K, committed 9280K, reserved 1048576K
}
Event: 26.992 GC heap after
{Heap after GC invocations=18 (full 0):
 garbage-first heap   total 92160K, used 54902K [0x0000000080000000, 0x0000000100000000)
  region size 1024K, 2 young (2048K), 2 survivors (2048K)
 Metaspace       used 59557K, committed 61120K, reserved 1114112K
  class space    used 8491K, committed 9280K, reserved 1048576K
}
Event: 28.889 GC heap before
{Heap before GC invocations=18 (full 0):
 garbage-first heap   total 92160K, used 80502K [0x0000000080000000, 0x0000000100000000)
  region size 1024K, 27 young (27648K), 2 survivors (2048K)
 Metaspace       used 61807K, committed 63424K, reserved 1114112K
  class space    used 8752K, committed 9536K, reserved 1048576K
}
Event: 28.897 GC heap after
{Heap after GC invocations=19 (full 0):
 garbage-first heap   total 92160K, used 57849K [0x0000000080000000, 0x0000000100000000)
  region size 1024K, 4 young (4096K), 4 survivors (4096K)
 Metaspace       used 61807K, committed 63424K, reserved 1114112K
  class space    used 8752K, committed 9536K, reserved 1048576K
}
Event: 29.864 GC heap before
{Heap before GC invocations=19 (full 0):
 garbage-first heap   total 92160K, used 80377K [0x0000000080000000, 0x0000000100000000)
  region size 1024K, 27 young (27648K), 4 survivors (4096K)
 Metaspace       used 64506K, committed 66112K, reserved 1114112K
  class space    used 8969K, committed 9728K, reserved 1048576K
}
Event: 29.871 GC heap after
{Heap after GC invocations=20 (full 0):
 garbage-first heap   total 92160K, used 59076K [0x0000000080000000, 0x0000000100000000)
  region size 1024K, 1 young (1024K), 1 survivors (1024K)
 Metaspace       used 64506K, committed 66112K, reserved 1114112K
  class space    used 8969K, committed 9728K, reserved 1048576K
}
Event: 30.582 GC heap before
{Heap before GC invocations=21 (full 0):
 garbage-first heap   total 99328K, used 81604K [0x0000000080000000, 0x0000000100000000)
  region size 1024K, 24 young (24576K), 1 survivors (1024K)
 Metaspace       used 67687K, committed 69248K, reserved 1114112K
  class space    used 9293K, committed 10048K, reserved 1048576K
}
Event: 30.587 GC heap after
{Heap after GC invocations=22 (full 0):
 garbage-first heap   total 99328K, used 59680K [0x0000000080000000, 0x0000000100000000)
  region size 1024K, 2 young (2048K), 2 survivors (2048K)
 Metaspace       used 67687K, committed 69248K, reserved 1114112K
  class space    used 9293K, committed 10048K, reserved 1048576K
}
Event: 31.378 GC heap before
{Heap before GC invocations=22 (full 0):
 garbage-first heap   total 99328K, used 89376K [0x0000000080000000, 0x0000000100000000)
  region size 1024K, 32 young (32768K), 2 survivors (2048K)
 Metaspace       used 71614K, committed 73216K, reserved 1114112K
  class space    used 9717K, committed 10496K, reserved 1048576K
}
Event: 31.385 GC heap after
{Heap after GC invocations=23 (full 0):
 garbage-first heap   total 99328K, used 61074K [0x0000000080000000, 0x0000000100000000)
  region size 1024K, 4 young (4096K), 4 survivors (4096K)
 Metaspace       used 71614K, committed 73216K, reserved 1114112K
  class space    used 9717K, committed 10496K, reserved 1048576K
}
Event: 32.026 GC heap before
{Heap before GC invocations=23 (full 0):
 garbage-first heap   total 99328K, used 89746K [0x0000000080000000, 0x0000000100000000)
  region size 1024K, 32 young (32768K), 4 survivors (4096K)
 Metaspace       used 73726K, committed 75264K, reserved 1114112K
  class space    used 9922K, committed 10688K, reserved 1048576K
}
Event: 32.036 GC heap after
{Heap after GC invocations=24 (full 0):
 garbage-first heap   total 99328K, used 64902K [0x0000000080000000, 0x0000000100000000)
  region size 1024K, 4 young (4096K), 4 survivors (4096K)
 Metaspace       used 73726K, committed 75264K, reserved 1114112K
  class space    used 9922K, committed 10688K, reserved 1048576K
}
Event: 32.721 GC heap before
{Heap before GC invocations=25 (full 0):
 garbage-first heap   total 109568K, used 90502K [0x0000000080000000, 0x0000000100000000)
  region size 1024K, 29 young (29696K), 4 survivors (4096K)
 Metaspace       used 77492K, committed 79104K, reserved 1179648K
  class space    used 10414K, committed 11200K, reserved 1048576K
}
Event: 32.728 GC heap after
{Heap after GC invocations=26 (full 0):
 garbage-first heap   total 109568K, used 66380K [0x0000000080000000, 0x0000000100000000)
  region size 1024K, 2 young (2048K), 2 survivors (2048K)
 Metaspace       used 77492K, committed 79104K, reserved 1179648K
  class space    used 10414K, committed 11200K, reserved 1048576K
}

Dll operation events (14 events):
Event: 0.019 Loaded shared library C:\Users\ACER\.vscode\extensions\redhat.java-1.54.0-win32-x64\jre\21.0.10-win32-x86_64\bin\java.dll
Event: 0.147 Loaded shared library C:\Users\ACER\.vscode\extensions\redhat.java-1.54.0-win32-x64\jre\21.0.10-win32-x86_64\bin\zip.dll
Event: 0.195 Loaded shared library C:\Users\ACER\.vscode\extensions\redhat.java-1.54.0-win32-x64\jre\21.0.10-win32-x86_64\bin\instrument.dll
Event: 0.203 Loaded shared library C:\Users\ACER\.vscode\extensions\redhat.java-1.54.0-win32-x64\jre\21.0.10-win32-x86_64\bin\net.dll
Event: 0.207 Loaded shared library C:\Users\ACER\.vscode\extensions\redhat.java-1.54.0-win32-x64\jre\21.0.10-win32-x86_64\bin\nio.dll
Event: 0.213 Loaded shared library C:\Users\ACER\.vscode\extensions\redhat.java-1.54.0-win32-x64\jre\21.0.10-win32-x86_64\bin\zip.dll
Event: 1.226 Loaded shared library C:\Users\ACER\.vscode\extensions\redhat.java-1.54.0-win32-x64\jre\21.0.10-win32-x86_64\bin\jimage.dll
Event: 1.942 Loaded shared library C:\Users\ACER\.vscode\extensions\redhat.java-1.54.0-win32-x64\jre\21.0.10-win32-x86_64\bin\verify.dll
Event: 2.041 Loaded shared library C:\Users\ACER\.gradle\native\660c5614fbf4a5f2a75b1949f50a0caf5cd603558e7d8a26e50b933a0cfb79d1\windows-amd64\native-platform.dll
Event: 2.085 Loaded shared library C:\Users\ACER\.gradle\native\0.2.8\x86_64-windows-gnu\gradle-fileevents.dll
Event: 4.897 Loaded shared library C:\Users\ACER\.vscode\extensions\redhat.java-1.54.0-win32-x64\jre\21.0.10-win32-x86_64\bin\management.dll
Event: 4.903 Loaded shared library C:\Users\ACER\.vscode\extensions\redhat.java-1.54.0-win32-x64\jre\21.0.10-win32-x86_64\bin\management_ext.dll
Event: 5.479 Loaded shared library C:\Users\ACER\.vscode\extensions\redhat.java-1.54.0-win32-x64\jre\21.0.10-win32-x86_64\bin\extnet.dll
Event: 6.069 Loaded shared library C:\Users\ACER\.vscode\extensions\redhat.java-1.54.0-win32-x64\jre\21.0.10-win32-x86_64\bin\sunmscapi.dll

Deoptimization events (20 events):
Event: 31.609 Thread 0x000001de629ee0b0 Uncommon trap: trap_request=0xffffff45 fr.pc=0x000001de0f47ba54 relative=0x0000000000000134
Event: 31.609 Thread 0x000001de629ee0b0 Uncommon trap: reason=unstable_if action=reinterpret pc=0x000001de0f47ba54 method=java.util.Arrays.hashCode([Ljava/lang/Object;)I @ 34 c2
Event: 31.610 Thread 0x000001de629ee0b0 DEOPT PACKING pc=0x000001de0f47ba54 sp=0x000000a5a1ff3700
Event: 31.610 Thread 0x000001de629ee0b0 DEOPT UNPACKING pc=0x000001de0ed04422 sp=0x000000a5a1ff3678 mode 2
Event: 32.544 Thread 0x000001de629ee0b0 Uncommon trap: trap_request=0xffffffbe fr.pc=0x000001de0f4c7f2c relative=0x0000000000000a0c
Event: 32.544 Thread 0x000001de629ee0b0 Uncommon trap: reason=profile_predicate action=maybe_recompile pc=0x000001de0f4c7f2c method=java.util.regex.Pattern$BnM.optimize(Ljava/util/regex/Pattern$Node;)Ljava/util/regex/Pattern$Node; @ 67 c2
Event: 32.545 Thread 0x000001de629ee0b0 DEOPT PACKING pc=0x000001de0f4c7f2c sp=0x000000a5a1fefa60
Event: 32.545 Thread 0x000001de629ee0b0 DEOPT UNPACKING pc=0x000001de0ed04422 sp=0x000000a5a1fef9b0 mode 2
Event: 32.975 Thread 0x000001de629ee0b0 Uncommon trap: trap_request=0xffffff45 fr.pc=0x000001de0f31c694 relative=0x0000000000000074
Event: 32.975 Thread 0x000001de629ee0b0 Uncommon trap: reason=unstable_if action=reinterpret pc=0x000001de0f31c694 method=java.lang.ref.ReferenceQueue.poll()Ljava/lang/ref/Reference; @ 4 c2
Event: 32.976 Thread 0x000001de629ee0b0 DEOPT PACKING pc=0x000001de0f31c694 sp=0x000000a5a1feef70
Event: 32.976 Thread 0x000001de629ee0b0 DEOPT UNPACKING pc=0x000001de0ed04422 sp=0x000000a5a1feef00 mode 2
Event: 32.985 Thread 0x000001de629ee0b0 Uncommon trap: trap_request=0xffffff45 fr.pc=0x000001de0f4641cc relative=0x000000000000010c
Event: 32.985 Thread 0x000001de629ee0b0 Uncommon trap: reason=unstable_if action=reinterpret pc=0x000001de0f4641cc method=java.text.StringCharacterIterator.current()C @ 19 c2
Event: 32.986 Thread 0x000001de629ee0b0 DEOPT PACKING pc=0x000001de0f4641cc sp=0x000000a5a1fef460
Event: 32.986 Thread 0x000001de629ee0b0 DEOPT UNPACKING pc=0x000001de0ed04422 sp=0x000000a5a1fef3f8 mode 2
Event: 33.052 Thread 0x000001de629ee0b0 Uncommon trap: trap_request=0xffffff45 fr.pc=0x000001de0f485774 relative=0x0000000000000374
Event: 33.052 Thread 0x000001de629ee0b0 Uncommon trap: reason=unstable_if action=reinterpret pc=0x000001de0f485774 method=kotlin.text.StringsKt__AppendableKt.appendElement(Ljava/lang/Appendable;Ljava/lang/Object;Lkotlin/jvm/functions/Function1;)V @ 9 c2
Event: 33.052 Thread 0x000001de629ee0b0 DEOPT PACKING pc=0x000001de0f485774 sp=0x000000a5a1fef1c0
Event: 33.052 Thread 0x000001de629ee0b0 DEOPT UNPACKING pc=0x000001de0ed04422 sp=0x000000a5a1fef190 mode 2

Classes loaded (20 events):
Event: 30.827 Loading class java/text/CharacterIterator done
Event: 30.827 Loading class java/text/StringCharacterIterator done
Event: 31.180 Loading class java/util/PriorityQueue
Event: 31.180 Loading class java/util/PriorityQueue done
Event: 31.225 Loading class java/util/ArrayList$ListItr
Event: 31.225 Loading class java/util/ArrayList$ListItr done
Event: 32.493 Loading class java/util/AbstractList$SubList
Event: 32.493 Loading class java/util/AbstractList$SubList done
Event: 32.494 Loading class java/util/AbstractList$SubList$1
Event: 32.494 Loading class java/util/AbstractList$SubList$1 done
Event: 32.610 Loading class java/util/EnumMap$EntrySet
Event: 32.610 Loading class java/util/EnumMap$EntrySet done
Event: 32.611 Loading class java/util/EnumMap$EntryIterator
Event: 32.611 Loading class java/util/EnumMap$EnumMapIterator
Event: 32.611 Loading class java/util/EnumMap$EnumMapIterator done
Event: 32.611 Loading class java/util/EnumMap$EntryIterator done
Event: 32.611 Loading class java/util/EnumMap$EntryIterator$Entry
Event: 32.611 Loading class java/util/EnumMap$EntryIterator$Entry done
Event: 32.851 Loading class java/util/AbstractList$RandomAccessSubList
Event: 32.852 Loading class java/util/AbstractList$RandomAccessSubList done

Classes unloaded (0 events):
No events

Classes redefined (0 events):
No events

Internal exceptions (20 events):
Event: 22.207 Thread 0x000001de629ee0b0 Exception <a 'java/lang/NoSuchMethodError'{0x0000000084cb3f70}: 'int java.lang.invoke.DirectMethodHandle$Holder.invokeSpecial(java.lang.Object, java.lang.Object, java.lang.Object, int)'> (0x0000000084cb3f70) 
thrown [s\src\hotspot\share\interpreter\linkResolver.cpp, line 773]
Event: 22.208 Thread 0x000001de629ee0b0 Exception <a 'java/lang/NoSuchMethodError'{0x0000000084cc5c40}: 'java.lang.Object java.lang.invoke.DirectMethodHandle$Holder.invokeStatic(java.lang.Object, java.lang.Object, java.lang.Object, java.lang.Object, int)'> (0x0000000084cc5c40) 
thrown [s\src\hotspot\share\interpreter\linkResolver.cpp, line 773]
Event: 22.210 Thread 0x000001de629ee0b0 Exception <a 'java/lang/NoSuchMethodError'{0x0000000084cce5d8}: 'long java.lang.invoke.DirectMethodHandle$Holder.invokeStatic(java.lang.Object, java.lang.Object, int)'> (0x0000000084cce5d8) 
thrown [s\src\hotspot\share\interpreter\linkResolver.cpp, line 773]
Event: 22.212 Thread 0x000001de629ee0b0 Exception <a 'java/lang/NoSuchMethodError'{0x0000000084cdad68}: 'java.lang.Object java.lang.invoke.DelegatingMethodHandle$Holder.reinvoke_L(java.lang.Object, int, long, java.lang.Object, java.lang.Object, int, java.lang.Object)'> (0x0000000084cdad68) 
thrown [s\src\hotspot\share\interpreter\linkResolver.cpp, line 773]
Event: 23.133 Thread 0x000001de629ee0b0 Exception <a 'java/lang/NoSuchMethodError'{0x0000000083a7c758}: 'java.lang.Object java.lang.invoke.Invokers$Holder.invokeExact_MT(java.lang.Object, java.lang.Object, long, java.lang.Object)'> (0x0000000083a7c758) 
thrown [s\src\hotspot\share\interpreter\linkResolver.cpp, line 773]
Event: 23.435 Thread 0x000001de629ee0b0 Exception <a 'java/lang/NoSuchMethodError'{0x000000008348d960}: 'java.lang.Object java.lang.invoke.DirectMethodHandle$Holder.invokeStatic(java.lang.Object, java.lang.Object, long, long)'> (0x000000008348d960) 
thrown [s\src\hotspot\share\interpreter\linkResolver.cpp, line 773]
Event: 23.453 Thread 0x000001de629ee0b0 Exception <a 'java/lang/NoSuchMethodError'{0x00000000834d8d30}: 'java.lang.Object java.lang.invoke.DirectMethodHandle$Holder.invokeStatic(java.lang.Object, java.lang.Object, java.lang.Object, long, java.lang.Object)'> (0x00000000834d8d30) 
thrown [s\src\hotspot\share\interpreter\linkResolver.cpp, line 773]
Event: 23.454 Thread 0x000001de629ee0b0 Exception <a 'java/lang/NoSuchMethodError'{0x00000000834e1700}: 'java.lang.Object java.lang.invoke.DirectMethodHandle$Holder.newInvokeSpecial(java.lang.Object, java.lang.Object, java.lang.Object, long)'> (0x00000000834e1700) 
thrown [s\src\hotspot\share\interpreter\linkResolver.cpp, line 773]
Event: 23.457 Thread 0x000001de629ee0b0 Exception <a 'java/lang/NoSuchMethodError'{0x00000000834e6a00}: 'java.lang.Object java.lang.invoke.Invokers$Holder.linkToTargetMethod(java.lang.Object, java.lang.Object, long, java.lang.Object)'> (0x00000000834e6a00) 
thrown [s\src\hotspot\share\interpreter\linkResolver.cpp, line 773]
Event: 24.250 Thread 0x000001de629ee0b0 Implicit null exception at 0x000001de0f4d2b76 to 0x000001de0f4d2fa0
Event: 24.305 Thread 0x000001de629ee0b0 Implicit null exception at 0x000001de0f4de492 to 0x000001de0f4df2d0
Event: 30.447 Thread 0x000001de629ee0b0 Exception <a 'java/lang/NoSuchMethodError'{0x0000000084563a68}: 'java.lang.Object java.lang.invoke.DirectMethodHandle$Holder.newInvokeSpecial(java.lang.Object, java.lang.Object, java.lang.Object, int, java.lang.Object)'> (0x0000000084563a68) 
thrown [s\src\hotspot\share\interpreter\linkResolver.cpp, line 773]
Event: 30.448 Thread 0x000001de629ee0b0 Exception <a 'java/lang/NoSuchMethodError'{0x00000000845691a0}: 'java.lang.Object java.lang.invoke.DirectMethodHandle$Holder.invokeSpecial(java.lang.Object, java.lang.Object, java.lang.Object, java.lang.Object, int, java.lang.Object)'> (0x00000000845691a0) 
thrown [s\src\hotspot\share\interpreter\linkResolver.cpp, line 773]
Event: 30.448 Thread 0x000001de629ee0b0 Exception <a 'java/lang/NoSuchMethodError'{0x000000008456def8}: 'java.lang.Object java.lang.invoke.Invokers$Holder.linkToTargetMethod(java.lang.Object, java.lang.Object, int, java.lang.Object, java.lang.Object)'> (0x000000008456def8) 
thrown [s\src\hotspot\share\interpreter\linkResolver.cpp, line 773]
Event: 30.518 Thread 0x000001de629ee0b0 Exception <a 'java/lang/NoSuchMethodError'{0x00000000843e64a0}: 'java.lang.Object java.lang.invoke.DirectMethodHandle$Holder.newInvokeSpecial(java.lang.Object, java.lang.Object, java.lang.Object, java.lang.Object, int)'> (0x00000000843e64a0) 
thrown [s\src\hotspot\share\interpreter\linkResolver.cpp, line 773]
Event: 30.518 Thread 0x000001de629ee0b0 Exception <a 'java/lang/NoSuchMethodError'{0x00000000843ebbd8}: 'java.lang.Object java.lang.invoke.DirectMethodHandle$Holder.invokeSpecial(java.lang.Object, java.lang.Object, java.lang.Object, java.lang.Object, java.lang.Object, int)'> (0x00000000843ebbd8) 
thrown [s\src\hotspot\share\interpreter\linkResolver.cpp, line 773]
Event: 30.519 Thread 0x000001de629ee0b0 Exception <a 'java/lang/NoSuchMethodError'{0x00000000843f0bd0}: 'java.lang.Object java.lang.invoke.Invokers$Holder.linkToTargetMethod(java.lang.Object, java.lang.Object, java.lang.Object, int, java.lang.Object)'> (0x00000000843f0bd0) 
thrown [s\src\hotspot\share\interpreter\linkResolver.cpp, line 773]
Event: 31.609 Thread 0x000001de629ee0b0 Implicit null exception at 0x000001de0f47b980 to 0x000001de0f47ba38
Event: 32.706 Thread 0x000001de629ee0b0 Exception <a 'java/lang/NoSuchMethodError'{0x0000000084a479f8}: 'java.lang.Object java.lang.invoke.DirectMethodHandle$Holder.invokeSpecial(java.lang.Object, java.lang.Object, int, java.lang.Object, java.lang.Object)'> (0x0000000084a479f8) 
thrown [s\src\hotspot\share\interpreter\linkResolver.cpp, line 773]
Event: 32.950 Thread 0x000001de629ee0b0 Exception <a 'java/lang/NoSuchMethodError'{0x0000000085bfb298}: 'java.lang.Object java.lang.invoke.DirectMethodHandle$Holder.newInvokeSpecial(java.lang.Object, int, java.lang.Object)'> (0x0000000085bfb298) 
thrown [s\src\hotspot\share\interpreter\linkResolver.cpp, line 773]

ZGC Phase Switch (0 events):
No events

VM Operations (20 events):
Event: 30.054 Executing safepoint VM operation: G1PauseCleanup
Event: 30.055 Executing safepoint VM operation: G1PauseCleanup done
Event: 30.582 Executing safepoint VM operation: G1CollectForAllocation (G1 Evacuation Pause)
Event: 30.587 Executing safepoint VM operation: G1CollectForAllocation (G1 Evacuation Pause) done
Event: 31.378 Executing safepoint VM operation: G1CollectForAllocation (G1 Evacuation Pause)
Event: 31.385 Executing safepoint VM operation: G1CollectForAllocation (G1 Evacuation Pause) done
Event: 32.026 Executing safepoint VM operation: G1CollectForAllocation (G1 Evacuation Pause)
Event: 32.036 Executing safepoint VM operation: G1CollectForAllocation (G1 Evacuation Pause) done
Event: 32.148 Executing non-safepoint VM operation: HandshakeAllThreads (Deoptimize)
Event: 32.148 Executing non-safepoint VM operation: HandshakeAllThreads (Deoptimize) done
Event: 32.175 Executing safepoint VM operation: G1PauseRemark
Event: 32.183 Executing safepoint VM operation: G1PauseRemark done
Event: 32.229 Executing safepoint VM operation: G1PauseCleanup
Event: 32.230 Executing safepoint VM operation: G1PauseCleanup done
Event: 32.447 Executing non-safepoint VM operation: HandshakeAllThreads (Deoptimize)
Event: 32.447 Executing non-safepoint VM operation: HandshakeAllThreads (Deoptimize) done
Event: 32.587 Executing non-safepoint VM operation: HandshakeAllThreads (Deoptimize)
Event: 32.587 Executing non-safepoint VM operation: HandshakeAllThreads (Deoptimize) done
Event: 32.721 Executing safepoint VM operation: G1CollectForAllocation (G1 Evacuation Pause)
Event: 32.728 Executing safepoint VM operation: G1CollectForAllocation (G1 Evacuation Pause) done

Memory protections (0 events):
No events

Nmethod flushes (20 events):
Event: 32.182 Thread 0x000001de1b4396d0 flushing  nmethod 0x000001de07facf90
Event: 32.182 Thread 0x000001de1b4396d0 flushing  nmethod 0x000001de07fb2010
Event: 32.182 Thread 0x000001de1b4396d0 flushing  nmethod 0x000001de07fb2890
Event: 32.182 Thread 0x000001de1b4396d0 flushing  nmethod 0x000001de07fb5b10
Event: 32.182 Thread 0x000001de1b4396d0 flushing osr nmethod 0x000001de0783ad10
Event: 32.182 Thread 0x000001de1b4396d0 flushing  nmethod 0x000001de078a1d90
Event: 32.182 Thread 0x000001de1b4396d0 flushing  nmethod 0x000001de078eb590
Event: 32.182 Thread 0x000001de1b4396d0 flushing  nmethod 0x000001de079fde10
Event: 32.182 Thread 0x000001de1b4396d0 flushing  nmethod 0x000001de07a5db10
Event: 32.182 Thread 0x000001de1b4396d0 flushing  nmethod 0x000001de07da0b90
Event: 32.182 Thread 0x000001de1b4396d0 flushing  nmethod 0x000001de07ddf510
Event: 32.182 Thread 0x000001de1b4396d0 flushing  nmethod 0x000001de0f389890
Event: 32.182 Thread 0x000001de1b4396d0 flushing  nmethod 0x000001de0f4ecb90
Event: 32.182 Thread 0x000001de1b4396d0 flushing  nmethod 0x000001de07892410
Event: 32.182 Thread 0x000001de1b4396d0 flushing  nmethod 0x000001de0795ff90
Event: 32.182 Thread 0x000001de1b4396d0 flushing  nmethod 0x000001de07983490
Event: 32.182 Thread 0x000001de1b4396d0 flushing  nmethod 0x000001de07a7b490
Event: 32.182 Thread 0x000001de1b4396d0 flushing  nmethod 0x000001de07bc8890
Event: 32.182 Thread 0x000001de1b4396d0 flushing  nmethod 0x000001de07d54e10
Event: 32.182 Thread 0x000001de1b4396d0 flushing  nmethod 0x000001de07f11f90

Events (20 events):
Event: 13.685 Thread 0x000001de629ee0b0 Thread added: 0x000001de62336cf0
Event: 13.904 Thread 0x000001de629ee0b0 Thread added: 0x000001de62337380
Event: 14.968 Thread 0x000001de629ee0b0 Thread added: 0x000001de62337a10
Event: 15.337 Thread 0x000001de629ee0b0 Thread added: 0x000001de637c9cb0
Event: 16.150 Thread 0x000001de1b460770 Thread added: 0x000001de6383b040
Event: 17.028 Thread 0x000001de6383b040 Thread exited: 0x000001de6383b040
Event: 18.193 Thread 0x000001de1b460770 Thread added: 0x000001de645f84b0
Event: 18.409 Thread 0x000001de645f84b0 Thread exited: 0x000001de645f84b0
Event: 22.320 Thread 0x000001de1b460770 Thread added: 0x000001de64eb0760
Event: 23.100 Thread 0x000001de64eb0760 Thread exited: 0x000001de64eb0760
Event: 23.214 Thread 0x000001de1b460770 Thread added: 0x000001de648f3580
Event: 23.782 Thread 0x000001de648f3580 Thread exited: 0x000001de648f3580
Event: 23.954 Thread 0x000001de1b45d190 Thread added: 0x000001de656fe660
Event: 24.980 Thread 0x000001de656fe660 Thread exited: 0x000001de656fe660
Event: 27.956 Thread 0x000001de1b460770 Thread added: 0x000001de62252c30
Event: 28.198 Thread 0x000001de62252c30 Thread exited: 0x000001de62252c30
Event: 30.373 Thread 0x000001de1b460770 Thread added: 0x000001de656abb60
Event: 30.762 Thread 0x000001de656abb60 Thread exited: 0x000001de656abb60
Event: 31.269 Thread 0x000001de1b460770 Thread added: 0x000001de6433ee30
Event: 32.790 Thread 0x000001de6433ee30 Thread exited: 0x000001de6433ee30


Dynamic libraries:
0x00007ff75a0c0000 - 0x00007ff75a0ce000 	C:\Users\ACER\.vscode\extensions\redhat.java-1.54.0-win32-x64\jre\21.0.10-win32-x86_64\bin\java.exe
0x00007ffae56d0000 - 0x00007ffae58e7000 	C:\Windows\SYSTEM32\ntdll.dll
0x00007ffae4330000 - 0x00007ffae43f4000 	C:\Windows\System32\KERNEL32.DLL
0x00007ffae2a80000 - 0x00007ffae2e37000 	C:\Windows\System32\KERNELBASE.dll
0x00007ffae2e40000 - 0x00007ffae2f51000 	C:\Windows\System32\ucrtbase.dll
0x00007ffadc470000 - 0x00007ffadc488000 	C:\Users\ACER\.vscode\extensions\redhat.java-1.54.0-win32-x64\jre\21.0.10-win32-x86_64\bin\jli.dll
0x00007ffae3760000 - 0x00007ffae390f000 	C:\Windows\System32\USER32.dll
0x00007ffae3170000 - 0x00007ffae3196000 	C:\Windows\System32\win32u.dll
0x00007ffae4de0000 - 0x00007ffae4e09000 	C:\Windows\System32\GDI32.dll
0x00007ffae3220000 - 0x00007ffae3338000 	C:\Windows\System32\gdi32full.dll
0x00007ffae29e0000 - 0x00007ffae2a7a000 	C:\Windows\System32\msvcp_win.dll
0x00007ffad9ee0000 - 0x00007ffad9efe000 	C:\Users\ACER\.vscode\extensions\redhat.java-1.54.0-win32-x64\jre\21.0.10-win32-x86_64\bin\VCRUNTIME140.dll
0x00007ffacbc70000 - 0x00007ffacbf03000 	C:\Windows\WinSxS\amd64_microsoft.windows.common-controls_6595b64144ccf1df_6.0.22621.3672_none_2713b9d173822955\COMCTL32.dll
0x00007ffae54f0000 - 0x00007ffae5597000 	C:\Windows\System32\msvcrt.dll
0x00007ffae4570000 - 0x00007ffae45a1000 	C:\Windows\System32\IMM32.DLL
0x00007ffadc880000 - 0x00007ffadc88c000 	C:\Users\ACER\.vscode\extensions\redhat.java-1.54.0-win32-x64\jre\21.0.10-win32-x86_64\bin\vcruntime140_1.dll
0x00007ffa9bfe0000 - 0x00007ffa9c06d000 	C:\Users\ACER\.vscode\extensions\redhat.java-1.54.0-win32-x64\jre\21.0.10-win32-x86_64\bin\msvcp140.dll
0x00007ffa52f50000 - 0x00007ffa53cf1000 	C:\Users\ACER\.vscode\extensions\redhat.java-1.54.0-win32-x64\jre\21.0.10-win32-x86_64\bin\server\jvm.dll
0x00007ffae44b0000 - 0x00007ffae4562000 	C:\Windows\System32\ADVAPI32.dll
0x00007ffae4d30000 - 0x00007ffae4dd8000 	C:\Windows\System32\sechost.dll
0x00007ffae2f60000 - 0x00007ffae2f88000 	C:\Windows\System32\bcrypt.dll
0x00007ffae3640000 - 0x00007ffae3754000 	C:\Windows\System32\RPCRT4.dll
0x00007ffae3400000 - 0x00007ffae3471000 	C:\Windows\System32\WS2_32.dll
0x00007ffae28b0000 - 0x00007ffae28fd000 	C:\Windows\SYSTEM32\POWRPROF.dll
0x00007ffadb820000 - 0x00007ffadb854000 	C:\Windows\SYSTEM32\WINMM.dll
0x00007ffadb130000 - 0x00007ffadb13a000 	C:\Windows\SYSTEM32\VERSION.dll
0x00007ffae2890000 - 0x00007ffae28a3000 	C:\Windows\SYSTEM32\UMPDC.dll
0x00007ffae1990000 - 0x00007ffae19a8000 	C:\Windows\SYSTEM32\kernel.appcore.dll
0x00007ffadac10000 - 0x00007ffadac1a000 	C:\Users\ACER\.vscode\extensions\redhat.java-1.54.0-win32-x64\jre\21.0.10-win32-x86_64\bin\jimage.dll
0x00007ffac9eb0000 - 0x00007ffaca0e2000 	C:\Windows\SYSTEM32\DBGHELP.DLL
0x00007ffae45b0000 - 0x00007ffae493e000 	C:\Windows\System32\combase.dll
0x00007ffae4940000 - 0x00007ffae4a17000 	C:\Windows\System32\OLEAUT32.dll
0x00007ffac4e00000 - 0x00007ffac4e32000 	C:\Windows\SYSTEM32\dbgcore.DLL
0x00007ffae31a0000 - 0x00007ffae321b000 	C:\Windows\System32\bcryptPrimitives.dll
0x00007ffad7440000 - 0x00007ffad744f000 	C:\Users\ACER\.vscode\extensions\redhat.java-1.54.0-win32-x64\jre\21.0.10-win32-x86_64\bin\instrument.dll
0x00007ffacb6a0000 - 0x00007ffacb6c0000 	C:\Users\ACER\.vscode\extensions\redhat.java-1.54.0-win32-x64\jre\21.0.10-win32-x86_64\bin\java.dll
0x00007ffae3ac0000 - 0x00007ffae4329000 	C:\Windows\System32\SHELL32.dll
0x00007ffae0900000 - 0x00007ffae11ff000 	C:\Windows\SYSTEM32\windows.storage.dll
0x00007ffae07c0000 - 0x00007ffae08ff000 	C:\Windows\SYSTEM32\wintypes.dll
0x00007ffae4e30000 - 0x00007ffae4f29000 	C:\Windows\System32\SHCORE.dll
0x00007ffae55a0000 - 0x00007ffae55fe000 	C:\Windows\System32\shlwapi.dll
0x00007ffae2910000 - 0x00007ffae2937000 	C:\Windows\SYSTEM32\profapi.dll
0x00007ffad1920000 - 0x00007ffad1938000 	C:\Users\ACER\.vscode\extensions\redhat.java-1.54.0-win32-x64\jre\21.0.10-win32-x86_64\bin\zip.dll
0x00007ffacb810000 - 0x00007ffacb820000 	C:\Users\ACER\.vscode\extensions\redhat.java-1.54.0-win32-x64\jre\21.0.10-win32-x86_64\bin\net.dll
0x00007ffade2c0000 - 0x00007ffade3f6000 	C:\Windows\SYSTEM32\WINHTTP.dll
0x00007ffae1e50000 - 0x00007ffae1eb9000 	C:\Windows\system32\mswsock.dll
0x00007ffacb450000 - 0x00007ffacb466000 	C:\Users\ACER\.vscode\extensions\redhat.java-1.54.0-win32-x64\jre\21.0.10-win32-x86_64\bin\nio.dll
0x00007ffacb440000 - 0x00007ffacb450000 	C:\Users\ACER\.vscode\extensions\redhat.java-1.54.0-win32-x64\jre\21.0.10-win32-x86_64\bin\verify.dll
0x00007ffac5550000 - 0x00007ffac5577000 	C:\Users\ACER\.gradle\native\660c5614fbf4a5f2a75b1949f50a0caf5cd603558e7d8a26e50b933a0cfb79d1\windows-amd64\native-platform.dll
0x00007ffacb750000 - 0x00007ffacb7c7000 	C:\Users\ACER\.gradle\native\0.2.8\x86_64-windows-gnu\gradle-fileevents.dll
0x00007ffadc8a0000 - 0x00007ffadc8aa000 	C:\Users\ACER\.vscode\extensions\redhat.java-1.54.0-win32-x64\jre\21.0.10-win32-x86_64\bin\management.dll
0x00007ffac5580000 - 0x00007ffac558c000 	C:\Users\ACER\.vscode\extensions\redhat.java-1.54.0-win32-x64\jre\21.0.10-win32-x86_64\bin\management_ext.dll
0x00007ffae4f90000 - 0x00007ffae4f98000 	C:\Windows\System32\PSAPI.DLL
0x00007ffae1460000 - 0x00007ffae148d000 	C:\Windows\SYSTEM32\IPHLPAPI.DLL
0x00007ffae4e20000 - 0x00007ffae4e29000 	C:\Windows\System32\NSI.dll
0x00007ffac5720000 - 0x00007ffac5729000 	C:\Users\ACER\.vscode\extensions\redhat.java-1.54.0-win32-x64\jre\21.0.10-win32-x86_64\bin\extnet.dll
0x00007ffae2070000 - 0x00007ffae208b000 	C:\Windows\SYSTEM32\CRYPTSP.dll
0x00007ffae1950000 - 0x00007ffae1985000 	C:\Windows\system32\rsaenh.dll
0x00007ffae1f00000 - 0x00007ffae1f28000 	C:\Windows\SYSTEM32\USERENV.dll
0x00007ffae2060000 - 0x00007ffae206c000 	C:\Windows\SYSTEM32\CRYPTBASE.dll
0x00007ffac9ea0000 - 0x00007ffac9eae000 	C:\Users\ACER\.vscode\extensions\redhat.java-1.54.0-win32-x64\jre\21.0.10-win32-x86_64\bin\sunmscapi.dll
0x00007ffae2f90000 - 0x00007ffae30f6000 	C:\Windows\System32\CRYPT32.dll
0x00007ffae22b0000 - 0x00007ffae22dd000 	C:\Windows\SYSTEM32\ncrypt.dll
0x00007ffae2270000 - 0x00007ffae22a7000 	C:\Windows\SYSTEM32\NTASN1.dll
0x00007ffad9dc0000 - 0x00007ffad9dc8000 	C:\Windows\system32\wshunix.dll

JVMTI agents:
C:\Users\ACER\.gradle\wrapper\dists\gradle-9.3.1-bin\23ovyewtku6u96viwx3xl3oks\gradle-9.3.1\lib\agents\gradle-instrumentation-agent-9.3.1.jar path:C:\Users\ACER\.vscode\extensions\redhat.java-1.54.0-win32-x64\jre\21.0.10-win32-x86_64\bin\instrument.dll, loaded, initialized, instrumentlib options:none

dbghelp: loaded successfully - version: 4.0.5 - missing functions: none
symbol engine: initialized successfully - sym options: 0x614 - pdb path: .;C:\Users\ACER\.vscode\extensions\redhat.java-1.54.0-win32-x64\jre\21.0.10-win32-x86_64\bin;C:\Windows\SYSTEM32;C:\Windows\WinSxS\amd64_microsoft.windows.common-controls_6595b64144ccf1df_6.0.22621.3672_none_2713b9d173822955;C:\Users\ACER\.vscode\extensions\redhat.java-1.54.0-win32-x64\jre\21.0.10-win32-x86_64\bin\server;C:\Users\ACER\.gradle\native\660c5614fbf4a5f2a75b1949f50a0caf5cd603558e7d8a26e50b933a0cfb79d1\windows-amd64;C:\Users\ACER\.gradle\native\0.2.8\x86_64-windows-gnu

VM Arguments:
jvm_args: --add-opens=java.base/java.lang=ALL-UNNAMED --add-opens=java.base/java.lang.invoke=ALL-UNNAMED --add-opens=java.base/java.util=ALL-UNNAMED --add-opens=java.prefs/java.util.prefs=ALL-UNNAMED --add-exports=jdk.compiler/com.sun.tools.javac.api=ALL-UNNAMED --add-exports=jdk.compiler/com.sun.tools.javac.util=ALL-UNNAMED --add-opens=java.base/java.util=ALL-UNNAMED --add-opens=java.prefs/java.util.prefs=ALL-UNNAMED --add-opens=java.base/java.nio.charset=ALL-UNNAMED --add-opens=java.base/java.net=ALL-UNNAMED --add-opens=java.base/java.util.concurrent=ALL-UNNAMED --add-opens=java.base/java.util.concurrent.atomic=ALL-UNNAMED --add-opens=java.xml/javax.xml.namespace=ALL-UNNAMED --add-opens=java.base/java.time=ALL-UNNAMED -Xmx2048m -Dfile.encoding=UTF-8 -Duser.country=FR -Duser.language=fr -Duser.variant -javaagent:C:\Users\ACER\.gradle\wrapper\dists\gradle-9.3.1-bin\23ovyewtku6u96viwx3xl3oks\gradle-9.3.1\lib\agents\gradle-instrumentation-agent-9.3.1.jar 
java_command: org.gradle.launcher.daemon.bootstrap.GradleDaemon 9.3.1
java_class_path (initial): C:\Users\ACER\.gradle\wrapper\dists\gradle-9.3.1-bin\23ovyewtku6u96viwx3xl3oks\gradle-9.3.1\lib\gradle-daemon-main-9.3.1.jar
Launcher Type: SUN_STANDARD

[Global flags]
     intx CICompilerCount                          = 3                                         {product} {ergonomic}
     uint ConcGCThreads                            = 1                                         {product} {ergonomic}
     uint G1ConcRefinementThreads                  = 4                                         {product} {ergonomic}
   size_t G1HeapRegionSize                         = 1048576                                   {product} {ergonomic}
    uintx GCDrainStackTargetSize                   = 64                                        {product} {ergonomic}
   size_t InitialHeapSize                          = 134217728                                 {product} {ergonomic}
   size_t MarkStackSize                            = 4194304                                   {product} {ergonomic}
   size_t MaxHeapSize                              = 2147483648                                {product} {command line}
   size_t MaxNewSize                               = 1287651328                                {product} {ergonomic}
   size_t MinHeapDeltaBytes                        = 1048576                                   {product} {ergonomic}
   size_t MinHeapSize                              = 8388608                                   {product} {ergonomic}
    uintx NonNMethodCodeHeapSize                   = 5832780                                {pd product} {ergonomic}
    uintx NonProfiledCodeHeapSize                  = 122912730                              {pd product} {ergonomic}
    uintx ProfiledCodeHeapSize                     = 122912730                              {pd product} {ergonomic}
    uintx ReservedCodeCacheSize                    = 251658240                              {pd product} {ergonomic}
     bool SegmentedCodeCache                       = true                                      {product} {ergonomic}
   size_t SoftMaxHeapSize                          = 2147483648                             {manageable} {ergonomic}
     bool UseCompressedOops                        = true                           {product lp64_product} {ergonomic}
     bool UseG1GC                                  = true                                      {product} {ergonomic}
     bool UseLargePagesIndividualAllocation        = false                                  {pd product} {ergonomic}

Logging:
Log output configuration:
 #0: stdout all=warning uptime,level,tags foldmultilines=false
 #1: stderr all=off uptime,level,tags foldmultilines=false

Release file:
JAVA_VERSION="21.0.10" 
MODULES="java.base java.compiler java.datatransfer java.xml java.prefs java.desktop java.instrument java.logging java.management java.security.sasl java.naming java.rmi java.management.rmi java.net.http java.scripting java.security.jgss java.transaction.xa java.sql java.sql.rowset java.xml.crypto java.se java.smartcardio jdk.accessibility jdk.internal.jvmstat jdk.attach jdk.charsets jdk.internal.opt jdk.zipfs jdk.compiler jdk.crypto.ec jdk.crypto.cryptoki jdk.crypto.mscapi jdk.dynalink jdk.internal.ed jdk.editpad jdk.hotspot.agent jdk.httpserver jdk.internal.le jdk.internal.vm.ci jdk.internal.vm.compiler jdk.internal.vm.compiler.management jdk.jartool jdk.javadoc jdk.jcmd jdk.management jdk.management.agent jdk.jconsole jdk.jdeps jdk.jdwp.agent jdk.jdi jdk.jfr jdk.jshell jdk.jsobject jdk.jstatd jdk.localedata jdk.management.jfr jdk.naming.dns jdk.naming.rmi jdk.net jdk.nio.mapmode jdk.random jdk.sctp jdk.security.auth jdk.security.jgss jdk.unsupported jdk.unsupported.desktop jdk.xml.dom" 

Environment Variables:
PATH=C:\Program Files\Eclipse Adoptium\jdk-25.0.1.8-hotspot\bin;C:\Windows\system32;C:\Windows;C:\Windows\System32\Wbem;C:\Windows\System32\WindowsPowerShell\v1.0\;C:\Windows\System32\OpenSSH\;C:\MinGW\bin;C:\Program Files\Git\cmd;C:\Program Files\nodejs\;C:\Users\ACER\.local\bin;C:\Users\ACER\AppData\Local\Programs\Python\Python314\Scripts\;C:\Users\ACER\AppData\Local\Programs\Python\Python314\;C:\Users\ACER\AppData\Local\Programs\Python\Launcher\;C:\Users\ACER\AppData\Local\Microsoft\WindowsApps;C:\Users\ACER\AppData\Local\Programs\Microsoft VS Code\bin;C:\MinGW\bin;C:\Users\ACER\AppData\Roaming\npm;C:\Users\ACER\AppData\Local\Programs\DockerDesktop\resources\bin
USERNAME=ACER
OS=Windows_NT
PROCESSOR_IDENTIFIER=Intel64 Family 6 Model 78 Stepping 3, GenuineIntel
TMP=C:\Users\ACER\AppData\Local\Temp
TEMP=C:\Users\ACER\AppData\Local\Temp




Periodic native trim disabled

---------------  S Y S T E M  ---------------

OS:
 Windows 11 , 64 bit Build 22621 (10.0.22621.3958)
OS uptime: 5 days 8:38 hours
Hyper-V role detected

CPU: total 4 (initial active 4) (2 cores per cpu, 2 threads per core) family 6 model 78 stepping 3 microcode 0xd6, cx8, cmov, fxsr, ht, mmx, 3dnowpref, sse, sse2, sse3, ssse3, sse4.1, sse4.2, popcnt, lzcnt, tsc, tscinvbit, avx, avx2, aes, erms, clmul, bmi1, bmi2, adx, fma, vzeroupper, clflush, clflushopt, hv, rdtscp, f16c
Processor Information for processor 0
  Max Mhz: 2401, Current Mhz: 2200, Mhz Limit: 2184
Processor Information for processor 1
  Max Mhz: 2401, Current Mhz: 1500, Mhz Limit: 2184
Processor Information for processor 2
  Max Mhz: 2401, Current Mhz: 2200, Mhz Limit: 2184
Processor Information for processor 3
  Max Mhz: 2401, Current Mhz: 2200, Mhz Limit: 2184

Memory: 4k page, system-wide physical 8097M (442M free)
TotalPageFile size 10097M (AvailPageFile size 1M)
current process WorkingSet (physical memory assigned to process): 325M, peak: 325M
current process commit charge ("private bytes"): 354M, peak: 354M

vm_info: OpenJDK 64-Bit Server VM (21.0.10+7-LTS) for windows-amd64 JRE (21.0.10+7-LTS), built on 2026-01-20T00:00:00Z by "admin" with MS VC++ 17.12 (VS2022)

END.
