#
# There is insufficient memory for the Java Runtime Environment to continue.
# Native memory allocation (malloc) failed to allocate 9972376 bytes. Error detail: Chunk::new
# Possible reasons:
#   The system is out of physical RAM or swap space
#   This process is running with CompressedOops enabled, and the Java Heap may be blocking the growth of the native heap
# Possible solutions:
#   Reduce memory load on the system
#   Increase physical memory or swap space
#   Check if swap backing store is full
#   Decrease Java heap size (-Xmx/-Xms)
#   Decrease number of Java threads
#   Decrease Java thread stack sizes (-Xss)
#   Set larger code cache with -XX:ReservedCodeCacheSize=
#   JVM is running with Unscaled Compressed Oops mode in which the Java heap is
#     placed in the first 4GB address space. The Java Heap base address is the
#     maximum limit for the native heap growth. Please use -XX:HeapBaseMinAddress
#     to set the Java Heap base and to place the Java Heap above 4GB virtual address.
# This output file may be truncated or incomplete.
#
#  Out of Memory Error (arena.cpp:186), pid=2452, tid=7412
#
# JRE version: OpenJDK Runtime Environment Temurin-25.0.1+8 (25.0.1+8) (build 25.0.1+8-LTS)
# Java VM: OpenJDK 64-Bit Server VM Temurin-25.0.1+8 (25.0.1+8-LTS, mixed mode, sharing, tiered, compressed oops, compressed class ptrs, g1 gc, windows-amd64)
# No core dump will be written. Minidumps are not enabled by default on client versions of Windows
#

---------------  S U M M A R Y ------------

Command Line: --add-opens=java.base/java.lang=ALL-UNNAMED --add-opens=java.base/java.lang.invoke=ALL-UNNAMED --add-opens=java.base/java.util=ALL-UNNAMED --add-opens=java.prefs/java.util.prefs=ALL-UNNAMED --add-exports=jdk.compiler/com.sun.tools.javac.api=ALL-UNNAMED --add-exports=jdk.compiler/com.sun.tools.javac.util=ALL-UNNAMED --add-opens=java.base/java.util=ALL-UNNAMED --add-opens=java.prefs/java.util.prefs=ALL-UNNAMED --add-opens=java.base/java.nio.charset=ALL-UNNAMED --add-opens=java.base/java.net=ALL-UNNAMED --add-opens=java.base/java.util.concurrent=ALL-UNNAMED --add-opens=java.base/java.util.concurrent.atomic=ALL-UNNAMED --add-opens=java.xml/javax.xml.namespace=ALL-UNNAMED --add-opens=java.base/java.time=ALL-UNNAMED --enable-native-access=ALL-UNNAMED -Xmx2048m -Dfile.encoding=UTF-8 -Duser.country=FR -Duser.language=fr -Duser.variant -javaagent:C:\Users\ACER\.gradle\wrapper\dists\gradle-9.3.1-bin\23ovyewtku6u96viwx3xl3oks\gradle-9.3.1\lib\agents\gradle-instrumentation-agent-9.3.1.jar org.gradle.launcher.daemon.bootstrap.GradleDaemon 9.3.1

Host: Intel(R) Core(TM) i5-6200U CPU @ 2.30GHz, 4 cores, 7G,  Windows 11 , 64 bit Build 22621 (10.0.22621.3958)
Time: Sun Jun 14 15:35:21 2026 Săo Tomé (heure standard) elapsed time: 34.295049 seconds (0d 0h 0m 34s)

---------------  T H R E A D  ---------------

Current thread (0x000001516006c150):  JavaThread "C2 CompilerThread1" daemon [_thread_in_native, id=7412, stack(0x0000004e59e00000,0x0000004e59f00000) (1024K)]


Current CompileTask:
C2:34295 7970       4       groovyjarjarantlr4.v4.runtime.atn.ParserATNSimulator::isConflicted (801 bytes)

Stack: [0x0000004e59e00000,0x0000004e59f00000]
Native frames: (J=compiled Java code, j=interpreted, Vv=VM code, C=native code)
V  [jvm.dll+0x7a8379]  (no source info available)
V  [jvm.dll+0x7729fd]  (no source info available)
V  [jvm.dll+0x9f57b3]  (no source info available)
V  [jvm.dll+0x9f7da1]  (no source info available)
V  [jvm.dll+0x9f84a3]  (no source info available)
V  [jvm.dll+0x2fcd26]  (no source info available)
V  [jvm.dll+0x111086]  (no source info available)
V  [jvm.dll+0x1113ae]  (no source info available)
V  [jvm.dll+0x1a01a2]  (no source info available)
V  [jvm.dll+0x3b5e72]  (no source info available)
V  [jvm.dll+0x7adcec]  (no source info available)
V  [jvm.dll+0x2c0327]  (no source info available)
V  [jvm.dll+0x2bf2ef]  (no source info available)
V  [jvm.dll+0x237300]  (no source info available)
V  [jvm.dll+0x2cf386]  (no source info available)
V  [jvm.dll+0x2cd60a]  (no source info available)
V  [jvm.dll+0x48f64e]  (no source info available)
V  [jvm.dll+0x99630d]  (no source info available)
V  [jvm.dll+0x7a6955]  (no source info available)
C  [ucrtbase.dll+0x29333]  (no source info available)
C  [KERNEL32.DLL+0x1257d]  (no source info available)
C  [ntdll.dll+0x5af08]  (no source info available)

Lock stack of current Java thread (top to bottom):


---------------  P R O C E S S  ---------------

Threads class SMR info:
_java_thread_list=0x0000015164323d80, length=38, elements={
0x000001513f065de0, 0x000001515b91a820, 0x000001515b91c810, 0x000001515b91f470,
0x000001515b920160, 0x000001515b922220, 0x000001515b924710, 0x000001515b925730,
0x000001515b987b20, 0x000001515bb10e50, 0x000001515baa6150, 0x000001515bc4f230,
0x000001515bc4a410, 0x000001515bc501d0, 0x000001515baa5980, 0x0000015160a7db70,
0x0000015160a7eb10, 0x0000015160a7b460, 0x0000015160a7a4c0, 0x0000015160a7e340,
0x0000015160a7d3a0, 0x0000015160a7ac90, 0x0000015161a010d0, 0x0000015161a02070,
0x00000151619fe1f0, 0x00000151619fca80, 0x00000151619fd250, 0x00000151619ff190,
0x000001515bd24310, 0x000001515bd2a0d0, 0x000001515bd2b840, 0x000001515bd28960,
0x000001515bd29130, 0x000001515bd29900, 0x000001515bd26a20, 0x0000015161985070,
0x000001516198c5a0, 0x000001516006c150
}

Java Threads: ( => current thread )
  0x000001513f065de0 JavaThread "main"                              [_thread_blocked, id=19032, stack(0x0000004e57a00000,0x0000004e57b00000) (1024K)]
  0x000001515b91a820 JavaThread "Reference Handler"          daemon [_thread_blocked, id=6412, stack(0x0000004e58200000,0x0000004e58300000) (1024K)]
  0x000001515b91c810 JavaThread "Finalizer"                  daemon [_thread_blocked, id=13552, stack(0x0000004e58300000,0x0000004e58400000) (1024K)]
  0x000001515b91f470 JavaThread "Signal Dispatcher"          daemon [_thread_blocked, id=16068, stack(0x0000004e58400000,0x0000004e58500000) (1024K)]
  0x000001515b920160 JavaThread "Attach Listener"            daemon [_thread_blocked, id=9688, stack(0x0000004e58500000,0x0000004e58600000) (1024K)]
  0x000001515b922220 JavaThread "Service Thread"             daemon [_thread_blocked, id=4248, stack(0x0000004e58600000,0x0000004e58700000) (1024K)]
  0x000001515b924710 JavaThread "Monitor Deflation Thread"   daemon [_thread_blocked, id=8280, stack(0x0000004e58700000,0x0000004e58800000) (1024K)]
  0x000001515b925730 JavaThread "C2 CompilerThread0"         daemon [_thread_in_native, id=18964, stack(0x0000004e58800000,0x0000004e58900000) (1024K)]
  0x000001515b987b20 JavaThread "C1 CompilerThread0"         daemon [_thread_blocked, id=11892, stack(0x0000004e58900000,0x0000004e58a00000) (1024K)]
  0x000001515bb10e50 JavaThread "Common-Cleaner"             daemon [_thread_blocked, id=8388, stack(0x0000004e58b00000,0x0000004e58c00000) (1024K)]
  0x000001515baa6150 JavaThread "Notification Thread"        daemon [_thread_blocked, id=18948, stack(0x0000004e58c00000,0x0000004e58d00000) (1024K)]
  0x000001515bc4f230 JavaThread "Daemon health stats"               [_thread_blocked, id=10500, stack(0x0000004e59000000,0x0000004e59100000) (1024K)]
  0x000001515bc4a410 JavaThread "Incoming local TCP Connector on port 52672"        [_thread_in_native, id=18296, stack(0x0000004e59100000,0x0000004e59200000) (1024K)]
  0x000001515bc501d0 JavaThread "Daemon periodic checks"            [_thread_blocked, id=10536, stack(0x0000004e59200000,0x0000004e59300000) (1024K)]
  0x000001515baa5980 JavaThread "Daemon"                            [_thread_blocked, id=8544, stack(0x0000004e59300000,0x0000004e59400000) (1024K)]
  0x0000015160a7db70 JavaThread "Handler for socket connection from /127.0.0.1:52672 to /127.0.0.1:52673"        [_thread_in_native, id=6924, stack(0x0000004e59400000,0x0000004e59500000) (1024K)]
  0x0000015160a7eb10 JavaThread "Cancel handler"                    [_thread_blocked, id=1164, stack(0x0000004e59500000,0x0000004e59600000) (1024K)]
  0x0000015160a7b460 JavaThread "Daemon worker"                     [_thread_in_vm, id=2008, stack(0x0000004e59600000,0x0000004e59700000) (1024K)]
  0x0000015160a7a4c0 JavaThread "Asynchronous log dispatcher for DefaultDaemonConnection: socket connection from /127.0.0.1:52672 to /127.0.0.1:52673"        [_thread_blocked, id=15472, stack(0x0000004e59700000,0x0000004e59800000) (1024K)]
  0x0000015160a7e340 JavaThread "Stdin handler"                     [_thread_blocked, id=19336, stack(0x0000004e59800000,0x0000004e59900000) (1024K)]
  0x0000015160a7d3a0 JavaThread "Daemon client event forwarder"        [_thread_blocked, id=13220, stack(0x0000004e59900000,0x0000004e59a00000) (1024K)]
  0x0000015160a7ac90 JavaThread "Cache worker for journal cache (C:\Users\ACER\.gradle\caches\journal-1)"        [_thread_in_vm, id=6416, stack(0x0000004e59b00000,0x0000004e59c00000) (1024K)]
  0x0000015161a010d0 JavaThread "File lock request listener"        [_thread_in_native, id=14832, stack(0x0000004e59c00000,0x0000004e59d00000) (1024K)]
  0x0000015161a02070 JavaThread "Cache worker for file hash cache (C:\Users\ACER\.gradle\caches\9.3.1\fileHashes)"        [_thread_blocked, id=17948, stack(0x0000004e59d00000,0x0000004e59e00000) (1024K)]
  0x00000151619fe1f0 JavaThread "File lock release action executor"        [_thread_blocked, id=1360, stack(0x0000004e59f00000,0x0000004e5a000000) (1024K)]
  0x00000151619fca80 JavaThread "Cache worker for file hash cache (C:\Users\ACER\GestionnaireNotes\.gradle\9.3.1\fileHashes)"        [_thread_blocked, id=10616, stack(0x0000004e5a000000,0x0000004e5a100000) (1024K)]
  0x00000151619fd250 JavaThread "Cache worker for Build Output Cleanup Cache (C:\Users\ACER\GestionnaireNotes\.gradle\buildOutputCleanup)"        [_thread_blocked, id=5484, stack(0x0000004e5a100000,0x0000004e5a200000) (1024K)]
  0x00000151619ff190 JavaThread "File watcher server"        daemon [_thread_in_native, id=7800, stack(0x0000004e5a200000,0x0000004e5a300000) (1024K)]
  0x000001515bd24310 JavaThread "File watcher consumer"      daemon [_thread_blocked, id=17832, stack(0x0000004e5a300000,0x0000004e5a400000) (1024K)]
  0x000001515bd2a0d0 JavaThread "jar transforms"                    [_thread_blocked, id=4232, stack(0x0000004e5a400000,0x0000004e5a500000) (1024K)]
  0x000001515bd2b840 JavaThread "jar transforms Thread 2"           [_thread_blocked, id=14744, stack(0x0000004e5a500000,0x0000004e5a600000) (1024K)]
  0x000001515bd28960 JavaThread "jar transforms Thread 3"           [_thread_blocked, id=17540, stack(0x0000004e5a600000,0x0000004e5a700000) (1024K)]
  0x000001515bd29130 JavaThread "Cache worker for checksums cache (C:\Users\ACER\GestionnaireNotes\.gradle\9.3.1\checksums)"        [_thread_blocked, id=2552, stack(0x0000004e5a700000,0x0000004e5a800000) (1024K)]
  0x000001515bd29900 JavaThread "Cache worker for file content cache (C:\Users\ACER\.gradle\caches\9.3.1\fileContent)"        [_thread_blocked, id=8460, stack(0x0000004e5a800000,0x0000004e5a900000) (1024K)]
  0x000001515bd26a20 JavaThread "Cache worker for cache directory md-supplier (C:\Users\ACER\.gradle\caches\9.3.1\md-supplier)"        [_thread_blocked, id=6284, stack(0x0000004e5a900000,0x0000004e5aa00000) (1024K)]
  0x0000015161985070 JavaThread "Cache worker for cache directory md-rule (C:\Users\ACER\.gradle\caches\9.3.1\md-rule)"        [_thread_blocked, id=17608, stack(0x0000004e5aa00000,0x0000004e5ab00000) (1024K)]
  0x000001516198c5a0 JavaThread "jar transforms Thread 4"           [_thread_blocked, id=12500, stack(0x0000004e5ab00000,0x0000004e5ac00000) (1024K)]
=>0x000001516006c150 JavaThread "C2 CompilerThread1"         daemon [_thread_in_native, id=7412, stack(0x0000004e59e00000,0x0000004e59f00000) (1024K)]
Total: 38

Other Threads:
  0x000001515b906c40 VMThread "VM Thread"                           [id=7700, stack(0x0000004e58100000,0x0000004e58200000) (1024K)]
  0x000001513f11ea30 WatcherThread "VM Periodic Task Thread"        [id=3268, stack(0x0000004e58000000,0x0000004e58100000) (1024K)]
  0x000001513f0be640 WorkerThread "GC Thread#0"                     [id=3956, stack(0x0000004e57b00000,0x0000004e57c00000) (1024K)]
  0x000001516054b6d0 WorkerThread "GC Thread#1"                     [id=16880, stack(0x0000004e58d00000,0x0000004e58e00000) (1024K)]
  0x000001516054bb00 WorkerThread "GC Thread#2"                     [id=19044, stack(0x0000004e58e00000,0x0000004e58f00000) (1024K)]
  0x0000015160ae5400 WorkerThread "GC Thread#3"                     [id=4720, stack(0x0000004e59a00000,0x0000004e59b00000) (1024K)]
  0x000001513f0d7f20 ConcurrentGCThread "G1 Main Marker"            [id=16204, stack(0x0000004e57c00000,0x0000004e57d00000) (1024K)]
  0x000001513f0d8c40 WorkerThread "G1 Conc#0"                       [id=6408, stack(0x0000004e57d00000,0x0000004e57e00000) (1024K)]
  0x000001513f10a770 ConcurrentGCThread "G1 Refine#0"               [id=15792, stack(0x0000004e57e00000,0x0000004e57f00000) (1024K)]
  0x000001513f10b380 ConcurrentGCThread "G1 Service"                [id=5724, stack(0x0000004e57f00000,0x0000004e58000000) (1024K)]
Total: 10

Threads with active compile tasks:
C2 CompilerThread1  34550 7970       4       groovyjarjarantlr4.v4.runtime.atn.ParserATNSimulator::isConflicted (801 bytes)
Total: 1

VM state: not at safepoint (normal execution)

VM Mutex/Monitor currently owned by a thread: None

Heap address: 0x0000000080000000, size: 2048 MB, Compressed Oops mode: 32-bit

CDS archive(s) mapped at: [0x0000000008000000-0x0000000008dd0000-0x0000000008dd0000), size 14483456, SharedBaseAddress: 0x0000000008000000, ArchiveRelocationMode: 1.
Compressed class space mapped at: 0x0000000009000000-0x0000000049000000, reserved size: 1073741824
UseCompressedClassPointers 1, UseCompactObjectHeaders 0
Narrow klass pointer bits 32, Max shift 3
Narrow klass base: 0x0000000008000000, Narrow klass shift: 0
Encoding Range: [0x0000000008000000 - 0x0000000108000000), (4294967296 bytes)
Klass Range:    [0x0000000008010000 - 0x0000000049000000), (1090453504 bytes)
Klass ID Range:  [65536 - 1090519033) (1090453497)
Protection zone: [0x0000000008000000 - 0x0000000008010000), (65536 bytes)

GC Precious Log:
 CardTable entry size: 512
 Card Set container configuration: InlinePtr #cards 5 size 8 Array Of Cards #cards 10 size 36 Howl #buckets 4 coarsen threshold 1843 Howl Bitmap #cards 512 size 80 coarsen threshold 460 Card regions per heap region 1 cards per card region 2048
 CPUs: 4 total, 4 available
 Memory: 8097M
 Large Page Support: Disabled
 NUMA Support: Disabled
 Compressed Oops: Enabled (32-bit)
 Heap Region Size: 1M
 Heap Min Capacity: 8M
 Heap Initial Capacity: 128M
 Heap Max Capacity: 2G
 Pre-touch: Disabled
 Parallel Workers: 4
 Concurrent Workers: 1
 Concurrent Refinement Workers: 4
 Periodic GC: Disabled

Heap:
 garbage-first heap   total reserved 2097152K, committed 145408K, used 115386K [0x0000000080000000, 0x0000000100000000)
  region size 1024K, 62 young (63488K), 2 survivors (2048K)

Heap Regions: E=young(eden), S=young(survivor), O=old, HS=humongous(starts), HC=humongous(continues), CS=collection set, F=free, TAMS=top-at-mark-start, PB=parsable bottom
|   0|0x0000000080000000, 0x0000000080100000, 0x0000000080100000|100%| O|  |TAMS 0x0000000080000000| PB 0x0000000080000000| Untracked |  0
|   1|0x0000000080100000, 0x0000000080200000, 0x0000000080200000|100%|HS|  |TAMS 0x0000000080100000| PB 0x0000000080100000| Complete |  0
|   2|0x0000000080200000, 0x0000000080300000, 0x0000000080300000|100%|HC|  |TAMS 0x0000000080200000| PB 0x0000000080200000| Complete |  0
|   3|0x0000000080300000, 0x0000000080400000, 0x0000000080400000|100%|HC|  |TAMS 0x0000000080300000| PB 0x0000000080300000| Complete |  0
|   4|0x0000000080400000, 0x0000000080500000, 0x0000000080500000|100%|HC|  |TAMS 0x0000000080400000| PB 0x0000000080400000| Complete |  0
|   5|0x0000000080500000, 0x0000000080600000, 0x0000000080600000|100%|HS|  |TAMS 0x0000000080500000| PB 0x0000000080500000| Complete |  0
|   6|0x0000000080600000, 0x0000000080700000, 0x0000000080700000|100%| O|  |TAMS 0x0000000080600000| PB 0x0000000080600000| Untracked |  0
|   7|0x0000000080700000, 0x0000000080800000, 0x0000000080800000|100%| O|  |TAMS 0x0000000080700000| PB 0x0000000080700000| Untracked |  0
|   8|0x0000000080800000, 0x0000000080900000, 0x0000000080900000|100%| O|  |TAMS 0x0000000080800000| PB 0x0000000080800000| Untracked |  0
|   9|0x0000000080900000, 0x0000000080a00000, 0x0000000080a00000|100%| O|  |TAMS 0x0000000080900000| PB 0x0000000080900000| Untracked |  0
|  10|0x0000000080a00000, 0x0000000080b00000, 0x0000000080b00000|100%| O|  |TAMS 0x0000000080a00000| PB 0x0000000080a00000| Untracked |  0
|  11|0x0000000080b00000, 0x0000000080c00000, 0x0000000080c00000|100%| O|  |TAMS 0x0000000080b00000| PB 0x0000000080b00000| Untracked |  0
|  12|0x0000000080c00000, 0x0000000080d00000, 0x0000000080d00000|100%| O|  |TAMS 0x0000000080c00000| PB 0x0000000080c00000| Untracked |  0
|  13|0x0000000080d00000, 0x0000000080e00000, 0x0000000080e00000|100%| O|  |TAMS 0x0000000080d00000| PB 0x0000000080d00000| Untracked |  0
|  14|0x0000000080e00000, 0x0000000080f00000, 0x0000000080f00000|100%| O|  |TAMS 0x0000000080e00000| PB 0x0000000080e00000| Untracked |  0
|  15|0x0000000080f00000, 0x0000000081000000, 0x0000000081000000|100%| O|  |TAMS 0x0000000080f00000| PB 0x0000000080f00000| Untracked |  0
|  16|0x0000000081000000, 0x0000000081100000, 0x0000000081100000|100%| O|  |TAMS 0x0000000081000000| PB 0x0000000081000000| Untracked |  0
|  17|0x0000000081100000, 0x0000000081200000, 0x0000000081200000|100%| O|  |TAMS 0x0000000081100000| PB 0x0000000081100000| Untracked |  0
|  18|0x0000000081200000, 0x0000000081300000, 0x0000000081300000|100%| O|  |TAMS 0x0000000081200000| PB 0x0000000081200000| Untracked |  0
|  19|0x0000000081300000, 0x0000000081400000, 0x0000000081400000|100%| O|  |TAMS 0x0000000081300000| PB 0x0000000081300000| Untracked |  0
|  20|0x0000000081400000, 0x0000000081500000, 0x0000000081500000|100%| O|  |TAMS 0x0000000081400000| PB 0x0000000081400000| Untracked |  0
|  21|0x0000000081500000, 0x0000000081600000, 0x0000000081600000|100%| O|  |TAMS 0x0000000081500000| PB 0x0000000081500000| Untracked |  0
|  22|0x0000000081600000, 0x0000000081700000, 0x0000000081700000|100%| O|  |TAMS 0x0000000081600000| PB 0x0000000081600000| Untracked |  0
|  23|0x0000000081700000, 0x0000000081800000, 0x0000000081800000|100%| O|  |TAMS 0x0000000081700000| PB 0x0000000081700000| Untracked |  0
|  24|0x0000000081800000, 0x0000000081900000, 0x0000000081900000|100%| O|  |TAMS 0x0000000081800000| PB 0x0000000081800000| Untracked |  0
|  25|0x0000000081900000, 0x0000000081a00000, 0x0000000081a00000|100%| O|  |TAMS 0x0000000081900000| PB 0x0000000081900000| Untracked |  0
|  26|0x0000000081a00000, 0x0000000081b00000, 0x0000000081b00000|100%| O|  |TAMS 0x0000000081a00000| PB 0x0000000081a00000| Untracked |  0
|  27|0x0000000081b00000, 0x0000000081c00000, 0x0000000081c00000|100%| O|  |TAMS 0x0000000081b00000| PB 0x0000000081b00000| Untracked |  0
|  28|0x0000000081c00000, 0x0000000081d00000, 0x0000000081d00000|100%| O|  |TAMS 0x0000000081c00000| PB 0x0000000081c00000| Untracked |  0
|  29|0x0000000081d00000, 0x0000000081d00000, 0x0000000081e00000|  0%| F|  |TAMS 0x0000000081d00000| PB 0x0000000081d00000| Untracked |  0
|  30|0x0000000081e00000, 0x0000000081f00000, 0x0000000081f00000|100%| O|  |TAMS 0x0000000081e00000| PB 0x0000000081e00000| Untracked |  0
|  31|0x0000000081f00000, 0x0000000082000000, 0x0000000082000000|100%| O|  |TAMS 0x0000000081f00000| PB 0x0000000081f00000| Untracked |  0
|  32|0x0000000082000000, 0x0000000082100000, 0x0000000082100000|100%| O|  |TAMS 0x0000000082000000| PB 0x0000000082000000| Untracked |  0
|  33|0x0000000082100000, 0x0000000082200000, 0x0000000082200000|100%| O|  |TAMS 0x0000000082100000| PB 0x0000000082100000| Untracked |  0
|  34|0x0000000082200000, 0x0000000082300000, 0x0000000082300000|100%| O|  |TAMS 0x0000000082200000| PB 0x0000000082200000| Untracked |  0
|  35|0x0000000082300000, 0x0000000082400000, 0x0000000082400000|100%| O|  |TAMS 0x0000000082300000| PB 0x0000000082300000| Untracked |  0
|  36|0x0000000082400000, 0x0000000082500000, 0x0000000082500000|100%| O|  |TAMS 0x0000000082400000| PB 0x0000000082400000| Untracked |  0
|  37|0x0000000082500000, 0x0000000082600000, 0x0000000082600000|100%| O|  |TAMS 0x0000000082500000| PB 0x0000000082500000| Untracked |  0
|  38|0x0000000082600000, 0x0000000082600000, 0x0000000082700000|  0%| F|  |TAMS 0x0000000082600000| PB 0x0000000082600000| Untracked |  0
|  39|0x0000000082700000, 0x0000000082800000, 0x0000000082800000|100%| O|  |TAMS 0x0000000082700000| PB 0x0000000082700000| Untracked |  0
|  40|0x0000000082800000, 0x0000000082900000, 0x0000000082900000|100%| O|  |TAMS 0x0000000082800000| PB 0x0000000082800000| Untracked |  0
|  41|0x0000000082900000, 0x0000000082a00000, 0x0000000082a00000|100%| O|  |TAMS 0x0000000082900000| PB 0x0000000082900000| Untracked |  0
|  42|0x0000000082a00000, 0x0000000082b00000, 0x0000000082b00000|100%| O|  |TAMS 0x0000000082a00000| PB 0x0000000082a00000| Untracked |  0
|  43|0x0000000082b00000, 0x0000000082c00000, 0x0000000082c00000|100%| O|  |TAMS 0x0000000082b00000| PB 0x0000000082b00000| Untracked |  0
|  44|0x0000000082c00000, 0x0000000082d00000, 0x0000000082d00000|100%| O|  |TAMS 0x0000000082c00000| PB 0x0000000082c00000| Untracked |  0
|  45|0x0000000082d00000, 0x0000000082e00000, 0x0000000082e00000|100%| O|  |TAMS 0x0000000082d00000| PB 0x0000000082d00000| Untracked |  0
|  46|0x0000000082e00000, 0x0000000082f00000, 0x0000000082f00000|100%| O|  |TAMS 0x0000000082e00000| PB 0x0000000082e00000| Untracked |  0
|  47|0x0000000082f00000, 0x0000000083000000, 0x0000000083000000|100%|HS|  |TAMS 0x0000000082f00000| PB 0x0000000082f00000| Complete |  0
|  48|0x0000000083000000, 0x0000000083100000, 0x0000000083100000|100%| O|  |TAMS 0x0000000083000000| PB 0x0000000083000000| Untracked |  0
|  49|0x0000000083100000, 0x0000000083200000, 0x0000000083200000|100%| O|  |TAMS 0x0000000083100000| PB 0x0000000083100000| Untracked |  0
|  50|0x0000000083200000, 0x0000000083300000, 0x0000000083300000|100%| O|  |TAMS 0x0000000083200000| PB 0x0000000083200000| Untracked |  0
|  51|0x0000000083300000, 0x0000000083300000, 0x0000000083400000|  0%| F|  |TAMS 0x0000000083300000| PB 0x0000000083300000| Untracked |  0
|  52|0x0000000083400000, 0x0000000083500000, 0x0000000083500000|100%| O|  |TAMS 0x0000000083400000| PB 0x0000000083400000| Untracked |  0
|  53|0x0000000083500000, 0x0000000083500000, 0x0000000083600000|  0%| F|  |TAMS 0x0000000083500000| PB 0x0000000083500000| Untracked |  0
|  54|0x0000000083600000, 0x0000000083600000, 0x0000000083700000|  0%| F|  |TAMS 0x0000000083600000| PB 0x0000000083600000| Untracked |  0
|  55|0x0000000083700000, 0x0000000083700000, 0x0000000083800000|  0%| F|  |TAMS 0x0000000083700000| PB 0x0000000083700000| Untracked |  0
|  56|0x0000000083800000, 0x0000000083800000, 0x0000000083900000|  0%| F|  |TAMS 0x0000000083800000| PB 0x0000000083800000| Untracked |  0
|  57|0x0000000083900000, 0x0000000083a00000, 0x0000000083a00000|100%| S|CS|TAMS 0x0000000083900000| PB 0x0000000083900000| Complete |  0
|  58|0x0000000083a00000, 0x0000000083b00000, 0x0000000083b00000|100%| S|CS|TAMS 0x0000000083a00000| PB 0x0000000083a00000| Complete |  0
|  59|0x0000000083b00000, 0x0000000083b00000, 0x0000000083c00000|  0%| F|  |TAMS 0x0000000083b00000| PB 0x0000000083b00000| Untracked |  0
|  60|0x0000000083c00000, 0x0000000083c00000, 0x0000000083d00000|  0%| F|  |TAMS 0x0000000083c00000| PB 0x0000000083c00000| Untracked |  0
|  61|0x0000000083d00000, 0x0000000083d00000, 0x0000000083e00000|  0%| F|  |TAMS 0x0000000083d00000| PB 0x0000000083d00000| Untracked |  0
|  62|0x0000000083e00000, 0x0000000083e00000, 0x0000000083f00000|  0%| F|  |TAMS 0x0000000083e00000| PB 0x0000000083e00000| Untracked |  0
|  63|0x0000000083f00000, 0x0000000083f00000, 0x0000000084000000|  0%| F|  |TAMS 0x0000000083f00000| PB 0x0000000083f00000| Untracked |  0
|  64|0x0000000084000000, 0x0000000084000000, 0x0000000084100000|  0%| F|  |TAMS 0x0000000084000000| PB 0x0000000084000000| Untracked |  0
|  65|0x0000000084100000, 0x0000000084100000, 0x0000000084200000|  0%| F|  |TAMS 0x0000000084100000| PB 0x0000000084100000| Untracked |  0
|  66|0x0000000084200000, 0x0000000084200000, 0x0000000084300000|  0%| F|  |TAMS 0x0000000084200000| PB 0x0000000084200000| Untracked |  0
|  67|0x0000000084300000, 0x0000000084300000, 0x0000000084400000|  0%| F|  |TAMS 0x0000000084300000| PB 0x0000000084300000| Untracked |  0
|  68|0x0000000084400000, 0x0000000084400000, 0x0000000084500000|  0%| F|  |TAMS 0x0000000084400000| PB 0x0000000084400000| Untracked |  0
|  69|0x0000000084500000, 0x0000000084500000, 0x0000000084600000|  0%| F|  |TAMS 0x0000000084500000| PB 0x0000000084500000| Untracked |  0
|  70|0x0000000084600000, 0x0000000084600000, 0x0000000084700000|  0%| F|  |TAMS 0x0000000084600000| PB 0x0000000084600000| Untracked |  0
|  71|0x0000000084700000, 0x0000000084700000, 0x0000000084800000|  0%| F|  |TAMS 0x0000000084700000| PB 0x0000000084700000| Untracked |  0
|  72|0x0000000084800000, 0x0000000084800000, 0x0000000084900000|  0%| F|  |TAMS 0x0000000084800000| PB 0x0000000084800000| Untracked |  0
|  73|0x0000000084900000, 0x0000000084900000, 0x0000000084a00000|  0%| F|  |TAMS 0x0000000084900000| PB 0x0000000084900000| Untracked |  0
|  74|0x0000000084a00000, 0x0000000084a00000, 0x0000000084b00000|  0%| F|  |TAMS 0x0000000084a00000| PB 0x0000000084a00000| Untracked |  0
|  75|0x0000000084b00000, 0x0000000084b00000, 0x0000000084c00000|  0%| F|  |TAMS 0x0000000084b00000| PB 0x0000000084b00000| Untracked |  0
|  76|0x0000000084c00000, 0x0000000084c00000, 0x0000000084d00000|  0%| F|  |TAMS 0x0000000084c00000| PB 0x0000000084c00000| Untracked |  0
|  77|0x0000000084d00000, 0x0000000084d00000, 0x0000000084e00000|  0%| F|  |TAMS 0x0000000084d00000| PB 0x0000000084d00000| Untracked |  0
|  78|0x0000000084e00000, 0x0000000084e00000, 0x0000000084f00000|  0%| F|  |TAMS 0x0000000084e00000| PB 0x0000000084e00000| Untracked |  0
|  79|0x0000000084f00000, 0x0000000084f00000, 0x0000000085000000|  0%| F|  |TAMS 0x0000000084f00000| PB 0x0000000084f00000| Untracked |  0
|  80|0x0000000085000000, 0x0000000085098490, 0x0000000085100000| 59%| E|  |TAMS 0x0000000085000000| PB 0x0000000085000000| Complete |  0
|  81|0x0000000085100000, 0x0000000085200000, 0x0000000085200000|100%| E|CS|TAMS 0x0000000085100000| PB 0x0000000085100000| Complete |  0
|  82|0x0000000085200000, 0x0000000085300000, 0x0000000085300000|100%| E|CS|TAMS 0x0000000085200000| PB 0x0000000085200000| Complete |  0
|  83|0x0000000085300000, 0x0000000085400000, 0x0000000085400000|100%| E|CS|TAMS 0x0000000085300000| PB 0x0000000085300000| Complete |  0
|  84|0x0000000085400000, 0x0000000085500000, 0x0000000085500000|100%| E|CS|TAMS 0x0000000085400000| PB 0x0000000085400000| Complete |  0
|  85|0x0000000085500000, 0x0000000085600000, 0x0000000085600000|100%| E|CS|TAMS 0x0000000085500000| PB 0x0000000085500000| Complete |  0
|  86|0x0000000085600000, 0x0000000085700000, 0x0000000085700000|100%| E|CS|TAMS 0x0000000085600000| PB 0x0000000085600000| Complete |  0
|  87|0x0000000085700000, 0x0000000085800000, 0x0000000085800000|100%| E|CS|TAMS 0x0000000085700000| PB 0x0000000085700000| Complete |  0
|  88|0x0000000085800000, 0x0000000085900000, 0x0000000085900000|100%| E|CS|TAMS 0x0000000085800000| PB 0x0000000085800000| Complete |  0
|  89|0x0000000085900000, 0x0000000085a00000, 0x0000000085a00000|100%| E|CS|TAMS 0x0000000085900000| PB 0x0000000085900000| Complete |  0
|  90|0x0000000085a00000, 0x0000000085b00000, 0x0000000085b00000|100%| E|CS|TAMS 0x0000000085a00000| PB 0x0000000085a00000| Complete |  0
|  91|0x0000000085b00000, 0x0000000085c00000, 0x0000000085c00000|100%| E|CS|TAMS 0x0000000085b00000| PB 0x0000000085b00000| Complete |  0
|  92|0x0000000085c00000, 0x0000000085d00000, 0x0000000085d00000|100%| E|CS|TAMS 0x0000000085c00000| PB 0x0000000085c00000| Complete |  0
|  93|0x0000000085d00000, 0x0000000085e00000, 0x0000000085e00000|100%| E|CS|TAMS 0x0000000085d00000| PB 0x0000000085d00000| Complete |  0
|  94|0x0000000085e00000, 0x0000000085f00000, 0x0000000085f00000|100%| E|CS|TAMS 0x0000000085e00000| PB 0x0000000085e00000| Complete |  0
|  95|0x0000000085f00000, 0x0000000086000000, 0x0000000086000000|100%| E|CS|TAMS 0x0000000085f00000| PB 0x0000000085f00000| Complete |  0
|  96|0x0000000086000000, 0x0000000086100000, 0x0000000086100000|100%| E|CS|TAMS 0x0000000086000000| PB 0x0000000086000000| Complete |  0
|  97|0x0000000086100000, 0x0000000086200000, 0x0000000086200000|100%| E|CS|TAMS 0x0000000086100000| PB 0x0000000086100000| Complete |  0
|  98|0x0000000086200000, 0x0000000086300000, 0x0000000086300000|100%| E|CS|TAMS 0x0000000086200000| PB 0x0000000086200000| Complete |  0
|  99|0x0000000086300000, 0x0000000086400000, 0x0000000086400000|100%| E|CS|TAMS 0x0000000086300000| PB 0x0000000086300000| Complete |  0
| 100|0x0000000086400000, 0x0000000086500000, 0x0000000086500000|100%| E|CS|TAMS 0x0000000086400000| PB 0x0000000086400000| Complete |  0
| 101|0x0000000086500000, 0x0000000086600000, 0x0000000086600000|100%| E|CS|TAMS 0x0000000086500000| PB 0x0000000086500000| Complete |  0
| 102|0x0000000086600000, 0x0000000086700000, 0x0000000086700000|100%| E|CS|TAMS 0x0000000086600000| PB 0x0000000086600000| Complete |  0
| 103|0x0000000086700000, 0x0000000086800000, 0x0000000086800000|100%| E|CS|TAMS 0x0000000086700000| PB 0x0000000086700000| Complete |  0
| 104|0x0000000086800000, 0x0000000086900000, 0x0000000086900000|100%| E|CS|TAMS 0x0000000086800000| PB 0x0000000086800000| Complete |  0
| 105|0x0000000086900000, 0x0000000086a00000, 0x0000000086a00000|100%| E|CS|TAMS 0x0000000086900000| PB 0x0000000086900000| Complete |  0
| 106|0x0000000086a00000, 0x0000000086b00000, 0x0000000086b00000|100%| E|CS|TAMS 0x0000000086a00000| PB 0x0000000086a00000| Complete |  0
| 107|0x0000000086b00000, 0x0000000086c00000, 0x0000000086c00000|100%| E|CS|TAMS 0x0000000086b00000| PB 0x0000000086b00000| Complete |  0
| 108|0x0000000086c00000, 0x0000000086d00000, 0x0000000086d00000|100%| E|CS|TAMS 0x0000000086c00000| PB 0x0000000086c00000| Complete |  0
| 109|0x0000000086d00000, 0x0000000086e00000, 0x0000000086e00000|100%| E|CS|TAMS 0x0000000086d00000| PB 0x0000000086d00000| Complete |  0
| 110|0x0000000086e00000, 0x0000000086f00000, 0x0000000086f00000|100%| E|CS|TAMS 0x0000000086e00000| PB 0x0000000086e00000| Complete |  0
| 111|0x0000000086f00000, 0x0000000087000000, 0x0000000087000000|100%| E|CS|TAMS 0x0000000086f00000| PB 0x0000000086f00000| Complete |  0
| 112|0x0000000087000000, 0x0000000087100000, 0x0000000087100000|100%| E|CS|TAMS 0x0000000087000000| PB 0x0000000087000000| Complete |  0
| 113|0x0000000087100000, 0x0000000087200000, 0x0000000087200000|100%| E|CS|TAMS 0x0000000087100000| PB 0x0000000087100000| Complete |  0
| 114|0x0000000087200000, 0x0000000087300000, 0x0000000087300000|100%| E|CS|TAMS 0x0000000087200000| PB 0x0000000087200000| Complete |  0
| 115|0x0000000087300000, 0x0000000087400000, 0x0000000087400000|100%| E|CS|TAMS 0x0000000087300000| PB 0x0000000087300000| Complete |  0
| 116|0x0000000087400000, 0x0000000087500000, 0x0000000087500000|100%| E|CS|TAMS 0x0000000087400000| PB 0x0000000087400000| Complete |  0
| 117|0x0000000087500000, 0x0000000087600000, 0x0000000087600000|100%| E|CS|TAMS 0x0000000087500000| PB 0x0000000087500000| Complete |  0
| 118|0x0000000087600000, 0x0000000087700000, 0x0000000087700000|100%| E|CS|TAMS 0x0000000087600000| PB 0x0000000087600000| Complete |  0
| 119|0x0000000087700000, 0x0000000087800000, 0x0000000087800000|100%| E|CS|TAMS 0x0000000087700000| PB 0x0000000087700000| Complete |  0
| 120|0x0000000087800000, 0x0000000087900000, 0x0000000087900000|100%| E|CS|TAMS 0x0000000087800000| PB 0x0000000087800000| Complete |  0
| 121|0x0000000087900000, 0x0000000087a00000, 0x0000000087a00000|100%| E|CS|TAMS 0x0000000087900000| PB 0x0000000087900000| Complete |  0
| 122|0x0000000087a00000, 0x0000000087b00000, 0x0000000087b00000|100%| E|CS|TAMS 0x0000000087a00000| PB 0x0000000087a00000| Complete |  0
| 123|0x0000000087b00000, 0x0000000087c00000, 0x0000000087c00000|100%| E|CS|TAMS 0x0000000087b00000| PB 0x0000000087b00000| Complete |  0
| 124|0x0000000087c00000, 0x0000000087d00000, 0x0000000087d00000|100%| E|CS|TAMS 0x0000000087c00000| PB 0x0000000087c00000| Complete |  0
| 125|0x0000000087d00000, 0x0000000087e00000, 0x0000000087e00000|100%| E|CS|TAMS 0x0000000087d00000| PB 0x0000000087d00000| Complete |  0
| 126|0x0000000087e00000, 0x0000000087f00000, 0x0000000087f00000|100%| E|CS|TAMS 0x0000000087e00000| PB 0x0000000087e00000| Complete |  0
| 127|0x0000000087f00000, 0x0000000088000000, 0x0000000088000000|100%| E|CS|TAMS 0x0000000087f00000| PB 0x0000000087f00000| Complete |  0
| 128|0x0000000088000000, 0x0000000088100000, 0x0000000088100000|100%| E|CS|TAMS 0x0000000088000000| PB 0x0000000088000000| Complete |  0
| 129|0x0000000088100000, 0x0000000088200000, 0x0000000088200000|100%| E|CS|TAMS 0x0000000088100000| PB 0x0000000088100000| Complete |  0
| 130|0x0000000088200000, 0x0000000088300000, 0x0000000088300000|100%| E|CS|TAMS 0x0000000088200000| PB 0x0000000088200000| Complete |  0
| 131|0x0000000088300000, 0x0000000088400000, 0x0000000088400000|100%| E|CS|TAMS 0x0000000088300000| PB 0x0000000088300000| Complete |  0
| 132|0x0000000088400000, 0x0000000088500000, 0x0000000088500000|100%| E|CS|TAMS 0x0000000088400000| PB 0x0000000088400000| Complete |  0
| 133|0x0000000088500000, 0x0000000088600000, 0x0000000088600000|100%| E|CS|TAMS 0x0000000088500000| PB 0x0000000088500000| Complete |  0
| 134|0x0000000088600000, 0x0000000088700000, 0x0000000088700000|100%| E|CS|TAMS 0x0000000088600000| PB 0x0000000088600000| Complete |  0
| 135|0x0000000088700000, 0x0000000088800000, 0x0000000088800000|100%| E|CS|TAMS 0x0000000088700000| PB 0x0000000088700000| Complete |  0
| 136|0x0000000088800000, 0x0000000088900000, 0x0000000088900000|100%| E|CS|TAMS 0x0000000088800000| PB 0x0000000088800000| Complete |  0
| 137|0x0000000088900000, 0x0000000088a00000, 0x0000000088a00000|100%| E|CS|TAMS 0x0000000088900000| PB 0x0000000088900000| Complete |  0
| 138|0x0000000088a00000, 0x0000000088b00000, 0x0000000088b00000|100%| E|CS|TAMS 0x0000000088a00000| PB 0x0000000088a00000| Complete |  0
|2045|0x00000000ffd00000, 0x00000000ffdaebf0, 0x00000000ffe00000| 68%| O|  |TAMS 0x00000000ffd00000| PB 0x00000000ffd00000| Untracked |  0
|2046|0x00000000ffe00000, 0x00000000fff00000, 0x00000000fff00000|100%| O|  |TAMS 0x00000000ffe00000| PB 0x00000000ffe00000| Untracked |  0
|2047|0x00000000fff00000, 0x0000000100000000, 0x0000000100000000|100%| E|CS|TAMS 0x00000000fff00000| PB 0x00000000fff00000| Complete |  0

Card table byte_map: [0x0000015156f50000,0x0000015157350000] _byte_map_base: 0x0000015156b50000

Marking Bits: (CMBitMap*) 0x000001513f0bedd0
 Bits: [0x0000015157350000, 0x0000015159350000)

Polling page: 0x000001513e820000

Metaspace:
Metaspace        used 48671K, committed 50304K, reserved 1114112K
 class space     used 5442K, committed 6208K, reserved 1048576K

Usage:
  Non-class:     42.22 MB used.
      Class:      5.31 MB used.
       Both:     47.53 MB used.

Virtual space:
  Non-class space:       64.00 MB reserved,      43.06 MB ( 67%) committed,  1 nodes.
      Class space:        1.00 GB reserved,       6.06 MB ( <1%) committed,  1 nodes.
             Both:        1.06 GB reserved,      49.12 MB (  5%) committed. 

Chunk freelists:
   Non-Class:  4.42 MB
       Class:  9.81 MB
        Both:  14.23 MB

MaxMetaspaceSize: unlimited
CompressedClassSpaceSize: 1.00 GB
Initial GC threshold: 21.00 MB
Current GC threshold: 80.25 MB
CDS: on
 - commit_granule_bytes: 65536.
 - commit_granule_words: 8192.
 - virtual_space_node_default_size: 8388608.
 - enlarge_chunks_in_place: 1.
UseCompressedClassPointers 1, UseCompactObjectHeaders 0
Narrow klass pointer bits 32, Max shift 3
Narrow klass base: 0x0000000008000000, Narrow klass shift: 0
Encoding Range: [0x0000000008000000 - 0x0000000108000000), (4294967296 bytes)
Klass Range:    [0x0000000008010000 - 0x0000000049000000), (1090453504 bytes)
Klass ID Range:  [65536 - 1090519033) (1090453497)
Protection zone: [0x0000000008000000 - 0x0000000008010000), (65536 bytes)


Internal statistics:

num_allocs_failed_limit: 6.
num_arena_births: 2582.
num_arena_deaths: 2.
num_vsnodes_births: 2.
num_vsnodes_deaths: 0.
num_space_committed: 786.
num_space_uncommitted: 0.
num_chunks_returned_to_freelist: 9.
num_chunks_taken_from_freelist: 4662.
num_chunk_merges: 6.
num_chunk_splits: 3104.
num_chunks_enlarged: 2003.
num_inconsistent_stats: 0.

CodeHeap 'non-profiled nmethods': size=120064Kb used=2912Kb max_used=2989Kb free=117151Kb
 bounds [0x000001514f610000, 0x000001514f900000, 0x0000015156b50000]
CodeHeap 'profiled nmethods': size=120000Kb used=10830Kb max_used=10830Kb free=109169Kb
 bounds [0x0000015147b50000, 0x00000151485f0000, 0x000001514f080000]
CodeHeap 'non-nmethods': size=5696Kb used=1936Kb max_used=2002Kb free=3759Kb
 bounds [0x000001514f080000, 0x000001514f2f0000, 0x000001514f610000]
CodeCache: size=245760Kb, used=15678Kb, max_used=15821Kb, free=230079Kb
 total_blobs=7634, nmethods=6848, adapters=687, full_count=0
Compilation: enabled, stopped_count=0, restarted_count=0

Compilation events (20 events):
Event: 33.948 Thread 0x000001515b925730 7961       4       groovyjarjarantlr4.v4.runtime.atn.ATNConfigSet::isEmpty (8 bytes)
Event: 33.949 Thread 0x000001515b925730 nmethod 7961 0x000001514f768888 code [0x000001514f768980, 0x000001514f768a18]
Event: 33.949 Thread 0x000001515b925730 7968       4       groovyjarjarantlr4.v4.runtime.atn.ATNConfig::setPrecedenceFilterSuppressed (30 bytes)
Event: 33.950 Thread 0x000001515b925730 nmethod 7968 0x000001514f768588 code [0x000001514f768680, 0x000001514f768718]
Event: 33.950 Thread 0x000001515b925730 7972       4       groovyjarjarantlr4.v4.runtime.atn.SingletonPredictionContext::<init> (46 bytes)
Event: 33.952 Thread 0x000001515b925730 nmethod 7972 0x000001514f768208 code [0x000001514f768300, 0x000001514f768520]
Event: 33.955 Thread 0x000001515b925730 8002       4       java.util.stream.Sink$ChainedReference::cancellationRequested (10 bytes)
Event: 33.956 Thread 0x000001515b925730 nmethod 8002 0x000001514f767f08 code [0x000001514f768000, 0x000001514f7680a0]
Event: 33.971 Thread 0x000001515b987b20 8003       1       org.gradle.internal.snapshot.AbstractListChildMap::isEmpty (2 bytes)
Event: 33.972 Thread 0x000001515b987b20 nmethod 8003 0x000001514f767c08 code [0x000001514f767d00, 0x000001514f767dc8]
Event: 33.978 Thread 0x000001515b987b20 8004       3       java.net.InetSocketAddress::getAddress (8 bytes)
Event: 33.978 Thread 0x000001515b987b20 nmethod 8004 0x00000151485cc208 code [0x00000151485cc300, 0x00000151485cc428]
Event: 33.980 Thread 0x000001515b987b20 8005       1       org.gradle.cache.internal.DefaultFileLockManager$DefaultFileLock::access$800 (5 bytes)
Event: 33.980 Thread 0x000001515b987b20 nmethod 8005 0x000001514f767908 code [0x000001514f767a00, 0x000001514f767aa8]
Event: 34.109 Thread 0x000001515b987b20 8006       3       java.net.InetSocketAddress::getPort (8 bytes)
Event: 34.109 Thread 0x000001515b987b20 nmethod 8006 0x00000151485cc508 code [0x00000151485cc600, 0x00000151485cc728]
Event: 34.110 Thread 0x000001515b987b20 8007       3       java.util.concurrent.ThreadPoolExecutor::runStateAtLeast (11 bytes)
Event: 34.110 Thread 0x000001515b987b20 nmethod 8007 0x00000151485cc808 code [0x00000151485cc900, 0x00000151485cca38]
Event: 34.247 Thread 0x000001515b987b20 8008       1       java.nio.channels.FileLock::isShared (5 bytes)
Event: 34.247 Thread 0x000001515b987b20 nmethod 8008 0x000001514f767608 code [0x000001514f767700, 0x000001514f7677c8]

GC Heap Usage History (20 events):
Event: 20.125 {heap Before GC invocations=9 (full 0):
 garbage-first heap   total reserved 2097152K, committed 89088K, used 74488K [0x0000000080000000, 0x0000000100000000)
  region size 1024K, 43 young (44032K), 2 survivors (2048K)
}
Event: 20.137 {heap After GC invocations=10 (full 0):
 garbage-first heap   total reserved 2097152K, committed 89088K, used 36228K [0x0000000080000000, 0x0000000100000000)
  region size 1024K, 5 young (5120K), 5 survivors (5120K)
}
Event: 23.359 {heap Before GC invocations=10 (full 0):
 garbage-first heap   total reserved 2097152K, committed 89088K, used 76164K [0x0000000080000000, 0x0000000100000000)
  region size 1024K, 44 young (45056K), 5 survivors (5120K)
}
Event: 23.380 {heap After GC invocations=11 (full 0):
 garbage-first heap   total reserved 2097152K, committed 89088K, used 37782K [0x0000000080000000, 0x0000000100000000)
  region size 1024K, 5 young (5120K), 5 survivors (5120K)
}
Event: 26.002 {heap Before GC invocations=11 (full 0):
 garbage-first heap   total reserved 2097152K, committed 89088K, used 77718K [0x0000000080000000, 0x0000000100000000)
  region size 1024K, 44 young (45056K), 5 survivors (5120K)
}
Event: 26.021 {heap After GC invocations=12 (full 0):
 garbage-first heap   total reserved 2097152K, committed 89088K, used 41984K [0x0000000080000000, 0x0000000100000000)
  region size 1024K, 6 young (6144K), 6 survivors (6144K)
}
Event: 26.828 {heap Before GC invocations=12 (full 0):
 garbage-first heap   total reserved 2097152K, committed 89088K, used 78848K [0x0000000080000000, 0x0000000100000000)
  region size 1024K, 42 young (43008K), 6 survivors (6144K)
}
Event: 26.853 {heap After GC invocations=13 (full 0):
 garbage-first heap   total reserved 2097152K, committed 89088K, used 45056K [0x0000000080000000, 0x0000000100000000)
  region size 1024K, 3 young (3072K), 3 survivors (3072K)
}
Event: 27.179 {heap Before GC invocations=13 (full 0):
 garbage-first heap   total reserved 2097152K, committed 89088K, used 79872K [0x0000000080000000, 0x0000000100000000)
  region size 1024K, 37 young (37888K), 3 survivors (3072K)
}
Event: 27.197 {heap After GC invocations=14 (full 0):
 garbage-first heap   total reserved 2097152K, committed 89088K, used 47453K [0x0000000080000000, 0x0000000100000000)
  region size 1024K, 3 young (3072K), 3 survivors (3072K)
}
Event: 27.743 {heap Before GC invocations=15 (full 0):
 garbage-first heap   total reserved 2097152K, committed 89088K, used 80221K [0x0000000080000000, 0x0000000100000000)
  region size 1024K, 35 young (35840K), 3 survivors (3072K)
}
Event: 27.758 {heap After GC invocations=16 (full 0):
 garbage-first heap   total reserved 2097152K, committed 89088K, used 48891K [0x0000000080000000, 0x0000000100000000)
  region size 1024K, 5 young (5120K), 5 survivors (5120K)
}
Event: 27.992 {heap Before GC invocations=16 (full 0):
 garbage-first heap   total reserved 2097152K, committed 89088K, used 79611K [0x0000000080000000, 0x0000000100000000)
  region size 1024K, 35 young (35840K), 5 survivors (5120K)
}
Event: 28.010 {heap After GC invocations=17 (full 0):
 garbage-first heap   total reserved 2097152K, committed 89088K, used 49524K [0x0000000080000000, 0x0000000100000000)
  region size 1024K, 4 young (4096K), 4 survivors (4096K)
}
Event: 29.346 {heap Before GC invocations=17 (full 0):
 garbage-first heap   total reserved 2097152K, committed 89088K, used 81268K [0x0000000080000000, 0x0000000100000000)
  region size 1024K, 35 young (35840K), 4 survivors (4096K)
}
Event: 29.364 {heap After GC invocations=18 (full 0):
 garbage-first heap   total reserved 2097152K, committed 89088K, used 51622K [0x0000000080000000, 0x0000000100000000)
  region size 1024K, 4 young (4096K), 4 survivors (4096K)
}
Event: 30.296 {heap Before GC invocations=19 (full 0):
 garbage-first heap   total reserved 2097152K, committed 89088K, used 81318K [0x0000000080000000, 0x0000000100000000)
  region size 1024K, 33 young (33792K), 4 survivors (4096K)
}
Event: 30.316 {heap After GC invocations=20 (full 0):
 garbage-first heap   total reserved 2097152K, committed 89088K, used 53503K [0x0000000080000000, 0x0000000100000000)
  region size 1024K, 5 young (5120K), 5 survivors (5120K)
}
Event: 30.481 {heap Before GC invocations=20 (full 0):
 garbage-first heap   total reserved 2097152K, committed 89088K, used 82175K [0x0000000080000000, 0x0000000100000000)
  region size 1024K, 32 young (32768K), 5 survivors (5120K)
}
Event: 30.504 {heap After GC invocations=21 (full 0):
 garbage-first heap   total reserved 2097152K, committed 145408K, used 54970K [0x0000000080000000, 0x0000000100000000)
  region size 1024K, 2 young (2048K), 2 survivors (2048K)
}

Metaspace Usage History (20 events):
Event: 20.125 {metaspace Before GC invocations=9 (full 0):
 Metaspace       used 38982K, committed 40320K, reserved 1114112K
  class space    used 4387K, committed 4992K, reserved 1048576K
}
Event: 20.137 {metaspace After GC invocations=10 (full 0):
 Metaspace       used 38982K, committed 40320K, reserved 1114112K
  class space    used 4387K, committed 4992K, reserved 1048576K
}
Event: 23.359 {metaspace Before GC invocations=10 (full 0):
 Metaspace       used 41903K, committed 43264K, reserved 1114112K
  class space    used 4767K, committed 5440K, reserved 1048576K
}
Event: 23.380 {metaspace After GC invocations=11 (full 0):
 Metaspace       used 41903K, committed 43264K, reserved 1114112K
  class space    used 4767K, committed 5440K, reserved 1048576K
}
Event: 26.002 {metaspace Before GC invocations=11 (full 0):
 Metaspace       used 47164K, committed 48704K, reserved 1114112K
  class space    used 5338K, committed 6080K, reserved 1048576K
}
Event: 26.021 {metaspace After GC invocations=12 (full 0):
 Metaspace       used 47164K, committed 48704K, reserved 1114112K
  class space    used 5338K, committed 6080K, reserved 1048576K
}
Event: 26.828 {metaspace Before GC invocations=12 (full 0):
 Metaspace       used 47226K, committed 48704K, reserved 1114112K
  class space    used 5345K, committed 6080K, reserved 1048576K
}
Event: 26.853 {metaspace After GC invocations=13 (full 0):
 Metaspace       used 47226K, committed 48704K, reserved 1114112K
  class space    used 5345K, committed 6080K, reserved 1048576K
}
Event: 27.179 {metaspace Before GC invocations=13 (full 0):
 Metaspace       used 47229K, committed 48704K, reserved 1114112K
  class space    used 5346K, committed 6080K, reserved 1048576K
}
Event: 27.197 {metaspace After GC invocations=14 (full 0):
 Metaspace       used 47229K, committed 48704K, reserved 1114112K
  class space    used 5346K, committed 6080K, reserved 1048576K
}
Event: 27.743 {metaspace Before GC invocations=15 (full 0):
 Metaspace       used 47218K, committed 48704K, reserved 1114112K
  class space    used 5343K, committed 6080K, reserved 1048576K
}
Event: 27.758 {metaspace After GC invocations=16 (full 0):
 Metaspace       used 47218K, committed 48704K, reserved 1114112K
  class space    used 5343K, committed 6080K, reserved 1048576K
}
Event: 27.992 {metaspace Before GC invocations=16 (full 0):
 Metaspace       used 47226K, committed 48704K, reserved 1114112K
  class space    used 5343K, committed 6080K, reserved 1048576K
}
Event: 28.010 {metaspace After GC invocations=17 (full 0):
 Metaspace       used 47226K, committed 48704K, reserved 1114112K
  class space    used 5343K, committed 6080K, reserved 1048576K
}
Event: 29.346 {metaspace Before GC invocations=17 (full 0):
 Metaspace       used 47634K, committed 49152K, reserved 1114112K
  class space    used 5371K, committed 6080K, reserved 1048576K
}
Event: 29.364 {metaspace After GC invocations=18 (full 0):
 Metaspace       used 47634K, committed 49152K, reserved 1114112K
  class space    used 5371K, committed 6080K, reserved 1048576K
}
Event: 30.296 {metaspace Before GC invocations=19 (full 0):
 Metaspace       used 47893K, committed 49344K, reserved 1114112K
  class space    used 5385K, committed 6080K, reserved 1048576K
}
Event: 30.316 {metaspace After GC invocations=20 (full 0):
 Metaspace       used 47893K, committed 49344K, reserved 1114112K
  class space    used 5385K, committed 6080K, reserved 1048576K
}
Event: 30.481 {metaspace Before GC invocations=20 (full 0):
 Metaspace       used 47894K, committed 49344K, reserved 1114112K
  class space    used 5385K, committed 6080K, reserved 1048576K
}
Event: 30.504 {metaspace After GC invocations=21 (full 0):
 Metaspace       used 47894K, committed 49344K, reserved 1114112K
  class space    used 5385K, committed 6080K, reserved 1048576K
}

Dll operation events (14 events):
Event: 0.043 Loaded shared library C:\Program Files\Eclipse Adoptium\jdk-25.0.1.8-hotspot\bin\java.dll
Event: 0.249 Loaded shared library C:\Program Files\Eclipse Adoptium\jdk-25.0.1.8-hotspot\bin\zip.dll
Event: 0.259 Loaded shared library C:\Program Files\Eclipse Adoptium\jdk-25.0.1.8-hotspot\bin\instrument.dll
Event: 0.270 Loaded shared library C:\Program Files\Eclipse Adoptium\jdk-25.0.1.8-hotspot\bin\net.dll
Event: 0.275 Loaded shared library C:\Program Files\Eclipse Adoptium\jdk-25.0.1.8-hotspot\bin\nio.dll
Event: 0.282 Loaded shared library C:\Program Files\Eclipse Adoptium\jdk-25.0.1.8-hotspot\bin\zip.dll
Event: 1.041 Loaded shared library C:\Program Files\Eclipse Adoptium\jdk-25.0.1.8-hotspot\bin\jimage.dll
Event: 1.624 Loaded shared library C:\Program Files\Eclipse Adoptium\jdk-25.0.1.8-hotspot\bin\verify.dll
Event: 1.691 Loaded shared library C:\Users\ACER\.gradle\native\660c5614fbf4a5f2a75b1949f50a0caf5cd603558e7d8a26e50b933a0cfb79d1\windows-amd64\native-platform.dll
Event: 1.720 Loaded shared library C:\Users\ACER\.gradle\native\0.2.8\x86_64-windows-gnu\gradle-fileevents.dll
Event: 4.860 Loaded shared library C:\Program Files\Eclipse Adoptium\jdk-25.0.1.8-hotspot\bin\management.dll
Event: 4.867 Loaded shared library C:\Program Files\Eclipse Adoptium\jdk-25.0.1.8-hotspot\bin\management_ext.dll
Event: 5.550 Loaded shared library C:\Program Files\Eclipse Adoptium\jdk-25.0.1.8-hotspot\bin\extnet.dll
Event: 6.350 Loaded shared library C:\Program Files\Eclipse Adoptium\jdk-25.0.1.8-hotspot\bin\sunmscapi.dll

Deoptimization events (20 events):
Event: 33.829 Thread 0x0000015160a7b460 DEOPT PACKING pc=0x000001514f8e5878 sp=0x0000004e596f56d0
Event: 33.829 Thread 0x0000015160a7b460 DEOPT UNPACKING pc=0x000001514f109102 sp=0x0000004e596f56e8 mode 2
Event: 33.837 Thread 0x0000015160a7b460 Uncommon trap: trap_request=0xffffff45 fr.pc=0x000001514f859148 relative=0x00000000000022c8
Event: 33.837 Thread 0x0000015160a7b460 Uncommon trap: reason=unstable_if action=reinterpret pc=0x000001514f859148 method=groovyjarjarantlr4.v4.runtime.atn.ParserATNSimulator.closure(Lgroovyjarjarantlr4/v4/runtime/atn/ATNConfig;Lgroovyjarjarantlr4/v4/runtime/atn/ATNConfigSet;Lgroovyjarjarantlr4
Event: 33.837 Thread 0x0000015160a7b460 DEOPT PACKING pc=0x000001514f859148 sp=0x0000004e596f5430
Event: 33.837 Thread 0x0000015160a7b460 DEOPT UNPACKING pc=0x000001514f109102 sp=0x0000004e596f53d8 mode 2
Event: 33.838 Thread 0x0000015160a7b460 Uncommon trap: trap_request=0xffffff45 fr.pc=0x000001514f8e10ec relative=0x000000000000006c
Event: 33.838 Thread 0x0000015160a7b460 Uncommon trap: reason=unstable_if action=reinterpret pc=0x000001514f8e10ec method=groovyjarjarantlr4.v4.runtime.atn.ParserATNSimulator.isAcceptState(Lgroovyjarjarantlr4/v4/runtime/dfa/DFAState;Z)Z @ 22 c2
Event: 33.838 Thread 0x0000015160a7b460 DEOPT PACKING pc=0x000001514f8e10ec sp=0x0000004e596f58a0
Event: 33.838 Thread 0x0000015160a7b460 DEOPT UNPACKING pc=0x000001514f109102 sp=0x0000004e596f5828 mode 2
Event: 33.854 Thread 0x0000015160a7b460 DEOPT PACKING pc=0x0000015147f701df sp=0x0000004e596f47b0
Event: 33.854 Thread 0x0000015160a7b460 DEOPT UNPACKING pc=0x000001514f0d1702 sp=0x0000004e596f3d10 mode 0
Event: 33.880 Thread 0x0000015160a7b460 Uncommon trap: trap_request=0xffffff45 fr.pc=0x000001514f71e080 relative=0x0000000000000100
Event: 33.880 Thread 0x0000015160a7b460 Uncommon trap: reason=unstable_if action=reinterpret pc=0x000001514f71e080 method=org.codehaus.groovy.ast.ClassNode.getSuperClass()Lorg/codehaus/groovy/ast/ClassNode; @ 4 c2
Event: 33.880 Thread 0x0000015160a7b460 DEOPT PACKING pc=0x000001514f71e080 sp=0x0000004e596f55d0
Event: 33.880 Thread 0x0000015160a7b460 DEOPT UNPACKING pc=0x000001514f109102 sp=0x0000004e596f5560 mode 2
Event: 33.931 Thread 0x0000015160a7b460 Uncommon trap: trap_request=0xffffff6e fr.pc=0x000001514f71d9f8 relative=0x00000000000000f8
Event: 33.931 Thread 0x0000015160a7b460 Uncommon trap: reason=predicate action=maybe_recompile pc=0x000001514f71d9f8 method=java.util.Arrays.fill([Ljava/lang/Object;Ljava/lang/Object;)V @ 7 c2
Event: 33.931 Thread 0x0000015160a7b460 DEOPT PACKING pc=0x000001514f71d9f8 sp=0x0000004e596f6c70
Event: 33.931 Thread 0x0000015160a7b460 DEOPT UNPACKING pc=0x000001514f109102 sp=0x0000004e596f6bf8 mode 2

Classes loaded (20 events):
Event: 29.183 Loading class java/io/Set
Event: 29.183 Loading class java/io/Set done
Event: 29.189 Loading class java/net/Set
Event: 29.189 Loading class java/net/Set done
Event: 29.240 Loading class java/lang/HashSet
Event: 29.240 Loading class java/lang/HashSet done
Event: 29.244 Loading class java/io/HashSet
Event: 29.244 Loading class java/io/HashSet done
Event: 29.246 Loading class java/net/HashSet
Event: 29.246 Loading class java/net/HashSet done
Event: 29.262 Loading class java/lang/Objects
Event: 29.262 Loading class java/lang/Objects done
Event: 29.268 Loading class java/io/Objects
Event: 29.268 Loading class java/io/Objects done
Event: 29.281 Loading class java/net/Objects
Event: 29.281 Loading class java/net/Objects done
Event: 29.331 Loading class java/util/Stack
Event: 29.332 Loading class java/util/Stack done
Event: 29.416 Loading class java/util/LinkedList$DescendingIterator
Event: 29.416 Loading class java/util/LinkedList$DescendingIterator done

Classes unloaded (3 events):
Event: 27.501 Thread 0x000001515b906c40 Unloading class 0x00000000095788f0 '_BuildScript_$_run_closure1$_closure2'
Event: 27.501 Thread 0x000001515b906c40 Unloading class 0x0000000009578500 '_BuildScript_$_run_closure1'
Event: 27.501 Thread 0x000001515b906c40 Unloading class 0x0000000009578000 '_BuildScript_'

Classes redefined (0 events):
No events

Internal exceptions (20 events):
Event: 33.670 Thread 0x0000015160a7b460 Exception <a 'sun/nio/fs/WindowsException'{0x00000000858a56e0}> (0x00000000858a56e0) 
thrown [s\src\hotspot\share\prims\jni.cpp, line 516]
Event: 33.673 Thread 0x0000015160a7b460 Exception <a 'sun/nio/fs/WindowsException'{0x00000000858aeb50}> (0x00000000858aeb50) 
thrown [s\src\hotspot\share\prims\jni.cpp, line 516]
Event: 33.698 Thread 0x0000015160a7b460 Exception <a 'sun/nio/fs/WindowsException'{0x00000000858ba080}> (0x00000000858ba080) 
thrown [s\src\hotspot\share\prims\jni.cpp, line 516]
Event: 33.709 Thread 0x000001515bd2b840 Exception <a 'java/io/IOException'{0x0000000085731d48}> (0x0000000085731d48) 
thrown [s\src\hotspot\share\prims\jni.cpp, line 516]
Event: 33.715 Thread 0x000001515bd2b840 Exception <a 'sun/nio/fs/WindowsException'{0x0000000085735998}> (0x0000000085735998) 
thrown [s\src\hotspot\share\prims\jni.cpp, line 516]
Event: 33.716 Thread 0x000001515bd2b840 Exception <a 'sun/nio/fs/WindowsException'{0x0000000085736008}> (0x0000000085736008) 
thrown [s\src\hotspot\share\prims\jni.cpp, line 516]
Event: 33.720 Thread 0x000001515bd2b840 Exception <a 'sun/nio/fs/WindowsException'{0x0000000085745330}> (0x0000000085745330) 
thrown [s\src\hotspot\share\prims\jni.cpp, line 516]
Event: 33.725 Thread 0x000001515bd2b840 Exception <a 'sun/nio/fs/WindowsException'{0x0000000085760990}> (0x0000000085760990) 
thrown [s\src\hotspot\share\prims\jni.cpp, line 516]
Event: 33.731 Thread 0x000001515bd2b840 Exception <a 'sun/nio/fs/WindowsException'{0x0000000085771058}> (0x0000000085771058) 
thrown [s\src\hotspot\share\prims\jni.cpp, line 516]
Event: 33.737 Thread 0x000001515bd2b840 Exception <a 'sun/nio/fs/WindowsException'{0x000000008577efe8}> (0x000000008577efe8) 
thrown [s\src\hotspot\share\prims\jni.cpp, line 516]
Event: 33.740 Thread 0x000001515bd2b840 Exception <a 'sun/nio/fs/WindowsException'{0x00000000857882d0}> (0x00000000857882d0) 
thrown [s\src\hotspot\share\prims\jni.cpp, line 516]
Event: 33.759 Thread 0x0000015160a7b460 Exception <a 'java/lang/ClassNotFoundException'{0x0000000085790660}: init_babvkc140p9gqzgzqh4hwywjlBeanInfo> (0x0000000085790660) 
thrown [s\src\hotspot\share\classfile\systemDictionary.cpp, line 327]
Event: 33.760 Thread 0x0000015160a7b460 Exception <a 'java/lang/ClassNotFoundException'{0x0000000085796c78}: init_babvkc140p9gqzgzqh4hwywjlCustomizer> (0x0000000085796c78) 
thrown [s\src\hotspot\share\classfile\systemDictionary.cpp, line 327]
Event: 33.787 Thread 0x0000015160a7b460 Exception <a 'sun/nio/fs/WindowsException'{0x00000000857d5470}> (0x00000000857d5470) 
thrown [s\src\hotspot\share\prims\jni.cpp, line 516]
Event: 33.797 Thread 0x0000015160a7b460 Exception <a 'java/io/IOException'{0x00000000857df970}> (0x00000000857df970) 
thrown [s\src\hotspot\share\prims\jni.cpp, line 516]
Event: 33.937 Thread 0x0000015160a7b460 Exception <a 'sun/nio/fs/WindowsException'{0x00000000852fc9e0}> (0x00000000852fc9e0) 
thrown [s\src\hotspot\share\prims\jni.cpp, line 516]
Event: 33.938 Thread 0x0000015160a7b460 Exception <a 'sun/nio/fs/WindowsException'{0x00000000852fe380}> (0x00000000852fe380) 
thrown [s\src\hotspot\share\prims\jni.cpp, line 516]
Event: 33.942 Thread 0x0000015160a7b460 Exception <a 'sun/nio/fs/WindowsException'{0x0000000085110058}> (0x0000000085110058) 
thrown [s\src\hotspot\share\prims\jni.cpp, line 516]
Event: 33.956 Thread 0x0000015160a7b460 Exception <a 'sun/nio/fs/WindowsException'{0x0000000085120728}> (0x0000000085120728) 
thrown [s\src\hotspot\share\prims\jni.cpp, line 516]
Event: 33.963 Thread 0x0000015160a7b460 Exception <a 'sun/nio/fs/WindowsException'{0x00000000851296b0}> (0x00000000851296b0) 
thrown [s\src\hotspot\share\prims\jni.cpp, line 516]

VM Operations (20 events):
Event: 27.179 Executing safepoint VM operation: G1CollectForAllocation (G1 Evacuation Pause)
Event: 27.197 Executing safepoint VM operation: G1CollectForAllocation (G1 Evacuation Pause) done
Event: 27.500 Executing safepoint VM operation: G1PauseRemark
Event: 27.519 Executing safepoint VM operation: G1PauseRemark done
Event: 27.595 Executing safepoint VM operation: G1PauseCleanup
Event: 27.604 Executing safepoint VM operation: G1PauseCleanup done
Event: 27.743 Executing safepoint VM operation: G1CollectForAllocation (G1 Evacuation Pause)
Event: 27.758 Executing safepoint VM operation: G1CollectForAllocation (G1 Evacuation Pause) done
Event: 27.992 Executing safepoint VM operation: G1CollectForAllocation (G1 Evacuation Pause)
Event: 28.010 Executing safepoint VM operation: G1CollectForAllocation (G1 Evacuation Pause) done
Event: 29.346 Executing safepoint VM operation: G1CollectForAllocation (G1 Evacuation Pause)
Event: 29.364 Executing safepoint VM operation: G1CollectForAllocation (G1 Evacuation Pause) done
Event: 29.628 Executing safepoint VM operation: G1PauseRemark
Event: 29.637 Executing safepoint VM operation: G1PauseRemark done
Event: 29.723 Executing safepoint VM operation: G1PauseCleanup
Event: 29.723 Executing safepoint VM operation: G1PauseCleanup done
Event: 30.296 Executing safepoint VM operation: G1CollectForAllocation (G1 Evacuation Pause)
Event: 30.316 Executing safepoint VM operation: G1CollectForAllocation (G1 Evacuation Pause) done
Event: 30.481 Executing safepoint VM operation: G1CollectForAllocation (G1 Evacuation Pause)
Event: 30.504 Executing safepoint VM operation: G1CollectForAllocation (G1 Evacuation Pause) done

Memory protections (0 events):
No events

Nmethod flushes (20 events):
Event: 29.636 Thread 0x000001515b906c40 flushing  nmethod 0x00000151480f0f88
Event: 29.636 Thread 0x000001515b906c40 flushing  nmethod 0x00000151480f1a88
Event: 29.636 Thread 0x000001515b906c40 flushing  nmethod 0x00000151480f1e88
Event: 29.636 Thread 0x000001515b906c40 flushing  nmethod 0x00000151480f3388
Event: 29.636 Thread 0x000001515b906c40 flushing  nmethod 0x00000151480f3688
Event: 29.636 Thread 0x000001515b906c40 flushing  nmethod 0x00000151480f3c88
Event: 29.636 Thread 0x000001515b906c40 flushing  nmethod 0x00000151481ab008
Event: 29.636 Thread 0x000001515b906c40 flushing  nmethod 0x00000151481ad708
Event: 29.636 Thread 0x000001515b906c40 flushing  nmethod 0x000001514821b308
Event: 29.636 Thread 0x000001515b906c40 flushing  nmethod 0x000001514821bc88
Event: 29.636 Thread 0x000001515b906c40 flushing  nmethod 0x0000015148280708
Event: 29.636 Thread 0x000001515b906c40 flushing  nmethod 0x00000151482c8888
Event: 29.636 Thread 0x000001515b906c40 flushing  nmethod 0x00000151482c8c88
Event: 29.636 Thread 0x000001515b906c40 flushing  nmethod 0x00000151482c9188
Event: 29.636 Thread 0x000001515b906c40 flushing  nmethod 0x00000151482c9488
Event: 29.636 Thread 0x000001515b906c40 flushing  nmethod 0x00000151482cae08
Event: 29.636 Thread 0x000001515b906c40 flushing  nmethod 0x000001514830f308
Event: 29.636 Thread 0x000001515b906c40 flushing  nmethod 0x000001514843c088
Event: 29.636 Thread 0x000001515b906c40 flushing  nmethod 0x000001514843ce88
Event: 29.636 Thread 0x000001515b906c40 flushing  nmethod 0x000001514843d308

Events (20 events):
Event: 17.451 Thread 0x0000015160a7b460 Thread added: 0x0000015161985070
Event: 17.925 Thread 0x000001515b9b0d80 Thread exited: 0x000001515b9b0d80
Event: 19.180 Thread 0x000001515b925730 Thread added: 0x0000015160069900
Event: 23.052 Thread 0x0000015160a7b460 Thread added: 0x000001516198c5a0
Event: 23.062 Thread 0x0000015160069900 Thread exited: 0x0000015160069900
Event: 23.585 Thread 0x000001515b987b20 Thread added: 0x00000151600680d0
Event: 24.012 Thread 0x00000151600680d0 Thread exited: 0x00000151600680d0
Event: 24.029 Thread 0x000001515b987b20 Thread added: 0x000001516006c960
Event: 24.175 Thread 0x000001516006c960 Thread exited: 0x000001516006c960
Event: 24.337 Thread 0x000001515b987b20 Thread added: 0x000001516006d170
Event: 24.940 Thread 0x000001516006d170 Thread exited: 0x000001516006d170
Event: 26.047 Thread 0x000001515b987b20 Thread added: 0x000001516006f1b0
Event: 28.526 Thread 0x000001516006f1b0 Thread exited: 0x000001516006f1b0
Event: 29.620 Thread 0x000001515b987b20 Thread added: 0x000001516006b940
Event: 30.160 Thread 0x000001516006b940 Thread exited: 0x000001516006b940
Event: 31.997 Thread 0x000001515b987b20 Thread added: 0x000001516006f1b0
Event: 32.390 Thread 0x000001516006f1b0 Thread exited: 0x000001516006f1b0
Event: 32.454 Thread 0x000001515b987b20 Thread added: 0x00000151600680d0
Event: 32.834 Thread 0x00000151600680d0 Thread exited: 0x00000151600680d0
Event: 33.855 Thread 0x000001515b987b20 Thread added: 0x000001516006c150


Dynamic libraries:
0x00007ff7f2c40000 - 0x00007ff7f2c4e000 	C:\Program Files\Eclipse Adoptium\jdk-25.0.1.8-hotspot\bin\java.exe
0x00007ffae56d0000 - 0x00007ffae58e7000 	C:\Windows\SYSTEM32\ntdll.dll
0x00007ffae4330000 - 0x00007ffae43f4000 	C:\Windows\System32\KERNEL32.DLL
0x00007ffae2a80000 - 0x00007ffae2e37000 	C:\Windows\System32\KERNELBASE.dll
0x00007ffae2e40000 - 0x00007ffae2f51000 	C:\Windows\System32\ucrtbase.dll
0x00007ffacb6d0000 - 0x00007ffacb6ee000 	C:\Program Files\Eclipse Adoptium\jdk-25.0.1.8-hotspot\bin\VCRUNTIME140.dll
0x00007ffac0940000 - 0x00007ffac0956000 	C:\Program Files\Eclipse Adoptium\jdk-25.0.1.8-hotspot\bin\jli.dll
0x00007ffae3760000 - 0x00007ffae390f000 	C:\Windows\System32\USER32.dll
0x00007ffacbc70000 - 0x00007ffacbf03000 	C:\Windows\WinSxS\amd64_microsoft.windows.common-controls_6595b64144ccf1df_6.0.22621.3672_none_2713b9d173822955\COMCTL32.dll
0x00007ffae3170000 - 0x00007ffae3196000 	C:\Windows\System32\win32u.dll
0x00007ffae54f0000 - 0x00007ffae5597000 	C:\Windows\System32\msvcrt.dll
0x00007ffae4de0000 - 0x00007ffae4e09000 	C:\Windows\System32\GDI32.dll
0x00007ffae3220000 - 0x00007ffae3338000 	C:\Windows\System32\gdi32full.dll
0x00007ffae29e0000 - 0x00007ffae2a7a000 	C:\Windows\System32\msvcp_win.dll
0x00007ffae4570000 - 0x00007ffae45a1000 	C:\Windows\System32\IMM32.DLL
0x00007ffacb730000 - 0x00007ffacb73c000 	C:\Program Files\Eclipse Adoptium\jdk-25.0.1.8-hotspot\bin\vcruntime140_1.dll
0x00007ffa9bc10000 - 0x00007ffa9bc9d000 	C:\Program Files\Eclipse Adoptium\jdk-25.0.1.8-hotspot\bin\msvcp140.dll
0x00007ffa4d760000 - 0x00007ffa4e686000 	C:\Program Files\Eclipse Adoptium\jdk-25.0.1.8-hotspot\bin\server\jvm.dll
0x00007ffae44b0000 - 0x00007ffae4562000 	C:\Windows\System32\ADVAPI32.dll
0x00007ffae4d30000 - 0x00007ffae4dd8000 	C:\Windows\System32\sechost.dll
0x00007ffae2f60000 - 0x00007ffae2f88000 	C:\Windows\System32\bcrypt.dll
0x00007ffae3640000 - 0x00007ffae3754000 	C:\Windows\System32\RPCRT4.dll
0x00007ffae3400000 - 0x00007ffae3471000 	C:\Windows\System32\WS2_32.dll
0x00007ffae28b0000 - 0x00007ffae28fd000 	C:\Windows\SYSTEM32\POWRPROF.dll
0x00007ffadb820000 - 0x00007ffadb854000 	C:\Windows\SYSTEM32\WINMM.dll
0x00007ffadb130000 - 0x00007ffadb13a000 	C:\Windows\SYSTEM32\VERSION.dll
0x00007ffae2890000 - 0x00007ffae28a3000 	C:\Windows\SYSTEM32\UMPDC.dll
0x00007ffae1990000 - 0x00007ffae19a8000 	C:\Windows\SYSTEM32\kernel.appcore.dll
0x00007ffac0930000 - 0x00007ffac093a000 	C:\Program Files\Eclipse Adoptium\jdk-25.0.1.8-hotspot\bin\jimage.dll
0x00007ffac9eb0000 - 0x00007ffaca0e2000 	C:\Windows\SYSTEM32\DBGHELP.DLL
0x00007ffae45b0000 - 0x00007ffae493e000 	C:\Windows\System32\combase.dll
0x00007ffae4940000 - 0x00007ffae4a17000 	C:\Windows\System32\OLEAUT32.dll
0x00007ffac4e00000 - 0x00007ffac4e32000 	C:\Windows\SYSTEM32\dbgcore.DLL
0x00007ffae31a0000 - 0x00007ffae321b000 	C:\Windows\System32\bcryptPrimitives.dll
0x00007ffabdb90000 - 0x00007ffabdb9f000 	C:\Program Files\Eclipse Adoptium\jdk-25.0.1.8-hotspot\bin\instrument.dll
0x00007ffab38f0000 - 0x00007ffab390e000 	C:\Program Files\Eclipse Adoptium\jdk-25.0.1.8-hotspot\bin\java.dll
0x00007ffae4a20000 - 0x00007ffae4bc5000 	C:\Windows\System32\ole32.dll
0x00007ffae3ac0000 - 0x00007ffae4329000 	C:\Windows\System32\SHELL32.dll
0x00007ffae0900000 - 0x00007ffae11ff000 	C:\Windows\SYSTEM32\windows.storage.dll
0x00007ffae07c0000 - 0x00007ffae08ff000 	C:\Windows\SYSTEM32\wintypes.dll
0x00007ffae4e30000 - 0x00007ffae4f29000 	C:\Windows\System32\SHCORE.dll
0x00007ffae55a0000 - 0x00007ffae55fe000 	C:\Windows\System32\shlwapi.dll
0x00007ffae2910000 - 0x00007ffae2937000 	C:\Windows\SYSTEM32\profapi.dll
0x00007ffab2130000 - 0x00007ffab2147000 	C:\Program Files\Eclipse Adoptium\jdk-25.0.1.8-hotspot\bin\zip.dll
0x00007ffaae420000 - 0x00007ffaae431000 	C:\Program Files\Eclipse Adoptium\jdk-25.0.1.8-hotspot\bin\net.dll
0x00007ffae1e50000 - 0x00007ffae1eb9000 	C:\Windows\system32\mswsock.dll
0x00007ffaa7020000 - 0x00007ffaa7036000 	C:\Program Files\Eclipse Adoptium\jdk-25.0.1.8-hotspot\bin\nio.dll
0x00007ffabdb80000 - 0x00007ffabdb90000 	C:\Program Files\Eclipse Adoptium\jdk-25.0.1.8-hotspot\bin\verify.dll
0x00007ffac5550000 - 0x00007ffac5577000 	C:\Users\ACER\.gradle\native\660c5614fbf4a5f2a75b1949f50a0caf5cd603558e7d8a26e50b933a0cfb79d1\windows-amd64\native-platform.dll
0x00007ffa9bca0000 - 0x00007ffa9bd17000 	C:\Users\ACER\.gradle\native\0.2.8\x86_64-windows-gnu\gradle-fileevents.dll
0x00007ffabda20000 - 0x00007ffabda2a000 	C:\Program Files\Eclipse Adoptium\jdk-25.0.1.8-hotspot\bin\management.dll
0x00007ffabc8a0000 - 0x00007ffabc8ac000 	C:\Program Files\Eclipse Adoptium\jdk-25.0.1.8-hotspot\bin\management_ext.dll
0x00007ffae4f90000 - 0x00007ffae4f98000 	C:\Windows\System32\PSAPI.DLL
0x00007ffae1460000 - 0x00007ffae148d000 	C:\Windows\SYSTEM32\IPHLPAPI.DLL
0x00007ffae4e20000 - 0x00007ffae4e29000 	C:\Windows\System32\NSI.dll
0x00007ffabbf60000 - 0x00007ffabbf69000 	C:\Program Files\Eclipse Adoptium\jdk-25.0.1.8-hotspot\bin\extnet.dll
0x00007ffae2070000 - 0x00007ffae208b000 	C:\Windows\SYSTEM32\CRYPTSP.dll
0x00007ffae1950000 - 0x00007ffae1985000 	C:\Windows\system32\rsaenh.dll
0x00007ffae1f00000 - 0x00007ffae1f28000 	C:\Windows\SYSTEM32\USERENV.dll
0x00007ffae2060000 - 0x00007ffae206c000 	C:\Windows\SYSTEM32\CRYPTBASE.dll
0x00007ffabbc70000 - 0x00007ffabbc7e000 	C:\Program Files\Eclipse Adoptium\jdk-25.0.1.8-hotspot\bin\sunmscapi.dll
0x00007ffae2f90000 - 0x00007ffae30f6000 	C:\Windows\System32\CRYPT32.dll
0x00007ffae22b0000 - 0x00007ffae22dd000 	C:\Windows\SYSTEM32\ncrypt.dll
0x00007ffae2270000 - 0x00007ffae22a7000 	C:\Windows\SYSTEM32\NTASN1.dll
0x00007ffad9dc0000 - 0x00007ffad9dc8000 	C:\Windows\system32\wshunix.dll
0x00007ffae1b00000 - 0x00007ffae1b34000 	C:\Windows\SYSTEM32\ntmarta.dll

JVMTI agents:
C:\Users\ACER\.gradle\wrapper\dists\gradle-9.3.1-bin\23ovyewtku6u96viwx3xl3oks\gradle-9.3.1\lib\agents\gradle-instrumentation-agent-9.3.1.jar path:C:\Program Files\Eclipse Adoptium\jdk-25.0.1.8-hotspot\bin\instrument.dll, loaded, initialized, instrumentlib options:none

dbghelp: loaded successfully - version: 4.0.5 - missing functions: none
symbol engine: initialized successfully - sym options: 0x614 - pdb path: .;C:\Program Files\Eclipse Adoptium\jdk-25.0.1.8-hotspot\bin;C:\Windows\SYSTEM32;C:\Windows\WinSxS\amd64_microsoft.windows.common-controls_6595b64144ccf1df_6.0.22621.3672_none_2713b9d173822955;C:\Program Files\Eclipse Adoptium\jdk-25.0.1.8-hotspot\bin\server;C:\Users\ACER\.gradle\native\660c5614fbf4a5f2a75b1949f50a0caf5cd603558e7d8a26e50b933a0cfb79d1\windows-amd64;C:\Users\ACER\.gradle\native\0.2.8\x86_64-windows-gnu

VM Arguments:
jvm_args: --add-opens=java.base/java.lang=ALL-UNNAMED --add-opens=java.base/java.lang.invoke=ALL-UNNAMED --add-opens=java.base/java.util=ALL-UNNAMED --add-opens=java.prefs/java.util.prefs=ALL-UNNAMED --add-exports=jdk.compiler/com.sun.tools.javac.api=ALL-UNNAMED --add-exports=jdk.compiler/com.sun.tools.javac.util=ALL-UNNAMED --add-opens=java.base/java.util=ALL-UNNAMED --add-opens=java.prefs/java.util.prefs=ALL-UNNAMED --add-opens=java.base/java.nio.charset=ALL-UNNAMED --add-opens=java.base/java.net=ALL-UNNAMED --add-opens=java.base/java.util.concurrent=ALL-UNNAMED --add-opens=java.base/java.util.concurrent.atomic=ALL-UNNAMED --add-opens=java.xml/javax.xml.namespace=ALL-UNNAMED --add-opens=java.base/java.time=ALL-UNNAMED --enable-native-access=ALL-UNNAMED -Xmx2048m -Dfile.encoding=UTF-8 -Duser.country=FR -Duser.language=fr -Duser.variant -javaagent:C:\Users\ACER\.gradle\wrapper\dists\gradle-9.3.1-bin\23ovyewtku6u96viwx3xl3oks\gradle-9.3.1\lib\agents\gradle-instrumentation-agent-9.3.1.jar 
java_command: org.gradle.launcher.daemon.bootstrap.GradleDaemon 9.3.1
java_class_path (initial): C:\Users\ACER\.gradle\wrapper\dists\gradle-9.3.1-bin\23ovyewtku6u96viwx3xl3oks\gradle-9.3.1\lib\gradle-daemon-main-9.3.1.jar
Launcher Type: SUN_STANDARD

[Global flags]
     intx CICompilerCount                          = 3                                         {product} {ergonomic}
     uint ConcGCThreads                            = 1                                         {product} {ergonomic}
     uint G1ConcRefinementThreads                  = 4                                         {product} {ergonomic}
   size_t G1HeapRegionSize                         = 1048576                                   {product} {ergonomic}
   size_t InitialHeapSize                          = 134217728                                 {product} {ergonomic}
   size_t MarkStackSize                            = 4194304                                   {product} {ergonomic}
   size_t MarkStackSizeMax                         = 536870912                                 {product} {ergonomic}
   size_t MaxHeapSize                              = 2147483648                                {product} {command line}
   size_t MaxNewSize                               = 1287651328                                {product} {ergonomic}
   size_t MinHeapDeltaBytes                        = 1048576                                   {product} {ergonomic}
   size_t MinHeapSize                              = 8388608                                   {product} {ergonomic}
    uintx NonNMethodCodeHeapSize                   = 5832704                                {pd product} {ergonomic}
    uintx NonProfiledCodeHeapSize                  = 122945536                              {pd product} {ergonomic}
    uintx ProfiledCodeHeapSize                     = 122880000                              {pd product} {ergonomic}
    uintx ReservedCodeCacheSize                    = 251658240                              {pd product} {ergonomic}
     bool SegmentedCodeCache                       = true                                      {product} {ergonomic}
   size_t SoftMaxHeapSize                          = 2147483648                             {manageable} {ergonomic}
     bool UseCompressedOops                        = true                           {product lp64_product} {ergonomic}
     bool UseG1GC                                  = true                                      {product} {ergonomic}
     bool UseLargePagesIndividualAllocation        = false                                  {pd product} {ergonomic}

Logging:
Log output configuration:
 #0: stdout all=warning uptime,level,tags foldmultilines=false
 #1: stderr all=off uptime,level,tags foldmultilines=false

Release file:
IMPLEMENTOR="Eclipse Adoptium" 
IMPLEMENTOR_VERSION="Temurin-25.0.1+8" 
JAVA_RUNTIME_VERSION="25.0.1+8-LTS" 
JAVA_VERSION="25.0.1" 
JAVA_VERSION_DATE="2025-10-21" 
LIBC="default" 
MODULES="java.base java.compiler java.datatransfer java.xml java.prefs java.desktop java.instrument java.logging java.management java.security.sasl java.naming java.rmi java.management.rmi java.net.http java.scripting java.security.jgss java.transaction.xa java.sql java.sql.rowset java.xml.crypto java.se java.smartcardio jdk.accessibility jdk.internal.jvmstat jdk.attach jdk.charsets jdk.internal.opt jdk.zipfs jdk.compiler jdk.crypto.cryptoki jdk.crypto.ec jdk.crypto.mscapi jdk.dynalink jdk.internal.ed jdk.editpad jdk.internal.vm.ci jdk.graal.compiler jdk.graal.compiler.management jdk.hotspot.agent jdk.httpserver jdk.incubator.vector jdk.internal.le jdk.internal.md jdk.jartool jdk.javadoc jdk.jcmd jdk.management jdk.management.agent jdk.jconsole jdk.jdeps jdk.jdwp.agent jdk.jdi jdk.jfr jdk.jlink jdk.jpackage jdk.jshell jdk.jsobject jdk.jstatd jdk.localedata jdk.management.jfr jdk.naming.dns jdk.naming.rmi jdk.net jdk.nio.mapmode jdk.sctp jdk.security.auth jdk.security.jgss jdk.unsupported jdk.unsupported.desktop jdk.xml.dom" 
OS_ARCH="x86_64" 
OS_NAME="Windows" 
SOURCE=".:git:61d6a2c1b35e" 
BUILD_SOURCE="git:839fa0b45d809157cffd3dc8515aad262a4a1776"
BUILD_SOURCE_REPO="https://github.com/adoptium/temurin-build.git"
SOURCE_REPO="https://github.com/adoptium/jdk25u.git"
FULL_VERSION="25.0.1+8-LTS"
SEMANTIC_VERSION="25.0.1+8"
BUILD_INFO="OS: Windows Server 2022 Version: 10.0"
JVM_VARIANT="Hotspot"
JVM_VERSION="25.0.1+8-LTS"
IMAGE_TYPE="JDK"

Environment Variables:
PATH=C:\Program Files\Eclipse Adoptium\jdk-25.0.1.8-hotspot\bin;C:\Windows\system32;C:\Windows;C:\Windows\System32\Wbem;C:\Windows\System32\WindowsPowerShell\v1.0\;C:\Windows\System32\OpenSSH\;C:\MinGW\bin;C:\Program Files\Git\cmd;C:\Program Files\nodejs\;C:\Users\ACER\.local\bin;C:\Users\ACER\AppData\Local\Programs\Python\Python314\Scripts\;C:\Users\ACER\AppData\Local\Programs\Python\Python314\;C:\Users\ACER\AppData\Local\Programs\Python\Launcher\;C:\Users\ACER\AppData\Local\Microsoft\WindowsApps;C:\Users\ACER\AppData\Local\Programs\Microsoft VS Code\bin;C:\MinGW\bin;C:\Users\ACER\AppData\Roaming\npm;C:\Users\ACER\AppData\Local\Programs\DockerDesktop\resources\bin
USERNAME=ACER
OS=Windows_NT
PROCESSOR_IDENTIFIER=Intel64 Family 6 Model 78 Stepping 3, GenuineIntel
TMP=C:\Users\ACER\AppData\Local\Temp
TEMP=C:\Users\ACER\AppData\Local\Temp




Compilation memory statistics disabled.

Periodic native trim disabled

---------------  S Y S T E M  ---------------

OS:
 Windows 11 , 64 bit Build 22621 (10.0.22621.3958)
OS uptime: 5 days 8:37 hours
Hyper-V role detected

CPU: total 4 (initial active 4) (2 cores per cpu, 2 threads per core) family 6 model 78 stepping 3 microcode 0xd6, cx8, cmov, fxsr, ht, mmx, 3dnowpref, sse, sse2, sse3, ssse3, sse4.1, sse4.2, popcnt, lzcnt, tsc, tscinvbit, avx, avx2, aes, erms, clmul, bmi1, bmi2, adx, fma, vzeroupper, clflush, clflushopt, hv, rdtscp, f16c
Processor Information for the first 4 processors :
  Max Mhz: 2401, Current Mhz: 2200, Mhz Limit: 2184

Memory: 4k page, system-wide physical 8097M (448M free)
TotalPageFile size 10097M (AvailPageFile size 9M)
current process WorkingSet (physical memory assigned to process): 308M, peak: 308M
current process commit charge ("private bytes"): 343M, peak: 352M

vm_info: OpenJDK 64-Bit Server VM (25.0.1+8-LTS) for windows-amd64 JRE (25.0.1+8-LTS), built on 2025-10-21T00:00:00Z with unknown MS VC++:1942

END.
